TN:
SF:crates/conjure_core/src/solver/adaptors/sat_common.rs
FN:220,<conjure_core::solver::adaptors::sat_common::CNFModel>::handle_or
FN:325,<&conjure_core::ast::symbol_table::Name as conjure_core::solver::adaptors::sat_common::HasVariable>::has_variable
FN:325,<&conjure_core::ast::symbol_table::Name as conjure_core::solver::adaptors::sat_common::HasVariable>::has_variable
FN:90,<conjure_core::solver::adaptors::sat_common::CNFModel>::get_name
FN:288,<conjure_core::solver::adaptors::sat_common::CNFModel as core::default::Default>::default
FN:207,<conjure_core::solver::adaptors::sat_common::CNFModel>::handle_not
FN:188,<conjure_core::solver::adaptors::sat_common::CNFModel>::get_reference_index
FN:102,<conjure_core::solver::adaptors::sat_common::CNFModel>::add_variable
FN:276,<conjure_core::solver::adaptors::sat_common::CNFModel>::handle_expression
FN:141,<conjure_core::solver::adaptors::sat_common::CNFModel>::as_expression
FN:117,<conjure_core::solver::adaptors::sat_common::CNFModel>::add_clause
FN:253,<conjure_core::solver::adaptors::sat_common::CNFModel>::handle_and
FN:236,<conjure_core::solver::adaptors::sat_common::CNFModel>::handle_flat_expression
FN:102,<conjure_core::solver::adaptors::sat_common::CNFModel>::add_variable
FN:200,<conjure_core::solver::adaptors::sat_common::CNFModel>::handle_reference
FN:85,<conjure_core::solver::adaptors::sat_common::CNFModel>::get_index
FN:85,<conjure_core::solver::adaptors::sat_common::CNFModel>::get_index
FN:110,<conjure_core::solver::adaptors::sat_common::CNFModel>::has_variable::<_>
FN:200,<conjure_core::solver::adaptors::sat_common::CNFModel>::handle_reference
FN:37,<conjure_core::solver::adaptors::sat_common::CNFModel>::from_conjure
FN:154,<conjure_core::solver::adaptors::sat_common::CNFModel>::clause_to_expression
FN:130,<conjure_core::solver::adaptors::sat_common::CNFModel>::add_expression
FN:253,<conjure_core::solver::adaptors::sat_common::CNFModel>::handle_and
FN:207,<conjure_core::solver::adaptors::sat_common::CNFModel>::handle_not
FN:29,<conjure_core::solver::adaptors::sat_common::CNFModel>::new
FN:154,<conjure_core::solver::adaptors::sat_common::CNFModel>::clause_to_expression
FN:74,<conjure_core::solver::adaptors::sat_common::CNFModel>::get_variables
FN:90,<conjure_core::solver::adaptors::sat_common::CNFModel>::get_name
FN:29,<conjure_core::solver::adaptors::sat_common::CNFModel>::new
FN:117,<conjure_core::solver::adaptors::sat_common::CNFModel>::add_clause
FN:288,<conjure_core::solver::adaptors::sat_common::CNFModel as core::default::Default>::default
FN:141,<conjure_core::solver::adaptors::sat_common::CNFModel>::as_expression
FN:110,<conjure_core::solver::adaptors::sat_common::CNFModel>::has_variable::<i32>
FN:276,<conjure_core::solver::adaptors::sat_common::CNFModel>::handle_expression
FN:236,<conjure_core::solver::adaptors::sat_common::CNFModel>::handle_flat_expression
FN:220,<conjure_core::solver::adaptors::sat_common::CNFModel>::handle_or
FN:188,<conjure_core::solver::adaptors::sat_common::CNFModel>::get_reference_index
FN:74,<conjure_core::solver::adaptors::sat_common::CNFModel>::get_variables
FN:319,<i32 as conjure_core::solver::adaptors::sat_common::HasVariable>::has_variable
FN:130,<conjure_core::solver::adaptors::sat_common::CNFModel>::add_expression
FN:319,<i32 as conjure_core::solver::adaptors::sat_common::HasVariable>::has_variable
FN:37,<conjure_core::solver::adaptors::sat_common::CNFModel>::from_conjure
FNDA:0,<conjure_core::solver::adaptors::sat_common::CNFModel>::handle_or
FNDA:0,<&conjure_core::ast::symbol_table::Name as conjure_core::solver::adaptors::sat_common::HasVariable>::has_variable
FNDA:0,<&conjure_core::ast::symbol_table::Name as conjure_core::solver::adaptors::sat_common::HasVariable>::has_variable
FNDA:0,<conjure_core::solver::adaptors::sat_common::CNFModel>::get_name
FNDA:0,<conjure_core::solver::adaptors::sat_common::CNFModel as core::default::Default>::default
FNDA:0,<conjure_core::solver::adaptors::sat_common::CNFModel>::handle_not
FNDA:0,<conjure_core::solver::adaptors::sat_common::CNFModel>::get_reference_index
FNDA:0,<conjure_core::solver::adaptors::sat_common::CNFModel>::add_variable
FNDA:0,<conjure_core::solver::adaptors::sat_common::CNFModel>::handle_expression
FNDA:0,<conjure_core::solver::adaptors::sat_common::CNFModel>::as_expression
FNDA:0,<conjure_core::solver::adaptors::sat_common::CNFModel>::add_clause
FNDA:0,<conjure_core::solver::adaptors::sat_common::CNFModel>::handle_and
FNDA:0,<conjure_core::solver::adaptors::sat_common::CNFModel>::handle_flat_expression
FNDA:0,<conjure_core::solver::adaptors::sat_common::CNFModel>::add_variable
FNDA:0,<conjure_core::solver::adaptors::sat_common::CNFModel>::handle_reference
FNDA:0,<conjure_core::solver::adaptors::sat_common::CNFModel>::get_index
FNDA:0,<conjure_core::solver::adaptors::sat_common::CNFModel>::get_index
FNDA:0,<conjure_core::solver::adaptors::sat_common::CNFModel>::has_variable::<_>
FNDA:0,<conjure_core::solver::adaptors::sat_common::CNFModel>::handle_reference
FNDA:0,<conjure_core::solver::adaptors::sat_common::CNFModel>::from_conjure
FNDA:0,<conjure_core::solver::adaptors::sat_common::CNFModel>::clause_to_expression
FNDA:0,<conjure_core::solver::adaptors::sat_common::CNFModel>::add_expression
FNDA:0,<conjure_core::solver::adaptors::sat_common::CNFModel>::handle_and
FNDA:0,<conjure_core::solver::adaptors::sat_common::CNFModel>::handle_not
FNDA:0,<conjure_core::solver::adaptors::sat_common::CNFModel>::new
FNDA:0,<conjure_core::solver::adaptors::sat_common::CNFModel>::clause_to_expression
FNDA:0,<conjure_core::solver::adaptors::sat_common::CNFModel>::get_variables
FNDA:0,<conjure_core::solver::adaptors::sat_common::CNFModel>::get_name
FNDA:0,<conjure_core::solver::adaptors::sat_common::CNFModel>::new
FNDA:0,<conjure_core::solver::adaptors::sat_common::CNFModel>::add_clause
FNDA:0,<conjure_core::solver::adaptors::sat_common::CNFModel as core::default::Default>::default
FNDA:0,<conjure_core::solver::adaptors::sat_common::CNFModel>::as_expression
FNDA:0,<conjure_core::solver::adaptors::sat_common::CNFModel>::has_variable::<i32>
FNDA:0,<conjure_core::solver::adaptors::sat_common::CNFModel>::handle_expression
FNDA:0,<conjure_core::solver::adaptors::sat_common::CNFModel>::handle_flat_expression
FNDA:0,<conjure_core::solver::adaptors::sat_common::CNFModel>::handle_or
FNDA:0,<conjure_core::solver::adaptors::sat_common::CNFModel>::get_reference_index
FNDA:0,<conjure_core::solver::adaptors::sat_common::CNFModel>::get_variables
FNDA:0,<i32 as conjure_core::solver::adaptors::sat_common::HasVariable>::has_variable
FNDA:0,<conjure_core::solver::adaptors::sat_common::CNFModel>::add_expression
FNDA:0,<i32 as conjure_core::solver::adaptors::sat_common::HasVariable>::has_variable
FNDA:0,<conjure_core::solver::adaptors::sat_common::CNFModel>::from_conjure
FNF:42
FNH:0
BRF:0
BRH:0
DA:29,0
DA:30,0
DA:31,0
DA:32,0
DA:33,0
DA:34,0
DA:35,0
DA:37,0
DA:38,0
DA:40,0
DA:42,0
DA:44,0
DA:46,0
DA:47,0
DA:48,0
DA:49,0
DA:50,0
DA:51,0
DA:52,0
DA:53,0
DA:54,0
DA:55,0
DA:56,0
DA:59,0
DA:60,0
DA:61,0
DA:62,0
DA:63,0
DA:64,0
DA:69,0
DA:70,0
DA:74,0
DA:75,0
DA:77,0
DA:78,0
DA:79,0
DA:81,0
DA:82,0
DA:85,0
DA:86,0
DA:87,0
DA:90,0
DA:91,0
DA:92,0
DA:93,0
DA:94,0
DA:95,0
DA:98,0
DA:99,0
DA:102,0
DA:103,0
DA:104,0
DA:105,0
DA:110,0
DA:111,0
DA:112,0
DA:117,0
DA:118,0
DA:119,0
DA:120,0
DA:121,0
DA:123,0
DA:124,0
DA:125,0
DA:130,0
DA:131,0
DA:132,0
DA:134,0
DA:135,0
DA:141,0
DA:142,0
DA:144,0
DA:145,0
DA:148,0
DA:149,0
DA:154,0
DA:155,0
DA:157,0
DA:158,0
DA:159,0
DA:160,0
DA:161,0
DA:162,0
DA:163,0
DA:164,0
DA:165,0
DA:166,0
DA:167,0
DA:168,0
DA:169,0
DA:170,0
DA:171,0
DA:172,0
DA:173,0
DA:174,0
DA:180,0
DA:181,0
DA:188,0
DA:189,0
DA:190,0
DA:191,0
DA:193,0
DA:200,0
DA:201,0
DA:202,0
DA:207,0
DA:208,0
DA:210,0
DA:211,0
DA:213,0
DA:215,0
DA:220,0
DA:221,0
DA:223,0
DA:224,0
DA:225,0
DA:226,0
DA:227,0
DA:230,0
DA:231,0
DA:236,0
DA:237,0
DA:238,0
DA:239,0
DA:240,0
DA:241,0
DA:242,0
DA:244,0
DA:245,0
DA:246,0
DA:248,0
DA:253,0
DA:254,0
DA:255,0
DA:256,0
DA:257,0
DA:259,0
DA:260,0
DA:261,0
DA:262,0
DA:265,0
DA:270,0
DA:271,0
DA:276,0
DA:277,0
DA:278,0
DA:279,0
DA:280,0
DA:281,0
DA:282,0
DA:284,0
DA:288,0
DA:289,0
DA:290,0
DA:319,0
DA:320,0
DA:321,0
DA:325,0
DA:326,0
DA:327,0
LF:160
LH:0
end_of_record
SF:conjure_oxide/src/find_conjure.rs
FN:25,conjure_oxide::find_conjure::conjure_executable::{closure#0}
FN:25,conjure_oxide::find_conjure::conjure_executable::{closure#0}
FN:9,conjure_oxide::find_conjure::conjure_executable
FN:9,conjure_oxide::find_conjure::conjure_executable
FNDA:0,conjure_oxide::find_conjure::conjure_executable::{closure#0}
FNDA:0,conjure_oxide::find_conjure::conjure_executable::{closure#0}
FNDA:0,conjure_oxide::find_conjure::conjure_executable
FNDA:1,conjure_oxide::find_conjure::conjure_executable
FNF:4
FNH:1
BRF:0
BRH:0
DA:9,6
DA:10,6
DA:11,6
DA:12,6
DA:13,6
DA:15,6
DA:16,0
DA:17,6
DA:18,6
DA:19,6
DA:20,6
DA:21,6
DA:22,6
DA:23,0
DA:24,0
DA:25,0
DA:26,0
DA:27,0
DA:28,0
DA:29,0
DA:30,0
DA:32,0
DA:34,6
DA:35,6
DA:36,6
DA:37,6
DA:38,6
DA:40,6
DA:41,6
DA:42,0
DA:44,0
DA:45,0
DA:46,0
DA:47,0
DA:48,0
DA:49,0
DA:50,0
DA:51,0
DA:53,0
DA:55,6
DA:56,0
DA:57,0
DA:58,0
DA:59,0
DA:60,0
DA:61,6
DA:62,6
DA:63,6
LF:48
LH:23
end_of_record
SF:crates/conjure_core/src/rules/cnf.rs
FN:8,conjure_core::rules::cnf::CONJURE_GEN_RULE_SET_CNF::__typecheck::{closure#0}::{closure#0}
FN:8,conjure_core::rules::cnf::CONJURE_GEN_RULE_SET_CNF::__typecheck::{closure#0}::{closure#0}
FNDA:0,conjure_core::rules::cnf::CONJURE_GEN_RULE_SET_CNF::__typecheck::{closure#0}::{closure#0}
FNDA:0,conjure_core::rules::cnf::CONJURE_GEN_RULE_SET_CNF::__typecheck::{closure#0}::{closure#0}
FNF:2
FNH:0
BRF:0
BRH:0
LF:0
LH:0
end_of_record
SF:crates/conjure_core/src/rule_engine/rewriter_common.rs
FN:49,<conjure_core::rule_engine::rewriter_common::RewriteError as core::convert::From<conjure_core::rule_engine::resolve_rules::ResolveRulesError>>::from
FN:49,<conjure_core::rule_engine::rewriter_common::RewriteError as core::convert::From<conjure_core::rule_engine::resolve_rules::ResolveRulesError>>::from
FN:17,conjure_core::rule_engine::rewriter_common::log_rule_application
FN:17,conjure_core::rule_engine::rewriter_common::log_rule_application
FNDA:0,<conjure_core::rule_engine::rewriter_common::RewriteError as core::convert::From<conjure_core::rule_engine::resolve_rules::ResolveRulesError>>::from
FNDA:0,<conjure_core::rule_engine::rewriter_common::RewriteError as core::convert::From<conjure_core::rule_engine::resolve_rules::ResolveRulesError>>::from
FNDA:1,conjure_core::rule_engine::rewriter_common::log_rule_application
FNDA:0,conjure_core::rule_engine::rewriter_common::log_rule_application
FNF:4
FNH:1
BRF:0
BRH:0
DA:17,23205
DA:18,23205
DA:19,23205
DA:20,23205
DA:21,23205
DA:22,23205
DA:24,0
DA:31,23205
DA:33,6239
DA:39,23205
DA:49,0
DA:50,0
DA:51,0
LF:13
LH:9
end_of_record
SF:crates/tree_morph/src/helpers.rs
FN:13,tree_morph::helpers::select_first::<add_mul::Expr, add_mul::Meta, add_mul::ReductionRule>::{closure#0}
FN:5,tree_morph::helpers::select_first::<_, _, _>
FN:13,tree_morph::helpers::select_first::<_, _, _>::{closure#0}
FN:5,tree_morph::helpers::select_first::<rust_out::Expr, (), rust_out::ReductionRule>
FN:13,tree_morph::helpers::select_first::<rust_out::Expr, (), rust_out::ReductionRule>::{closure#0}
FN:5,tree_morph::helpers::select_first::<add_mul::Expr, add_mul::Meta, add_mul::ReductionRule>
FNDA:1,tree_morph::helpers::select_first::<add_mul::Expr, add_mul::Meta, add_mul::ReductionRule>::{closure#0}
FNDA:0,tree_morph::helpers::select_first::<_, _, _>
FNDA:0,tree_morph::helpers::select_first::<_, _, _>::{closure#0}
FNDA:1,tree_morph::helpers::select_first::<rust_out::Expr, (), rust_out::ReductionRule>
FNDA:1,tree_morph::helpers::select_first::<rust_out::Expr, (), rust_out::ReductionRule>::{closure#0}
FNDA:1,tree_morph::helpers::select_first::<add_mul::Expr, add_mul::Meta, add_mul::ReductionRule>
FNF:6
FNH:4
BRF:0
BRH:0
DA:5,37
DA:6,37
DA:7,37
DA:8,37
DA:9,37
DA:10,37
DA:11,37
DA:12,37
DA:13,37
DA:14,37
LF:10
LH:10
end_of_record
SF:solvers/minion/src/run.rs
FN:675,minion_rs::run::read_2_vars::{closure#0}
FN:623,minion_rs::run::read_list::{closure#1}
FN:619,minion_rs::run::read_list::{closure#0}
FN:33,rust_out::main::_doctest_main_solvers_minion_src_run_rs_32_0
FN:761,minion_rs::run::read_constraint_list
FN:389,minion_rs::run::constraint_add_args
FN:389,minion_rs::run::constraint_add_args
FN:33,rust_out::main
FN:675,minion_rs::run::read_2_vars::{closure#0}
FN:766,minion_rs::run::read_constraint_list::{closure#0}
FN:273,minion_rs::run::convert_model_to_raw::{closure#2}
FN:299,minion_rs::run::get_constraint_type
FN:165,minion_rs::run::run_minion
FN:232,minion_rs::run::convert_model_to_raw::{closure#1}
FN:720,minion_rs::run::read_constant_list
FN:687,minion_rs::run::read_2_vars::{closure#1}
FN:724,minion_rs::run::read_constant_list::{closure#0}
FN:745,minion_rs::run::read_constraint
FN:771,minion_rs::run::read_constraint_list::{closure#1}
FN:667,minion_rs::run::read_2_vars
FN:650,minion_rs::run::read_var::{closure#1}
FN:232,minion_rs::run::convert_model_to_raw::{closure#1}
FN:751,minion_rs::run::read_constraint::{closure#0}
FN:171,minion_rs::run::run_minion::{closure#0}
FN:45,rust_out::main::_doctest_main_solvers_minion_src_run_rs_32_0::callback
FN:299,minion_rs::run::get_constraint_type
FN:614,minion_rs::run::read_list
FN:623,minion_rs::run::read_list::{closure#1}
FN:273,minion_rs::run::convert_model_to_raw::{closure#2}
FN:647,minion_rs::run::read_var::{closure#0}
FN:687,minion_rs::run::read_2_vars::{closure#1}
FN:207,minion_rs::run::convert_model_to_raw
FN:614,minion_rs::run::read_list
FN:745,minion_rs::run::read_constraint
FN:224,minion_rs::run::convert_model_to_raw::{closure#0}
FN:751,minion_rs::run::read_constraint::{closure#0}
FN:766,minion_rs::run::read_constraint_list::{closure#0}
FN:642,minion_rs::run::read_var
FN:224,minion_rs::run::convert_model_to_raw::{closure#0}
FN:642,minion_rs::run::read_var
FN:207,minion_rs::run::convert_model_to_raw
FN:619,minion_rs::run::read_list::{closure#0}
FN:288,minion_rs::run::convert_model_to_raw::{closure#3}
FN:647,minion_rs::run::read_var::{closure#0}
FN:650,minion_rs::run::read_var::{closure#1}
FN:123,run_callback
FN:667,minion_rs::run::read_2_vars
FN:165,minion_rs::run::run_minion
FN:771,minion_rs::run::read_constraint_list::{closure#1}
FN:704,minion_rs::run::read_constant
FN:704,minion_rs::run::read_constant
FN:720,minion_rs::run::read_constant_list
FN:724,minion_rs::run::read_constant_list::{closure#0}
FN:761,minion_rs::run::read_constraint_list
FN:288,minion_rs::run::convert_model_to_raw::{closure#3}
FN:171,minion_rs::run::run_minion::{closure#0}
FNDA:0,minion_rs::run::read_2_vars::{closure#0}
FNDA:0,minion_rs::run::read_list::{closure#1}
FNDA:1,minion_rs::run::read_list::{closure#0}
FNDA:1,rust_out::main::_doctest_main_solvers_minion_src_run_rs_32_0
FNDA:0,minion_rs::run::read_constraint_list
FNDA:1,minion_rs::run::constraint_add_args
FNDA:0,minion_rs::run::constraint_add_args
FNDA:1,rust_out::main
FNDA:0,minion_rs::run::read_2_vars::{closure#0}
FNDA:0,minion_rs::run::read_constraint_list::{closure#0}
FNDA:1,minion_rs::run::convert_model_to_raw::{closure#2}
FNDA:1,minion_rs::run::get_constraint_type
FNDA:0,minion_rs::run::run_minion
FNDA:0,minion_rs::run::convert_model_to_raw::{closure#1}
FNDA:1,minion_rs::run::read_constant_list
FNDA:0,minion_rs::run::read_2_vars::{closure#1}
FNDA:0,minion_rs::run::read_constant_list::{closure#0}
FNDA:0,minion_rs::run::read_constraint
FNDA:0,minion_rs::run::read_constraint_list::{closure#1}
FNDA:0,minion_rs::run::read_2_vars
FNDA:0,minion_rs::run::read_var::{closure#1}
FNDA:0,minion_rs::run::convert_model_to_raw::{closure#1}
FNDA:0,minion_rs::run::read_constraint::{closure#0}
FNDA:0,minion_rs::run::run_minion::{closure#0}
FNDA:1,rust_out::main::_doctest_main_solvers_minion_src_run_rs_32_0::callback
FNDA:0,minion_rs::run::get_constraint_type
FNDA:0,minion_rs::run::read_list
FNDA:0,minion_rs::run::read_list::{closure#1}
FNDA:0,minion_rs::run::convert_model_to_raw::{closure#2}
FNDA:0,minion_rs::run::read_var::{closure#0}
FNDA:0,minion_rs::run::read_2_vars::{closure#1}
FNDA:1,minion_rs::run::convert_model_to_raw
FNDA:1,minion_rs::run::read_list
FNDA:1,minion_rs::run::read_constraint
FNDA:1,minion_rs::run::convert_model_to_raw::{closure#0}
FNDA:1,minion_rs::run::read_constraint::{closure#0}
FNDA:1,minion_rs::run::read_constraint_list::{closure#0}
FNDA:1,minion_rs::run::read_var
FNDA:0,minion_rs::run::convert_model_to_raw::{closure#0}
FNDA:0,minion_rs::run::read_var
FNDA:0,minion_rs::run::convert_model_to_raw
FNDA:0,minion_rs::run::read_list::{closure#0}
FNDA:1,minion_rs::run::convert_model_to_raw::{closure#3}
FNDA:1,minion_rs::run::read_var::{closure#0}
FNDA:0,minion_rs::run::read_var::{closure#1}
FNDA:1,run_callback
FNDA:1,minion_rs::run::read_2_vars
FNDA:1,minion_rs::run::run_minion
FNDA:1,minion_rs::run::read_constraint_list::{closure#1}
FNDA:0,minion_rs::run::read_constant
FNDA:1,minion_rs::run::read_constant
FNDA:0,minion_rs::run::read_constant_list
FNDA:1,minion_rs::run::read_constant_list::{closure#0}
FNDA:1,minion_rs::run::read_constraint_list
FNDA:0,minion_rs::run::convert_model_to_raw::{closure#3}
FNDA:1,minion_rs::run::run_minion::{closure#0}
FNF:56
FNH:25
BRF:0
BRH:0
DA:33,1
DA:45,1
DA:46,1
DA:47,1
DA:48,1
DA:49,1
DA:52,1
DA:53,1
DA:54,1
DA:55,1
DA:56,1
DA:57,1
DA:58,1
DA:59,1
DA:60,1
DA:61,1
DA:62,1
DA:63,1
DA:64,1
DA:65,1
DA:66,1
DA:67,1
DA:68,1
DA:69,1
DA:70,1
DA:71,1
DA:72,1
DA:73,1
DA:74,1
DA:75,1
DA:76,1
DA:77,1
DA:78,1
DA:79,1
DA:80,1
DA:81,1
DA:82,1
DA:83,1
DA:84,1
DA:85,1
DA:86,1
DA:87,1
DA:88,1
DA:89,1
DA:90,1
DA:91,1
DA:92,1
DA:93,1
DA:94,1
DA:95,1
DA:96,1
DA:97,1
DA:98,1
DA:99,1
DA:100,1
DA:101,1
DA:102,1
DA:103,1
DA:104,1
DA:105,1
DA:106,1
DA:107,1
DA:108,1
DA:109,1
DA:123,34503
DA:124,34503
DA:125,34503
DA:126,34503
DA:127,34503
DA:128,34503
DA:129,34503
DA:130,34503
DA:131,34503
DA:132,0
DA:133,34503
DA:135,34503
DA:136,34503
DA:137,0
DA:140,34503
DA:141,21
DA:142,34482
DA:143,34482
DA:144,34482
DA:145,34482
DA:147,158088
DA:148,158088
DA:149,158088
DA:150,158088
DA:151,158088
DA:154,34482
DA:155,0
DA:156,34482
DA:158,34503
DA:165,1554
DA:166,1554
DA:167,1554
DA:168,1554
DA:169,1554
DA:170,1554
DA:171,1554
DA:172,1554
DA:173,1554
DA:174,1554
DA:175,1554
DA:176,1554
DA:177,1554
DA:178,1554
DA:179,1554
DA:180,1554
DA:181,1554
DA:182,1554
DA:184,1554
DA:185,1554
DA:186,1554
DA:187,1554
DA:188,1554
DA:189,1554
DA:190,1554
DA:191,1554
DA:192,1554
DA:193,1554
DA:194,1554
DA:195,1554
DA:196,1554
DA:197,1554
DA:198,1554
DA:199,1554
DA:200,1554
DA:201,1554
DA:202,0
DA:205,1554
DA:207,1554
DA:208,1554
DA:209,1554
DA:210,1554
DA:211,1554
DA:212,1554
DA:213,1554
DA:214,1554
DA:215,1554
DA:216,1554
DA:217,1554
DA:218,1554
DA:219,1554
DA:220,1554
DA:221,1554
DA:222,1554
DA:223,1554
DA:224,1554
DA:225,1554
DA:226,1554
DA:227,1554
DA:228,1554
DA:229,1554
DA:231,4830
DA:232,4830
DA:233,0
DA:234,0
DA:235,0
DA:236,0
DA:237,4830
DA:239,4830
DA:240,4830
DA:241,4830
DA:242,4830
DA:244,4830
DA:245,4368
DA:246,462
DA:247,0
DA:248,0
DA:250,4830
DA:251,4830
DA:252,4830
DA:253,4830
DA:254,4830
DA:255,4830
DA:256,4830
DA:257,4830
DA:258,4830
DA:259,4830
DA:260,4830
DA:261,4830
DA:262,4830
DA:263,4830
DA:264,4830
DA:265,4830
DA:266,4830
DA:267,4830
DA:268,4830
DA:271,1554
DA:272,1554
DA:273,1554
DA:274,1554
DA:275,1554
DA:276,1554
DA:282,5082
DA:287,3528
DA:288,3528
DA:289,3528
DA:290,3528
DA:291,3528
DA:292,3528
DA:293,3528
DA:296,1554
DA:297,1554
DA:299,28707
DA:300,28707
DA:301,6237
DA:302,6300
DA:303,6762
DA:304,651
DA:305,0
DA:306,0
DA:307,441
DA:308,0
DA:309,336
DA:310,0
DA:311,0
DA:312,0
DA:313,0
DA:314,0
DA:315,0
DA:316,0
DA:317,0
DA:318,21
DA:319,0
DA:320,777
DA:321,5397
DA:322,0
DA:323,0
DA:324,0
DA:325,0
DA:326,0
DA:327,0
DA:328,0
DA:329,0
DA:330,0
DA:331,0
DA:332,0
DA:333,0
DA:334,0
DA:335,0
DA:336,0
DA:337,0
DA:338,0
DA:339,0
DA:340,0
DA:341,0
DA:342,0
DA:343,0
DA:344,0
DA:345,0
DA:346,0
DA:347,0
DA:348,0
DA:349,0
DA:350,0
DA:351,0
DA:352,0
DA:353,0
DA:354,0
DA:355,0
DA:356,0
DA:357,0
DA:358,0
DA:360,0
DA:363,0
DA:365,315
DA:366,0
DA:367,0
DA:368,0
DA:369,42
DA:370,0
DA:371,0
DA:372,0
DA:373,777
DA:374,210
DA:375,0
DA:376,0
DA:377,0
DA:378,420
DA:379,21
DA:382,0
DA:383,0
DA:384,0
DA:385,0
DA:387,28707
DA:389,28707
DA:390,28707
DA:391,28707
DA:392,28707
DA:393,28707
DA:394,28707
DA:395,6237
DA:396,6237
DA:397,6237
DA:398,6237
DA:400,6300
DA:401,6300
DA:402,6300
DA:403,6300
DA:405,6762
DA:406,6762
DA:407,6762
DA:408,6762
DA:409,6762
DA:411,651
DA:412,651
DA:413,651
DA:414,651
DA:416,0
DA:417,0
DA:418,0
DA:419,0
DA:421,0
DA:422,0
DA:423,0
DA:424,0
DA:426,441
DA:427,441
DA:428,441
DA:429,441
DA:431,0
DA:432,0
DA:433,0
DA:434,0
DA:436,336
DA:437,336
DA:438,336
DA:439,336
DA:441,0
DA:442,0
DA:443,0
DA:444,0
DA:446,0
DA:447,0
DA:448,0
DA:449,0
DA:451,0
DA:452,0
DA:453,0
DA:454,0
DA:455,0
DA:457,0
DA:458,0
DA:459,0
DA:460,0
DA:461,0
DA:463,0
DA:464,0
DA:465,0
DA:467,0
DA:468,0
DA:469,0
DA:471,0
DA:472,0
DA:473,0
DA:475,0
DA:476,0
DA:477,0
DA:478,0
DA:480,21
DA:481,21
DA:482,21
DA:483,21
DA:485,0
DA:486,0
DA:487,0
DA:488,0
DA:490,777
DA:491,777
DA:492,777
DA:494,5397
DA:495,5397
DA:496,5397
DA:498,0
DA:499,0
DA:500,0
DA:502,0
DA:503,0
DA:504,0
DA:506,0
DA:507,0
DA:508,0
DA:509,0
DA:511,0
DA:512,0
DA:513,0
DA:514,0
DA:516,0
DA:517,0
DA:518,0
DA:519,0
DA:521,0
DA:522,0
DA:523,0
DA:524,0
DA:525,0
DA:527,0
DA:528,0
DA:529,0
DA:530,0
DA:531,0
DA:533,0
DA:534,0
DA:535,0
DA:536,0
DA:537,0
DA:570,315
DA:571,315
DA:572,315
DA:573,315
DA:578,42
DA:579,42
DA:580,42
DA:581,42
DA:586,777
DA:587,777
DA:588,777
DA:589,777
DA:591,210
DA:592,210
DA:593,210
DA:594,210
DA:599,0
DA:600,0
DA:601,0
DA:602,0
DA:605,420
DA:606,21
DA:608,0
DA:610,28707
DA:614,12537
DA:615,12537
DA:616,12537
DA:617,12537
DA:618,12537
DA:619,12537
DA:620,50022
DA:621,37485
DA:622,37401
DA:623,37401
DA:624,0
DA:625,0
DA:626,0
DA:627,0
DA:628,37401
DA:629,37401
DA:631,84
DA:634,37485
DA:637,12537
DA:638,12537
DA:639,12537
DA:640,12537
DA:642,30492
DA:643,30492
DA:644,30492
DA:645,30492
DA:646,30492
DA:647,30492
DA:648,30492
DA:649,16968
DA:650,16968
DA:651,0
DA:652,0
DA:653,0
DA:654,0
DA:655,16968
DA:656,16968
DA:658,13524
DA:661,30492
DA:662,30492
DA:663,30492
DA:664,30492
DA:665,30492
DA:667,777
DA:668,777
DA:669,777
DA:670,777
DA:671,777
DA:672,777
DA:673,777
DA:674,735
DA:675,735
DA:676,0
DA:677,0
DA:678,0
DA:679,0
DA:680,735
DA:681,735
DA:683,42
DA:685,777
DA:686,777
DA:687,777
DA:688,0
DA:689,0
DA:690,0
DA:691,0
DA:692,777
DA:693,777
DA:695,0
DA:700,777
DA:701,777
DA:702,777
DA:704,7077
DA:705,7077
DA:706,7077
DA:707,7077
DA:708,7077
DA:709,7077
DA:710,0
DA:711,0
DA:712,0
DA:713,0
DA:715,7077
DA:716,7077
DA:717,7077
DA:718,7077
DA:720,42
DA:721,42
DA:722,42
DA:723,42
DA:724,42
DA:726,42
DA:727,42
DA:728,0
DA:729,21
DA:730,21
DA:732,0
DA:733,0
DA:735,42
DA:738,42
DA:739,42
DA:740,42
DA:745,21
DA:746,21
DA:747,21
DA:748,21
DA:749,21
DA:750,21
DA:751,21
DA:752,21
DA:753,21
DA:754,21
DA:755,21
DA:757,21
DA:758,21
DA:759,21
DA:761,6174
DA:762,6174
DA:763,6174
DA:764,6174
DA:765,6174
DA:766,6174
DA:767,6174
DA:768,6174
DA:769,25158
DA:770,25158
DA:771,25158
DA:772,25158
DA:773,25158
DA:774,25158
DA:775,25158
DA:776,25158
DA:779,6174
DA:780,6174
DA:781,6174
LF:567
LH:384
end_of_record
SF:crates/conjure_core/src/ast/literals.rs
FN:6,<<conjure_core::ast::literals::Literal as serde::de::Deserialize>::deserialize::__Field as serde::de::Deserialize>::deserialize::<_>
FN:6,<<conjure_core::ast::literals::Literal as serde::de::Deserialize>::deserialize::__Visitor as serde::de::Visitor>::expecting
FN:17,<i32 as core::convert::TryFrom<conjure_core::ast::literals::Literal>>::try_from
FN:48,<conjure_core::ast::literals::Literal as core::fmt::Display>::fmt
FN:27,<bool as core::convert::TryFrom<conjure_core::ast::literals::Literal>>::try_from
FN:6,<<conjure_core::ast::literals::Literal as serde::de::Deserialize>::deserialize::__FieldVisitor as serde::de::Visitor>::expecting
FN:48,<conjure_core::ast::literals::Literal as core::fmt::Display>::fmt
FN:6,<<conjure_core::ast::literals::Literal as serde::de::Deserialize>::deserialize::__Field as serde::de::Deserialize>::deserialize::<_>
FN:6,<<conjure_core::ast::literals::Literal as serde::de::Deserialize>::deserialize::__Visitor as serde::de::Visitor>::visit_enum::<_>
FN:6,<<conjure_core::ast::literals::Literal as serde::de::Deserialize>::deserialize::__Visitor as serde::de::Visitor>::expecting
FN:6,<<conjure_core::ast::literals::Literal as serde::de::Deserialize>::deserialize::__Field as serde::de::Deserialize>::deserialize::<&mut serde_json::de::Deserializer<serde_json::read::StrRead>>
FN:42,<conjure_core::ast::literals::Literal as core::convert::From<bool>>::from
FN:36,<conjure_core::ast::literals::Literal as core::convert::From<i32>>::from
FN:36,<conjure_core::ast::literals::Literal as core::convert::From<i32>>::from
FN:42,<conjure_core::ast::literals::Literal as core::convert::From<bool>>::from
FN:27,<bool as core::convert::TryFrom<conjure_core::ast::literals::Literal>>::try_from
FN:6,<<conjure_core::ast::literals::Literal as serde::de::Deserialize>::deserialize::__FieldVisitor as serde::de::Visitor>::expecting
FN:6,<<conjure_core::ast::literals::Literal as serde::de::Deserialize>::deserialize::__Visitor as serde::de::Visitor>::visit_enum::<serde_json::de::UnitVariantAccess<serde_json::read::StrRead>>
FN:6,<<conjure_core::ast::literals::Literal as serde::de::Deserialize>::deserialize::__Visitor as serde::de::Visitor>::visit_enum::<serde_json::de::VariantAccess<serde_json::read::StrRead>>
FN:17,<i32 as core::convert::TryFrom<conjure_core::ast::literals::Literal>>::try_from
FN:6,<<conjure_core::ast::literals::Literal as serde::de::Deserialize>::deserialize::__Visitor as serde::de::Visitor>::visit_enum::<_>
FNDA:0,<<conjure_core::ast::literals::Literal as serde::de::Deserialize>::deserialize::__Field as serde::de::Deserialize>::deserialize::<_>
FNDA:0,<<conjure_core::ast::literals::Literal as serde::de::Deserialize>::deserialize::__Visitor as serde::de::Visitor>::expecting
FNDA:1,<i32 as core::convert::TryFrom<conjure_core::ast::literals::Literal>>::try_from
FNDA:1,<conjure_core::ast::literals::Literal as core::fmt::Display>::fmt
FNDA:0,<bool as core::convert::TryFrom<conjure_core::ast::literals::Literal>>::try_from
FNDA:0,<<conjure_core::ast::literals::Literal as serde::de::Deserialize>::deserialize::__FieldVisitor as serde::de::Visitor>::expecting
FNDA:0,<conjure_core::ast::literals::Literal as core::fmt::Display>::fmt
FNDA:0,<<conjure_core::ast::literals::Literal as serde::de::Deserialize>::deserialize::__Field as serde::de::Deserialize>::deserialize::<_>
FNDA:0,<<conjure_core::ast::literals::Literal as serde::de::Deserialize>::deserialize::__Visitor as serde::de::Visitor>::visit_enum::<_>
FNDA:0,<<conjure_core::ast::literals::Literal as serde::de::Deserialize>::deserialize::__Visitor as serde::de::Visitor>::expecting
FNDA:1,<<conjure_core::ast::literals::Literal as serde::de::Deserialize>::deserialize::__Field as serde::de::Deserialize>::deserialize::<&mut serde_json::de::Deserializer<serde_json::read::StrRead>>
FNDA:0,<conjure_core::ast::literals::Literal as core::convert::From<bool>>::from
FNDA:0,<conjure_core::ast::literals::Literal as core::convert::From<i32>>::from
FNDA:0,<conjure_core::ast::literals::Literal as core::convert::From<i32>>::from
FNDA:0,<conjure_core::ast::literals::Literal as core::convert::From<bool>>::from
FNDA:1,<bool as core::convert::TryFrom<conjure_core::ast::literals::Literal>>::try_from
FNDA:0,<<conjure_core::ast::literals::Literal as serde::de::Deserialize>::deserialize::__FieldVisitor as serde::de::Visitor>::expecting
FNDA:0,<<conjure_core::ast::literals::Literal as serde::de::Deserialize>::deserialize::__Visitor as serde::de::Visitor>::visit_enum::<serde_json::de::UnitVariantAccess<serde_json::read::StrRead>>
FNDA:0,<<conjure_core::ast::literals::Literal as serde::de::Deserialize>::deserialize::__Visitor as serde::de::Visitor>::visit_enum::<serde_json::de::VariantAccess<serde_json::read::StrRead>>
FNDA:1,<i32 as core::convert::TryFrom<conjure_core::ast::literals::Literal>>::try_from
FNDA:0,<<conjure_core::ast::literals::Literal as serde::de::Deserialize>::deserialize::__Visitor as serde::de::Visitor>::visit_enum::<_>
FNF:21
FNH:5
BRF:0
BRH:0
DA:6,1800
DA:17,3130
DA:18,3130
DA:19,3079
DA:20,51
DA:22,3130
DA:27,476
DA:28,476
DA:29,187
DA:30,289
DA:32,476
DA:36,0
DA:37,0
DA:38,0
DA:42,0
DA:43,0
DA:44,0
DA:48,12308
DA:49,12308
DA:50,11849
DA:51,459
DA:53,12308
LF:22
LH:16
end_of_record
SF:crates/conjure_core/src/rules/base.rs
FN:26,conjure_core::rules::base::remove_empty_expression
FN:54,rust_out::main
FN:13,conjure_core::rules::base::CONJURE_GEN_RULE_SET_BASE::__typecheck::{closure#0}::{closure#0}
FN:54,rust_out::main::_doctest_main_crates_conjure_core_src_rules_base_rs_54_0
FN:57,conjure_core::rules::base::CONJURE_GEN_RULE_MIN_TO_VAR::__typecheck::{closure#0}::{closure#0}
FN:102,conjure_core::rules::base::max_to_var
FN:101,conjure_core::rules::base::CONJURE_GEN_RULE_MAX_TO_VAR::__typecheck::{closure#0}::{closure#0}
FN:57,conjure_core::rules::base::CONJURE_GEN_RULE_MIN_TO_VAR::__typecheck::{closure#0}::{closure#0}
FN:98,rust_out::main::_doctest_main_crates_conjure_core_src_rules_base_rs_98_0
FN:13,conjure_core::rules::base::CONJURE_GEN_RULE_SET_BASE::__typecheck::{closure#0}::{closure#0}
FN:58,conjure_core::rules::base::min_to_var
FN:26,conjure_core::rules::base::remove_empty_expression
FN:102,conjure_core::rules::base::max_to_var
FN:58,conjure_core::rules::base::min_to_var
FN:25,conjure_core::rules::base::CONJURE_GEN_RULE_REMOVE_EMPTY_EXPRESSION::__typecheck::{closure#0}::{closure#0}
FN:25,conjure_core::rules::base::CONJURE_GEN_RULE_REMOVE_EMPTY_EXPRESSION::__typecheck::{closure#0}::{closure#0}
FN:101,conjure_core::rules::base::CONJURE_GEN_RULE_MAX_TO_VAR::__typecheck::{closure#0}::{closure#0}
FNDA:0,conjure_core::rules::base::remove_empty_expression
FNDA:1,rust_out::main
FNDA:0,conjure_core::rules::base::CONJURE_GEN_RULE_SET_BASE::__typecheck::{closure#0}::{closure#0}
FNDA:1,rust_out::main::_doctest_main_crates_conjure_core_src_rules_base_rs_54_0
FNDA:0,conjure_core::rules::base::CONJURE_GEN_RULE_MIN_TO_VAR::__typecheck::{closure#0}::{closure#0}
FNDA:0,conjure_core::rules::base::max_to_var
FNDA:0,conjure_core::rules::base::CONJURE_GEN_RULE_MAX_TO_VAR::__typecheck::{closure#0}::{closure#0}
FNDA:0,conjure_core::rules::base::CONJURE_GEN_RULE_MIN_TO_VAR::__typecheck::{closure#0}::{closure#0}
FNDA:1,rust_out::main::_doctest_main_crates_conjure_core_src_rules_base_rs_98_0
FNDA:0,conjure_core::rules::base::CONJURE_GEN_RULE_SET_BASE::__typecheck::{closure#0}::{closure#0}
FNDA:0,conjure_core::rules::base::min_to_var
FNDA:1,conjure_core::rules::base::remove_empty_expression
FNDA:1,conjure_core::rules::base::max_to_var
FNDA:1,conjure_core::rules::base::min_to_var
FNDA:0,conjure_core::rules::base::CONJURE_GEN_RULE_REMOVE_EMPTY_EXPRESSION::__typecheck::{closure#0}::{closure#0}
FNDA:0,conjure_core::rules::base::CONJURE_GEN_RULE_REMOVE_EMPTY_EXPRESSION::__typecheck::{closure#0}::{closure#0}
FNDA:0,conjure_core::rules::base::CONJURE_GEN_RULE_MAX_TO_VAR::__typecheck::{closure#0}::{closure#0}
FNF:17
FNH:6
BRF:0
BRH:0
DA:26,8267151
DA:28,2103393
DA:29,8267151
DA:36,6163758
DA:37,2103393
DA:38,2103393
DA:39,2103393
DA:40,2103376
DA:41,17
DA:43,17
DA:44,17
DA:45,0
DA:48,17
DA:49,8267151
DA:54,1
DA:55,1
DA:56,1
DA:58,8219279
DA:59,8219279
DA:60,102
DA:61,102
DA:62,102
DA:63,102
DA:64,102
DA:65,306
DA:66,204
DA:67,204
DA:68,204
DA:69,204
DA:70,204
DA:71,204
DA:72,204
DA:73,204
DA:74,204
DA:75,204
DA:76,204
DA:77,102
DA:78,102
DA:79,102
DA:80,102
DA:81,102
DA:82,102
DA:83,102
DA:84,102
DA:85,102
DA:86,102
DA:87,102
DA:88,102
DA:89,102
DA:91,8219177
DA:93,8219279
DA:98,1
DA:99,1
DA:100,1
DA:102,8217783
DA:103,8217783
DA:104,68
DA:105,68
DA:106,68
DA:107,68
DA:108,68
DA:109,204
DA:110,136
DA:111,136
DA:112,136
DA:113,136
DA:114,136
DA:115,136
DA:116,136
DA:117,136
DA:118,136
DA:119,136
DA:120,136
DA:121,68
DA:122,68
DA:123,68
DA:124,68
DA:125,68
DA:126,68
DA:127,68
DA:128,68
DA:129,68
DA:130,68
DA:131,68
DA:132,68
DA:133,68
DA:135,8217715
DA:137,8217783
LF:88
LH:87
end_of_record
SF:crates/conjure_core/src/solver/mod.rs
FN:136,<<conjure_core::solver::SolverFamily as serde::de::Deserialize>::deserialize::__Visitor as serde::de::Visitor>::expecting
FN:136,<<conjure_core::solver::SolverFamily as serde::de::Deserialize>::deserialize::__Field as serde::de::Deserialize>::deserialize::<_>
FN:25,rust_out::main
FN:136,<<conjure_core::solver::SolverFamily as serde::de::Deserialize>::deserialize::__Visitor as serde::de::Visitor>::expecting
FN:275,<conjure_core::solver::Solver<_>>::get_family
FN:25,rust_out::main::_doctest_main_crates_conjure_core_src_solver_mod_rs_24_0
FN:223,<conjure_core::solver::adaptors::minion::Minion as conjure_core::solver::SolverAdaptor>::init_solver
FN:360,<conjure_core::solver::Solver<_, conjure_core::solver::states::ExecutionSuccess>>::stats
FN:127,<conjure_core::solver::SolverFamily as core::convert::TryFrom<&str>>::try_from
FN:229,<_ as conjure_core::solver::SolverAdaptor>::get_name
FN:377,<conjure_core::solver::Solver<_, conjure_core::solver::states::ExecutionSuccess>>::wall_time_s
FN:360,<conjure_core::solver::Solver<_, conjure_core::solver::states::ExecutionSuccess>>::stats
FN:325,<conjure_core::solver::Solver<_, conjure_core::solver::states::ModelLoaded>>::solve_mut
FN:128,<conjure_core::solver::SolverFamilyIter as core::fmt::Debug>::fmt
FN:136,<<conjure_core::solver::SolverFamily as serde::de::Deserialize>::deserialize::__FieldVisitor as serde::de::Visitor>::expecting
FN:128,<conjure_core::solver::SolverFamilyIter as core::iter::traits::exact_size::ExactSizeIterator>::len
FN:365,<conjure_core::solver::Solver<_, conjure_core::solver::states::ExecutionSuccess>>::save_stats_to_context
FN:128,<conjure_core::solver::SolverFamilyIter as core::iter::traits::exact_size::ExactSizeIterator>::len
FN:264,<conjure_core::solver::Solver<_>>::new
FN:128,<conjure_core::solver::SolverFamilyIter as core::clone::Clone>::clone
FN:264,<conjure_core::solver::Solver<_>>::new
FN:292,<conjure_core::solver::Solver<conjure_core::solver::adaptors::minion::Minion, conjure_core::solver::states::ModelLoaded>>::solve
FN:128,<conjure_core::solver::SolverFamilyIter as core::iter::traits::iterator::Iterator>::next
FN:360,<conjure_core::solver::Solver<conjure_core::solver::adaptors::minion::Minion, conjure_core::solver::states::ExecutionSuccess>>::stats
FN:128,<conjure_core::solver::SolverFamilyIter as core::clone::Clone>::clone
FN:264,<conjure_core::solver::Solver<conjure_core::solver::adaptors::minion::Minion>>::new
FN:281,<conjure_core::solver::Solver<_>>::load_model
FN:59,rust_out::main::_doctest_main_crates_conjure_core_src_solver_mod_rs_24_0::{closure#0}
FN:281,<conjure_core::solver::Solver<conjure_core::solver::adaptors::minion::Minion>>::load_model
FN:281,<conjure_core::solver::Solver<_>>::load_model
FN:136,<<conjure_core::solver::SolverFamily as serde::de::Deserialize>::deserialize::__Field as serde::de::Deserialize>::deserialize::<_>
FN:234,<_ as conjure_core::solver::SolverAdaptor>::add_adaptor_info_to_stats
FN:377,<conjure_core::solver::Solver<_, conjure_core::solver::states::ExecutionSuccess>>::wall_time_s
FN:223,<_ as conjure_core::solver::SolverAdaptor>::init_solver
FN:234,<_ as conjure_core::solver::SolverAdaptor>::add_adaptor_info_to_stats
FN:127,<conjure_core::solver::SolverFamily as core::convert::TryFrom<&str>>::try_from
FN:275,<conjure_core::solver::Solver<_>>::get_family
FN:292,<conjure_core::solver::Solver<_, conjure_core::solver::states::ModelLoaded>>::solve
FN:128,<conjure_core::solver::SolverFamily as strum::IntoEnumIterator>::iter
FN:234,<conjure_core::solver::adaptors::minion::Minion as conjure_core::solver::SolverAdaptor>::add_adaptor_info_to_stats
FN:365,<conjure_core::solver::Solver<conjure_core::solver::adaptors::minion::Minion, conjure_core::solver::states::ExecutionSuccess>>::save_stats_to_context
FN:292,<conjure_core::solver::Solver<conjure_core::solver::adaptors::minion::Minion, conjure_core::solver::states::ModelLoaded>>::solve
FN:136,<<conjure_core::solver::SolverFamily as serde::de::Deserialize>::deserialize::__FieldVisitor as serde::de::Visitor>::expecting
FN:365,<conjure_core::solver::Solver<_, conjure_core::solver::states::ExecutionSuccess>>::save_stats_to_context
FN:223,<conjure_core::solver::adaptors::minion::Minion as conjure_core::solver::SolverAdaptor>::init_solver
FN:234,<conjure_core::solver::adaptors::minion::Minion as conjure_core::solver::SolverAdaptor>::add_adaptor_info_to_stats
FN:264,<conjure_core::solver::Solver<conjure_core::solver::adaptors::minion::Minion>>::new
FN:325,<conjure_core::solver::Solver<_, conjure_core::solver::states::ModelLoaded>>::solve_mut
FN:136,<<conjure_core::solver::SolverFamily as serde::de::Deserialize>::deserialize::__Visitor as serde::de::Visitor>::visit_enum::<_>
FN:223,<_ as conjure_core::solver::SolverAdaptor>::init_solver
FN:281,<conjure_core::solver::Solver<conjure_core::solver::adaptors::minion::Minion>>::load_model
FN:292,<conjure_core::solver::Solver<_, conjure_core::solver::states::ModelLoaded>>::solve
FN:128,<conjure_core::solver::SolverFamily as strum::IntoEnumIterator>::iter
FN:128,<conjure_core::solver::SolverFamilyIter as core::iter::traits::iterator::Iterator>::next
FN:229,<_ as conjure_core::solver::SolverAdaptor>::get_name
FN:128,<conjure_core::solver::SolverFamilyIter as core::fmt::Debug>::fmt
FN:136,<<conjure_core::solver::SolverFamily as serde::de::Deserialize>::deserialize::__Visitor as serde::de::Visitor>::visit_enum::<_>
FNDA:0,<<conjure_core::solver::SolverFamily as serde::de::Deserialize>::deserialize::__Visitor as serde::de::Visitor>::expecting
FNDA:0,<<conjure_core::solver::SolverFamily as serde::de::Deserialize>::deserialize::__Field as serde::de::Deserialize>::deserialize::<_>
FNDA:1,rust_out::main
FNDA:0,<<conjure_core::solver::SolverFamily as serde::de::Deserialize>::deserialize::__Visitor as serde::de::Visitor>::expecting
FNDA:0,<conjure_core::solver::Solver<_>>::get_family
FNDA:1,rust_out::main::_doctest_main_crates_conjure_core_src_solver_mod_rs_24_0
FNDA:1,<conjure_core::solver::adaptors::minion::Minion as conjure_core::solver::SolverAdaptor>::init_solver
FNDA:0,<conjure_core::solver::Solver<_, conjure_core::solver::states::ExecutionSuccess>>::stats
FNDA:0,<conjure_core::solver::SolverFamily as core::convert::TryFrom<&str>>::try_from
FNDA:0,<_ as conjure_core::solver::SolverAdaptor>::get_name
FNDA:0,<conjure_core::solver::Solver<_, conjure_core::solver::states::ExecutionSuccess>>::wall_time_s
FNDA:0,<conjure_core::solver::Solver<_, conjure_core::solver::states::ExecutionSuccess>>::stats
FNDA:0,<conjure_core::solver::Solver<_, conjure_core::solver::states::ModelLoaded>>::solve_mut
FNDA:0,<conjure_core::solver::SolverFamilyIter as core::fmt::Debug>::fmt
FNDA:0,<<conjure_core::solver::SolverFamily as serde::de::Deserialize>::deserialize::__FieldVisitor as serde::de::Visitor>::expecting
FNDA:0,<conjure_core::solver::SolverFamilyIter as core::iter::traits::exact_size::ExactSizeIterator>::len
FNDA:0,<conjure_core::solver::Solver<_, conjure_core::solver::states::ExecutionSuccess>>::save_stats_to_context
FNDA:0,<conjure_core::solver::SolverFamilyIter as core::iter::traits::exact_size::ExactSizeIterator>::len
FNDA:0,<conjure_core::solver::Solver<_>>::new
FNDA:0,<conjure_core::solver::SolverFamilyIter as core::clone::Clone>::clone
FNDA:0,<conjure_core::solver::Solver<_>>::new
FNDA:1,<conjure_core::solver::Solver<conjure_core::solver::adaptors::minion::Minion, conjure_core::solver::states::ModelLoaded>>::solve
FNDA:0,<conjure_core::solver::SolverFamilyIter as core::iter::traits::iterator::Iterator>::next
FNDA:1,<conjure_core::solver::Solver<conjure_core::solver::adaptors::minion::Minion, conjure_core::solver::states::ExecutionSuccess>>::stats
FNDA:0,<conjure_core::solver::SolverFamilyIter as core::clone::Clone>::clone
FNDA:1,<conjure_core::solver::Solver<conjure_core::solver::adaptors::minion::Minion>>::new
FNDA:0,<conjure_core::solver::Solver<_>>::load_model
FNDA:1,rust_out::main::_doctest_main_crates_conjure_core_src_solver_mod_rs_24_0::{closure#0}
FNDA:1,<conjure_core::solver::Solver<conjure_core::solver::adaptors::minion::Minion>>::load_model
FNDA:0,<conjure_core::solver::Solver<_>>::load_model
FNDA:0,<<conjure_core::solver::SolverFamily as serde::de::Deserialize>::deserialize::__Field as serde::de::Deserialize>::deserialize::<_>
FNDA:0,<_ as conjure_core::solver::SolverAdaptor>::add_adaptor_info_to_stats
FNDA:0,<conjure_core::solver::Solver<_, conjure_core::solver::states::ExecutionSuccess>>::wall_time_s
FNDA:0,<_ as conjure_core::solver::SolverAdaptor>::init_solver
FNDA:0,<_ as conjure_core::solver::SolverAdaptor>::add_adaptor_info_to_stats
FNDA:0,<conjure_core::solver::SolverFamily as core::convert::TryFrom<&str>>::try_from
FNDA:0,<conjure_core::solver::Solver<_>>::get_family
FNDA:0,<conjure_core::solver::Solver<_, conjure_core::solver::states::ModelLoaded>>::solve
FNDA:0,<conjure_core::solver::SolverFamily as strum::IntoEnumIterator>::iter
FNDA:1,<conjure_core::solver::adaptors::minion::Minion as conjure_core::solver::SolverAdaptor>::add_adaptor_info_to_stats
FNDA:1,<conjure_core::solver::Solver<conjure_core::solver::adaptors::minion::Minion, conjure_core::solver::states::ExecutionSuccess>>::save_stats_to_context
FNDA:1,<conjure_core::solver::Solver<conjure_core::solver::adaptors::minion::Minion, conjure_core::solver::states::ModelLoaded>>::solve
FNDA:0,<<conjure_core::solver::SolverFamily as serde::de::Deserialize>::deserialize::__FieldVisitor as serde::de::Visitor>::expecting
FNDA:0,<conjure_core::solver::Solver<_, conjure_core::solver::states::ExecutionSuccess>>::save_stats_to_context
FNDA:1,<conjure_core::solver::adaptors::minion::Minion as conjure_core::solver::SolverAdaptor>::init_solver
FNDA:1,<conjure_core::solver::adaptors::minion::Minion as conjure_core::solver::SolverAdaptor>::add_adaptor_info_to_stats
FNDA:1,<conjure_core::solver::Solver<conjure_core::solver::adaptors::minion::Minion>>::new
FNDA:0,<conjure_core::solver::Solver<_, conjure_core::solver::states::ModelLoaded>>::solve_mut
FNDA:0,<<conjure_core::solver::SolverFamily as serde::de::Deserialize>::deserialize::__Visitor as serde::de::Visitor>::visit_enum::<_>
FNDA:0,<_ as conjure_core::solver::SolverAdaptor>::init_solver
FNDA:1,<conjure_core::solver::Solver<conjure_core::solver::adaptors::minion::Minion>>::load_model
FNDA:0,<conjure_core::solver::Solver<_, conjure_core::solver::states::ModelLoaded>>::solve
FNDA:0,<conjure_core::solver::SolverFamily as strum::IntoEnumIterator>::iter
FNDA:0,<conjure_core::solver::SolverFamilyIter as core::iter::traits::iterator::Iterator>::next
FNDA:0,<_ as conjure_core::solver::SolverAdaptor>::get_name
FNDA:0,<conjure_core::solver::SolverFamilyIter as core::fmt::Debug>::fmt
FNDA:0,<<conjure_core::solver::SolverFamily as serde::de::Deserialize>::deserialize::__Visitor as serde::de::Visitor>::visit_enum::<_>
FNF:57
FNH:15
BRF:0
BRH:0
DA:25,1
DA:35,1
DA:36,1
DA:37,1
DA:38,1
DA:39,1
DA:40,1
DA:41,1
DA:42,1
DA:43,1
DA:44,1
DA:45,1
DA:46,1
DA:47,1
DA:48,1
DA:49,1
DA:50,1
DA:51,1
DA:52,1
DA:53,1
DA:54,1
DA:55,1
DA:56,1
DA:57,1
DA:58,1
DA:59,2
DA:60,2
DA:61,2
DA:62,2
DA:63,2
DA:64,1
DA:65,1
DA:66,1
DA:67,1
DA:127,0
DA:128,0
DA:136,0
DA:223,421
DA:229,0
DA:230,0
DA:231,0
DA:234,421
DA:235,421
DA:236,421
DA:237,421
DA:238,421
DA:239,421
DA:240,421
DA:264,421
DA:265,421
DA:266,421
DA:267,421
DA:268,421
DA:269,421
DA:270,421
DA:271,421
DA:272,421
DA:273,421
DA:275,0
DA:276,0
DA:277,0
DA:281,421
DA:282,421
DA:283,421
DA:284,421
DA:285,421
DA:286,421
DA:287,421
DA:288,421
DA:292,421
DA:293,421
DA:294,421
DA:295,421
DA:296,421
DA:297,421
DA:298,421
DA:299,421
DA:300,421
DA:301,421
DA:302,421
DA:303,421
DA:304,421
DA:305,421
DA:306,421
DA:307,421
DA:308,421
DA:309,421
DA:310,421
DA:311,421
DA:312,421
DA:313,421
DA:314,421
DA:315,421
DA:316,421
DA:317,421
DA:318,421
DA:319,421
DA:321,0
DA:323,421
DA:325,0
DA:326,0
DA:327,0
DA:328,0
DA:329,0
DA:330,0
DA:331,0
DA:332,0
DA:333,0
DA:334,0
DA:335,0
DA:336,0
DA:337,0
DA:338,0
DA:339,0
DA:340,0
DA:341,0
DA:342,0
DA:343,0
DA:344,0
DA:345,0
DA:346,0
DA:347,0
DA:348,0
DA:349,0
DA:350,0
DA:351,0
DA:352,0
DA:354,0
DA:356,0
DA:360,360
DA:361,360
DA:362,360
DA:365,360
DA:366,360
DA:367,360
DA:368,360
DA:369,360
DA:370,360
DA:371,360
DA:372,360
DA:373,360
DA:374,360
DA:375,360
DA:377,0
DA:378,0
DA:379,0
LF:146
LH:103
end_of_record
SF:crates/conjure_core/src/rules/normalisers/eq_neq.rs
FN:17,conjure_core::rules::normalisers::eq_neq::CONJURE_GEN_RULE_NEGATED_NEQ_TO_EQ::__typecheck::{closure#0}::{closure#0}
FN:18,conjure_core::rules::normalisers::eq_neq::negated_neq_to_eq
FN:36,conjure_core::rules::normalisers::eq_neq::negated_eq_to_neq
FN:18,conjure_core::rules::normalisers::eq_neq::negated_neq_to_eq
FN:36,conjure_core::rules::normalisers::eq_neq::negated_eq_to_neq
FN:35,conjure_core::rules::normalisers::eq_neq::CONJURE_GEN_RULE_NEGATED_EQ_TO_NEQ::__typecheck::{closure#0}::{closure#0}
FN:35,conjure_core::rules::normalisers::eq_neq::CONJURE_GEN_RULE_NEGATED_EQ_TO_NEQ::__typecheck::{closure#0}::{closure#0}
FN:17,conjure_core::rules::normalisers::eq_neq::CONJURE_GEN_RULE_NEGATED_NEQ_TO_EQ::__typecheck::{closure#0}::{closure#0}
FNDA:0,conjure_core::rules::normalisers::eq_neq::CONJURE_GEN_RULE_NEGATED_NEQ_TO_EQ::__typecheck::{closure#0}::{closure#0}
FNDA:1,conjure_core::rules::normalisers::eq_neq::negated_neq_to_eq
FNDA:0,conjure_core::rules::normalisers::eq_neq::negated_eq_to_neq
FNDA:0,conjure_core::rules::normalisers::eq_neq::negated_neq_to_eq
FNDA:1,conjure_core::rules::normalisers::eq_neq::negated_eq_to_neq
FNDA:0,conjure_core::rules::normalisers::eq_neq::CONJURE_GEN_RULE_NEGATED_EQ_TO_NEQ::__typecheck::{closure#0}::{closure#0}
FNDA:0,conjure_core::rules::normalisers::eq_neq::CONJURE_GEN_RULE_NEGATED_EQ_TO_NEQ::__typecheck::{closure#0}::{closure#0}
FNDA:0,conjure_core::rules::normalisers::eq_neq::CONJURE_GEN_RULE_NEGATED_NEQ_TO_EQ::__typecheck::{closure#0}::{closure#0}
FNF:8
FNH:2
BRF:0
BRH:0
DA:18,8267151
DA:19,8267151
DA:20,1088
DA:21,136
DA:22,136
DA:24,952
DA:26,8266063
DA:28,8267151
DA:36,8267151
DA:37,8267151
DA:38,1088
DA:39,340
DA:40,170
DA:42,918
DA:44,8266063
DA:46,8267151
LF:16
LH:16
end_of_record
SF:conjure_oxide/src/main.rs
FN:61,<conjure_oxide::Cli as clap_builder::derive::FromArgMatches>::update_from_arg_matches_mut::{closure#2}
FN:44,<conjure_oxide::Cli as clap_builder::derive::FromArgMatches>::update_from_arg_matches_mut::{closure#1}
FN:83,<conjure_oxide::Cli as clap_builder::derive::FromArgMatches>::from_arg_matches_mut::{closure#4}
FN:68,<conjure_oxide::Cli as clap_builder::derive::FromArgMatches>::from_arg_matches_mut::{closure#3}
FN:88,<conjure_oxide::Cli as clap_builder::derive::FromArgMatches>::update_from_arg_matches_mut::{closure#5}
FN:61,<conjure_oxide::Cli as clap_builder::derive::FromArgMatches>::from_arg_matches_mut::{closure#2}
FN:37,<conjure_oxide::Cli as clap_builder::derive::FromArgMatches>::update_from_arg_matches_mut::{closure#0}
FN:65,<conjure_oxide::Cli as clap_builder::derive::Args>::augment_args::{closure#1}
FN:198,conjure_oxide::main::{closure#0}
FN:57,<conjure_oxide::Cli as clap_builder::derive::Args>::augment_args_for_update::{closure#0}
FN:37,<conjure_oxide::Cli as clap_builder::derive::FromArgMatches>::from_arg_matches_mut::{closure#0}
FN:83,<conjure_oxide::Cli as clap_builder::derive::FromArgMatches>::update_from_arg_matches_mut::{closure#4}
FN:44,<conjure_oxide::Cli as clap_builder::derive::FromArgMatches>::from_arg_matches_mut::{closure#1}
FN:68,<conjure_oxide::Cli as clap_builder::derive::FromArgMatches>::update_from_arg_matches_mut::{closure#3}
FN:68,<conjure_oxide::Cli as clap_builder::derive::FromArgMatches>::update_from_arg_matches_mut::{closure#3}
FN:229,conjure_oxide::main::{closure#1}
FN:329,conjure_oxide::tests::test_get_example_model_fail_empty_filepath
FN:65,<conjure_oxide::Cli as clap_builder::derive::Args>::augment_args::{closure#1}
FN:81,<conjure_oxide::Cli as clap_builder::derive::Args>::augment_args::{closure#2}
FN:323,conjure_oxide::tests::test_get_example_model_fail_empty_filename
FN:92,conjure_oxide::main
FN:65,<conjure_oxide::Cli as clap_builder::derive::Args>::augment_args_for_update::{closure#1}
FN:215,conjure_oxide::main::{closure#2}
FN:88,<conjure_oxide::Cli as clap_builder::derive::FromArgMatches>::from_arg_matches_mut::{closure#5}
FN:198,conjure_oxide::main::{closure#0}
FN:88,<conjure_oxide::Cli as clap_builder::derive::FromArgMatches>::from_arg_matches_mut::{closure#5}
FN:37,<conjure_oxide::Cli as clap_builder::derive::FromArgMatches>::from_arg_matches_mut::{closure#0}
FN:311,conjure_oxide::tests::test_get_example_model_success
FN:83,<conjure_oxide::Cli as clap_builder::derive::FromArgMatches>::from_arg_matches_mut::{closure#4}
FN:83,<conjure_oxide::Cli as clap_builder::derive::FromArgMatches>::update_from_arg_matches_mut::{closure#4}
FN:92,conjure_oxide::main
FN:88,<conjure_oxide::Cli as clap_builder::derive::FromArgMatches>::update_from_arg_matches_mut::{closure#5}
FN:37,<conjure_oxide::Cli as clap_builder::derive::FromArgMatches>::update_from_arg_matches_mut::{closure#0}
FN:65,<conjure_oxide::Cli as clap_builder::derive::Args>::augment_args_for_update::{closure#1}
FN:61,<conjure_oxide::Cli as clap_builder::derive::FromArgMatches>::update_from_arg_matches_mut::{closure#2}
FN:81,<conjure_oxide::Cli as clap_builder::derive::Args>::augment_args_for_update::{closure#2}
FN:215,conjure_oxide::main::{closure#2}
FN:57,<conjure_oxide::Cli as clap_builder::derive::Args>::augment_args::{closure#0}
FN:317,conjure_oxide::tests::test_get_example_model_by_filepath
FN:68,<conjure_oxide::Cli as clap_builder::derive::FromArgMatches>::from_arg_matches_mut::{closure#3}
FN:61,<conjure_oxide::Cli as clap_builder::derive::FromArgMatches>::from_arg_matches_mut::{closure#2}
FN:229,conjure_oxide::main::{closure#1}
FN:81,<conjure_oxide::Cli as clap_builder::derive::Args>::augment_args_for_update::{closure#2}
FN:57,<conjure_oxide::Cli as clap_builder::derive::Args>::augment_args_for_update::{closure#0}
FN:44,<conjure_oxide::Cli as clap_builder::derive::FromArgMatches>::from_arg_matches_mut::{closure#1}
FN:44,<conjure_oxide::Cli as clap_builder::derive::FromArgMatches>::update_from_arg_matches_mut::{closure#1}
FN:57,<conjure_oxide::Cli as clap_builder::derive::Args>::augment_args::{closure#0}
FN:81,<conjure_oxide::Cli as clap_builder::derive::Args>::augment_args::{closure#2}
FNDA:0,<conjure_oxide::Cli as clap_builder::derive::FromArgMatches>::update_from_arg_matches_mut::{closure#2}
FNDA:0,<conjure_oxide::Cli as clap_builder::derive::FromArgMatches>::update_from_arg_matches_mut::{closure#1}
FNDA:0,<conjure_oxide::Cli as clap_builder::derive::FromArgMatches>::from_arg_matches_mut::{closure#4}
FNDA:0,<conjure_oxide::Cli as clap_builder::derive::FromArgMatches>::from_arg_matches_mut::{closure#3}
FNDA:0,<conjure_oxide::Cli as clap_builder::derive::FromArgMatches>::update_from_arg_matches_mut::{closure#5}
FNDA:0,<conjure_oxide::Cli as clap_builder::derive::FromArgMatches>::from_arg_matches_mut::{closure#2}
FNDA:0,<conjure_oxide::Cli as clap_builder::derive::FromArgMatches>::update_from_arg_matches_mut::{closure#0}
FNDA:0,<conjure_oxide::Cli as clap_builder::derive::Args>::augment_args::{closure#1}
FNDA:0,conjure_oxide::main::{closure#0}
FNDA:0,<conjure_oxide::Cli as clap_builder::derive::Args>::augment_args_for_update::{closure#0}
FNDA:0,<conjure_oxide::Cli as clap_builder::derive::FromArgMatches>::from_arg_matches_mut::{closure#0}
FNDA:0,<conjure_oxide::Cli as clap_builder::derive::FromArgMatches>::update_from_arg_matches_mut::{closure#4}
FNDA:0,<conjure_oxide::Cli as clap_builder::derive::FromArgMatches>::from_arg_matches_mut::{closure#1}
FNDA:0,<conjure_oxide::Cli as clap_builder::derive::FromArgMatches>::update_from_arg_matches_mut::{closure#3}
FNDA:0,<conjure_oxide::Cli as clap_builder::derive::FromArgMatches>::update_from_arg_matches_mut::{closure#3}
FNDA:0,conjure_oxide::main::{closure#1}
FNDA:1,conjure_oxide::tests::test_get_example_model_fail_empty_filepath
FNDA:0,<conjure_oxide::Cli as clap_builder::derive::Args>::augment_args::{closure#1}
FNDA:0,<conjure_oxide::Cli as clap_builder::derive::Args>::augment_args::{closure#2}
FNDA:1,conjure_oxide::tests::test_get_example_model_fail_empty_filename
FNDA:0,conjure_oxide::main
FNDA:0,<conjure_oxide::Cli as clap_builder::derive::Args>::augment_args_for_update::{closure#1}
FNDA:0,conjure_oxide::main::{closure#2}
FNDA:0,<conjure_oxide::Cli as clap_builder::derive::FromArgMatches>::from_arg_matches_mut::{closure#5}
FNDA:0,conjure_oxide::main::{closure#0}
FNDA:0,<conjure_oxide::Cli as clap_builder::derive::FromArgMatches>::from_arg_matches_mut::{closure#5}
FNDA:0,<conjure_oxide::Cli as clap_builder::derive::FromArgMatches>::from_arg_matches_mut::{closure#0}
FNDA:1,conjure_oxide::tests::test_get_example_model_success
FNDA:0,<conjure_oxide::Cli as clap_builder::derive::FromArgMatches>::from_arg_matches_mut::{closure#4}
FNDA:0,<conjure_oxide::Cli as clap_builder::derive::FromArgMatches>::update_from_arg_matches_mut::{closure#4}
FNDA:0,conjure_oxide::main
FNDA:0,<conjure_oxide::Cli as clap_builder::derive::FromArgMatches>::update_from_arg_matches_mut::{closure#5}
FNDA:0,<conjure_oxide::Cli as clap_builder::derive::FromArgMatches>::update_from_arg_matches_mut::{closure#0}
FNDA:0,<conjure_oxide::Cli as clap_builder::derive::Args>::augment_args_for_update::{closure#1}
FNDA:0,<conjure_oxide::Cli as clap_builder::derive::FromArgMatches>::update_from_arg_matches_mut::{closure#2}
FNDA:0,<conjure_oxide::Cli as clap_builder::derive::Args>::augment_args_for_update::{closure#2}
FNDA:0,conjure_oxide::main::{closure#2}
FNDA:0,<conjure_oxide::Cli as clap_builder::derive::Args>::augment_args::{closure#0}
FNDA:1,conjure_oxide::tests::test_get_example_model_by_filepath
FNDA:0,<conjure_oxide::Cli as clap_builder::derive::FromArgMatches>::from_arg_matches_mut::{closure#3}
FNDA:0,<conjure_oxide::Cli as clap_builder::derive::FromArgMatches>::from_arg_matches_mut::{closure#2}
FNDA:0,conjure_oxide::main::{closure#1}
FNDA:0,<conjure_oxide::Cli as clap_builder::derive::Args>::augment_args_for_update::{closure#2}
FNDA:0,<conjure_oxide::Cli as clap_builder::derive::Args>::augment_args_for_update::{closure#0}
FNDA:0,<conjure_oxide::Cli as clap_builder::derive::FromArgMatches>::from_arg_matches_mut::{closure#1}
FNDA:0,<conjure_oxide::Cli as clap_builder::derive::FromArgMatches>::update_from_arg_matches_mut::{closure#1}
FNDA:0,<conjure_oxide::Cli as clap_builder::derive::Args>::augment_args::{closure#0}
FNDA:0,<conjure_oxide::Cli as clap_builder::derive::Args>::augment_args::{closure#2}
FNF:48
FNH:4
BRF:0
BRH:0
DA:37,0
DA:44,0
DA:57,0
DA:61,0
DA:65,0
DA:68,0
DA:81,0
DA:83,0
DA:88,0
DA:92,0
DA:93,0
DA:94,0
DA:95,0
DA:96,0
DA:97,0
DA:98,0
DA:99,0
DA:100,0
DA:101,0
DA:102,0
DA:103,0
DA:104,0
DA:106,0
DA:107,0
DA:108,0
DA:109,0
DA:110,0
DA:111,0
DA:112,0
DA:113,0
DA:125,0
DA:126,0
DA:127,0
DA:128,0
DA:130,0
DA:131,0
DA:132,0
DA:133,0
DA:137,0
DA:138,0
DA:139,0
DA:140,0
DA:141,0
DA:142,0
DA:143,0
DA:144,0
DA:145,0
DA:146,0
DA:148,0
DA:149,0
DA:151,0
DA:154,0
DA:155,0
DA:156,0
DA:158,0
DA:159,0
DA:160,0
DA:161,0
DA:162,0
DA:163,0
DA:164,0
DA:165,0
DA:167,0
DA:168,0
DA:169,0
DA:170,0
DA:171,0
DA:172,0
DA:173,0
DA:177,0
DA:178,0
DA:179,0
DA:180,0
DA:181,0
DA:182,0
DA:183,0
DA:184,0
DA:185,0
DA:186,0
DA:188,0
DA:189,0
DA:190,0
DA:191,0
DA:192,0
DA:196,0
DA:197,0
DA:198,0
DA:199,0
DA:200,0
DA:201,0
DA:202,0
DA:203,0
DA:204,0
DA:205,0
DA:209,0
DA:210,0
DA:211,0
DA:212,0
DA:213,0
DA:214,0
DA:215,0
DA:216,0
DA:217,0
DA:219,0
DA:220,0
DA:221,0
DA:222,0
DA:228,0
DA:229,0
DA:231,0
DA:232,0
DA:233,0
DA:234,0
DA:235,0
DA:236,0
DA:238,0
DA:239,0
DA:240,0
DA:241,0
DA:243,0
DA:245,0
DA:246,0
DA:247,0
DA:248,0
DA:249,0
DA:250,0
DA:251,0
DA:252,0
DA:253,0
DA:254,0
DA:255,0
DA:257,0
DA:260,0
DA:262,0
DA:264,0
DA:266,0
DA:267,0
DA:268,0
DA:270,0
DA:271,0
DA:274,0
DA:275,0
DA:277,0
DA:278,0
DA:280,0
DA:281,0
DA:282,0
DA:283,0
DA:284,0
DA:285,0
DA:286,0
DA:287,0
DA:288,0
DA:289,0
DA:290,0
DA:291,0
DA:296,0
DA:298,0
DA:299,0
DA:300,0
DA:301,0
DA:302,0
DA:303,0
DA:304,0
DA:311,1
DA:312,1
DA:313,1
DA:314,1
DA:317,1
DA:318,1
DA:319,1
DA:320,1
DA:323,1
DA:324,1
DA:325,1
DA:326,1
DA:329,1
DA:330,1
DA:331,1
DA:332,1
LF:180
LH:16
end_of_record
SF:crates/tree_morph/tests/lambda_calc.rs
FN:59,lambda_calc::fresh
FN:64,lambda_calc::subst
FN:111,lambda_calc::test_simple_application
FN:123,lambda_calc::test_nested_application
FN:150,lambda_calc::test_double_reduction
FN:138,lambda_calc::test_capture_avoiding_substitution
FN:162,lambda_calc::test_id
FN:171,lambda_calc::test_no_reduction
FN:102,lambda_calc::transform_beta_reduce
FN:105,lambda_calc::transform_beta_reduce::{closure#0}
FN:93,lambda_calc::beta_reduce
FN:37,<lambda_calc::Expr>::vars
FN:180,lambda_calc::test_complex_expression
FN:17,<lambda_calc::Expr>::free_vars
FNDA:1,lambda_calc::fresh
FNDA:1,lambda_calc::subst
FNDA:1,lambda_calc::test_simple_application
FNDA:1,lambda_calc::test_nested_application
FNDA:1,lambda_calc::test_double_reduction
FNDA:1,lambda_calc::test_capture_avoiding_substitution
FNDA:1,lambda_calc::test_id
FNDA:1,lambda_calc::test_no_reduction
FNDA:1,lambda_calc::transform_beta_reduce
FNDA:1,lambda_calc::transform_beta_reduce::{closure#0}
FNDA:1,lambda_calc::beta_reduce
FNDA:1,<lambda_calc::Expr>::vars
FNDA:1,lambda_calc::test_complex_expression
FNDA:1,<lambda_calc::Expr>::free_vars
FNF:14
FNH:14
BRF:0
BRH:0
DA:17,29
DA:18,29
DA:19,20
DA:20,20
DA:21,20
DA:22,20
DA:24,3
DA:25,3
DA:26,3
DA:27,3
DA:29,6
DA:30,6
DA:31,6
DA:32,6
DA:35,29
DA:37,2
DA:38,2
DA:39,2
DA:40,2
DA:41,2
DA:42,2
DA:44,0
DA:45,0
DA:46,0
DA:47,0
DA:49,0
DA:50,0
DA:51,0
DA:52,0
DA:55,2
DA:59,1
DA:60,1
DA:61,1
DA:64,15
DA:65,15
DA:66,4
DA:67,11
DA:68,11
DA:69,11
DA:70,7
DA:71,7
DA:72,7
DA:74,0
DA:77,2
DA:78,2
DA:79,2
DA:80,0
DA:81,2
DA:82,1
DA:84,1
DA:85,1
DA:86,1
DA:90,15
DA:93,21
DA:94,21
DA:95,10
DA:96,8
DA:97,2
DA:98,11
DA:99,13
DA:100,21
DA:102,21
DA:103,21
DA:104,21
DA:105,8
DA:106,13
DA:107,21
DA:108,21
DA:111,1
DA:112,1
DA:113,1
DA:114,1
DA:115,1
DA:116,1
DA:117,1
DA:118,1
DA:119,1
DA:120,1
DA:123,1
DA:124,1
DA:125,1
DA:126,1
DA:127,1
DA:128,1
DA:129,1
DA:130,1
DA:131,1
DA:132,1
DA:133,1
DA:134,1
DA:135,1
DA:138,1
DA:139,1
DA:140,1
DA:141,1
DA:142,1
DA:143,1
DA:144,1
DA:145,1
DA:146,1
DA:147,1
DA:150,1
DA:151,1
DA:152,1
DA:153,1
DA:154,1
DA:155,1
DA:156,1
DA:157,1
DA:158,1
DA:159,1
DA:162,1
DA:163,1
DA:164,1
DA:165,1
DA:166,1
DA:167,1
DA:168,1
DA:171,1
DA:172,1
DA:173,1
DA:174,1
DA:175,1
DA:176,1
DA:177,1
DA:180,1
DA:181,1
DA:182,1
DA:183,1
DA:184,1
DA:185,1
DA:186,1
DA:187,1
DA:188,1
DA:189,1
DA:190,1
DA:191,1
DA:192,1
DA:193,1
DA:194,1
DA:195,1
DA:196,1
DA:197,1
DA:198,1
LF:144
LH:134
end_of_record
SF:conjure_oxide/src/utils/json.rs
FN:53,conjure_oxide::utils::json::sort_json_object::{closure#0}
FN:62,conjure_oxide::utils::json::sort_json_object::{closure#1}
FN:48,conjure_oxide::utils::json::sort_json_object
FN:53,conjure_oxide::utils::json::sort_json_object::{closure#0}
FN:32,conjure_oxide::utils::json::sort_json_variables
FN:68,conjure_oxide::utils::json::sort_json_object::{closure#2}
FN:62,conjure_oxide::utils::json::sort_json_object::{closure#1}
FN:68,conjure_oxide::utils::json::sort_json_object::{closure#2}
FN:7,conjure_oxide::utils::json::json_value_cmp
FN:32,conjure_oxide::utils::json::sort_json_variables
FN:7,conjure_oxide::utils::json::json_value_cmp
FN:48,conjure_oxide::utils::json::sort_json_object
FNDA:1,conjure_oxide::utils::json::sort_json_object::{closure#0}
FNDA:0,conjure_oxide::utils::json::sort_json_object::{closure#1}
FNDA:1,conjure_oxide::utils::json::sort_json_object
FNDA:0,conjure_oxide::utils::json::sort_json_object::{closure#0}
FNDA:0,conjure_oxide::utils::json::sort_json_variables
FNDA:0,conjure_oxide::utils::json::sort_json_object::{closure#2}
FNDA:1,conjure_oxide::utils::json::sort_json_object::{closure#1}
FNDA:1,conjure_oxide::utils::json::sort_json_object::{closure#2}
FNDA:0,conjure_oxide::utils::json::json_value_cmp
FNDA:1,conjure_oxide::utils::json::sort_json_variables
FNDA:1,conjure_oxide::utils::json::json_value_cmp
FNDA:0,conjure_oxide::utils::json::sort_json_object
FNF:12
FNH:6
BRF:0
BRH:0
DA:7,79098
DA:8,79098
DA:9,0
DA:10,0
DA:11,0
DA:12,0
DA:13,0
DA:14,0
DA:15,0
DA:17,2664
DA:18,2664
DA:19,2664
DA:20,2664
DA:21,2664
DA:22,0
DA:24,0
DA:26,76434
DA:28,79098
DA:32,1026
DA:33,1026
DA:34,1026
DA:35,1026
DA:36,1026
DA:37,1026
DA:39,0
DA:41,1026
DA:48,175998
DA:49,175998
DA:50,49236
DA:51,49236
DA:52,49236
DA:53,132054
DA:54,132054
DA:55,1026
DA:57,131028
DA:59,132054
DA:60,49236
DA:61,49236
DA:62,126630
DA:63,49236
DA:65,12162
DA:66,12162
DA:67,12162
DA:68,42816
DA:69,12162
DA:70,12162
DA:71,12162
DA:72,720
DA:73,11442
DA:75,12162
DA:77,114600
DA:79,175998
LF:52
LH:42
end_of_record
SF:crates/conjure_core/src/rule_engine/rewrite_naive.rs
FN:24,conjure_core::rule_engine::rewrite_naive::rewrite_naive::{closure#0}
FN:18,conjure_core::rule_engine::rewrite_naive::rewrite_naive
FN:100,conjure_core::rule_engine::rewrite_naive::rewrite_naive::{closure#1}
FN:24,conjure_core::rule_engine::rewrite_naive::rewrite_naive::{closure#0}
FN:100,conjure_core::rule_engine::rewrite_naive::rewrite_naive::{closure#1}
FN:18,conjure_core::rule_engine::rewrite_naive::rewrite_naive
FNDA:0,conjure_core::rule_engine::rewrite_naive::rewrite_naive::{closure#0}
FNDA:0,conjure_core::rule_engine::rewrite_naive::rewrite_naive
FNDA:0,conjure_core::rule_engine::rewrite_naive::rewrite_naive::{closure#1}
FNDA:0,conjure_core::rule_engine::rewrite_naive::rewrite_naive::{closure#0}
FNDA:0,conjure_core::rule_engine::rewrite_naive::rewrite_naive::{closure#1}
FNDA:1,conjure_core::rule_engine::rewrite_naive::rewrite_naive
FNF:6
FNH:1
BRF:0
BRH:0
DA:18,1020
DA:19,1020
DA:20,1020
DA:21,1020
DA:22,1020
DA:23,1020
DA:25,1020
DA:26,1020
DA:27,1020
DA:28,42840
DA:29,41820
DA:30,41820
DA:31,1020
DA:34,1020
DA:37,7259
DA:40,87108
DA:41,562632
DA:43,562632
DA:44,562632
DA:45,2492914
DA:46,1930282
DA:47,7276
DA:48,7276
DA:49,7276
DA:50,7276
DA:51,7276
DA:52,7276
DA:53,7276
DA:54,7276
DA:55,7276
DA:56,7276
DA:57,7276
DA:58,7276
DA:60,1923006
DA:61,0
DA:70,562632
DA:71,47328
DA:72,515304
DA:76,7259
DA:77,7259
DA:78,6239
DA:79,6239
DA:80,6239
DA:81,0
DA:82,0
DA:89,6239
DA:90,6239
DA:91,6239
DA:92,6239
DA:93,6239
DA:94,6239
DA:95,6239
DA:96,6239
DA:97,6239
DA:98,0
DA:99,0
DA:100,0
DA:101,0
DA:102,0
DA:103,0
DA:104,0
DA:105,0
DA:107,0
DA:108,0
DA:109,0
DA:110,0
DA:111,0
DA:112,0
DA:113,0
DA:114,0
DA:115,0
DA:116,0
DA:117,0
DA:118,0
DA:119,0
DA:120,0
DA:121,0
DA:122,0
DA:123,0
DA:124,0
DA:125,0
DA:126,0
DA:127,0
DA:128,0
DA:129,0
DA:130,0
DA:131,0
DA:132,0
DA:133,0
DA:134,0
DA:135,0
DA:136,0
DA:137,0
DA:138,0
DA:139,0
DA:140,0
DA:141,0
DA:142,0
DA:143,0
DA:144,0
DA:145,0
DA:146,0
DA:147,0
DA:148,0
DA:149,0
DA:150,0
DA:151,0
DA:152,0
DA:153,0
DA:154,0
DA:155,0
DA:156,0
DA:157,0
DA:158,0
DA:159,0
DA:160,0
DA:161,0
DA:162,0
DA:163,0
DA:164,0
DA:165,0
DA:166,0
DA:167,0
DA:168,0
DA:169,0
DA:172,6239
DA:177,1020
DA:178,1020
LF:128
LH:54
end_of_record
SF:crates/conjure_core/src/ast/atom.rs
FN:29,<conjure_core::ast::atom::Atom as core::convert::From<conjure_core::ast::literals::Literal>>::from
FN:20,<conjure_core::ast::atom::Atom as core::fmt::Display>::fmt
FN:8,<<conjure_core::ast::atom::Atom as serde::de::Deserialize>::deserialize::__Visitor as serde::de::Visitor>::expecting
FN:29,<conjure_core::ast::atom::Atom as core::convert::From<conjure_core::ast::literals::Literal>>::from
FN:8,<<conjure_core::ast::atom::Atom as serde::de::Deserialize>::deserialize::__Visitor as serde::de::Visitor>::visit_enum::<_>
FN:35,<conjure_core::ast::atom::Atom as core::convert::From<conjure_core::ast::symbol_table::Name>>::from
FN:8,<<conjure_core::ast::atom::Atom as serde::de::Deserialize>::deserialize::__Field as serde::de::Deserialize>::deserialize::<&mut serde_json::de::Deserializer<serde_json::read::StrRead>>
FN:8,<<conjure_core::ast::atom::Atom as serde::de::Deserialize>::deserialize::__FieldVisitor as serde::de::Visitor>::expecting
FN:20,<conjure_core::ast::atom::Atom as core::fmt::Display>::fmt
FN:8,<<conjure_core::ast::atom::Atom as serde::de::Deserialize>::deserialize::__FieldVisitor as serde::de::Visitor>::expecting
FN:8,<<conjure_core::ast::atom::Atom as serde::de::Deserialize>::deserialize::__Visitor as serde::de::Visitor>::visit_enum::<_>
FN:8,<<conjure_core::ast::atom::Atom as serde::de::Deserialize>::deserialize::__Visitor as serde::de::Visitor>::visit_enum::<serde_json::de::UnitVariantAccess<serde_json::read::StrRead>>
FN:8,<<conjure_core::ast::atom::Atom as serde::de::Deserialize>::deserialize::__Visitor as serde::de::Visitor>::visit_enum::<serde_json::de::VariantAccess<serde_json::read::StrRead>>
FN:8,<<conjure_core::ast::atom::Atom as serde::de::Deserialize>::deserialize::__Field as serde::de::Deserialize>::deserialize::<_>
FN:35,<conjure_core::ast::atom::Atom as core::convert::From<conjure_core::ast::symbol_table::Name>>::from
FN:8,<<conjure_core::ast::atom::Atom as serde::de::Deserialize>::deserialize::__Field as serde::de::Deserialize>::deserialize::<_>
FN:8,<<conjure_core::ast::atom::Atom as serde::de::Deserialize>::deserialize::__Visitor as serde::de::Visitor>::expecting
FNDA:0,<conjure_core::ast::atom::Atom as core::convert::From<conjure_core::ast::literals::Literal>>::from
FNDA:0,<conjure_core::ast::atom::Atom as core::fmt::Display>::fmt
FNDA:0,<<conjure_core::ast::atom::Atom as serde::de::Deserialize>::deserialize::__Visitor as serde::de::Visitor>::expecting
FNDA:0,<conjure_core::ast::atom::Atom as core::convert::From<conjure_core::ast::literals::Literal>>::from
FNDA:0,<<conjure_core::ast::atom::Atom as serde::de::Deserialize>::deserialize::__Visitor as serde::de::Visitor>::visit_enum::<_>
FNDA:0,<conjure_core::ast::atom::Atom as core::convert::From<conjure_core::ast::symbol_table::Name>>::from
FNDA:1,<<conjure_core::ast::atom::Atom as serde::de::Deserialize>::deserialize::__Field as serde::de::Deserialize>::deserialize::<&mut serde_json::de::Deserializer<serde_json::read::StrRead>>
FNDA:0,<<conjure_core::ast::atom::Atom as serde::de::Deserialize>::deserialize::__FieldVisitor as serde::de::Visitor>::expecting
FNDA:1,<conjure_core::ast::atom::Atom as core::fmt::Display>::fmt
FNDA:0,<<conjure_core::ast::atom::Atom as serde::de::Deserialize>::deserialize::__FieldVisitor as serde::de::Visitor>::expecting
FNDA:0,<<conjure_core::ast::atom::Atom as serde::de::Deserialize>::deserialize::__Visitor as serde::de::Visitor>::visit_enum::<_>
FNDA:0,<<conjure_core::ast::atom::Atom as serde::de::Deserialize>::deserialize::__Visitor as serde::de::Visitor>::visit_enum::<serde_json::de::UnitVariantAccess<serde_json::read::StrRead>>
FNDA:0,<<conjure_core::ast::atom::Atom as serde::de::Deserialize>::deserialize::__Visitor as serde::de::Visitor>::visit_enum::<serde_json::de::VariantAccess<serde_json::read::StrRead>>
FNDA:0,<<conjure_core::ast::atom::Atom as serde::de::Deserialize>::deserialize::__Field as serde::de::Deserialize>::deserialize::<_>
FNDA:1,<conjure_core::ast::atom::Atom as core::convert::From<conjure_core::ast::symbol_table::Name>>::from
FNDA:0,<<conjure_core::ast::atom::Atom as serde::de::Deserialize>::deserialize::__Field as serde::de::Deserialize>::deserialize::<_>
FNDA:0,<<conjure_core::ast::atom::Atom as serde::de::Deserialize>::deserialize::__Visitor as serde::de::Visitor>::expecting
FNF:17
FNH:3
BRF:0
BRH:0
DA:8,5556
DA:20,46308
DA:21,46308
DA:22,12274
DA:23,34034
DA:25,46308
DA:29,0
DA:30,0
DA:31,0
DA:35,1632
DA:36,1632
DA:37,1632
LF:12
LH:9
end_of_record
SF:solvers/kissat/src/lib.rs
FN:3,kissat_rs::test1
FNDA:1,kissat_rs::test1
FNF:1
FNH:1
BRF:0
BRH:0
DA:3,1
DA:8,1
DA:9,1
DA:10,1
DA:11,1
DA:12,1
DA:13,1
DA:14,1
DA:15,1
DA:18,1
DA:19,1
DA:20,1
DA:21,1
DA:22,0
DA:25,1
DA:26,1
DA:27,1
DA:28,1
DA:29,1
DA:30,1
DA:31,1
LF:21
LH:20
end_of_record
SF:crates/enum_compatability_macro/src/lib.rs
FN:181,enum_compatability_macro::document_compatibility::{closure#0}
FN:104,rust_out::main::_doctest_main_crates_enum_compatability_macro_src_lib_rs_103_0
FN:75,rust_out::main
FN:118,rust_out::main::_doctest_main_crates_enum_compatability_macro_src_lib_rs_117_0
FN:38,<enum_compatability_macro::RemoveCompatibleAttrs as syn::gen::visit_mut::VisitMut>::visit_variant_mut
FN:66,<enum_compatability_macro::RemoveCompatibleAttrs as syn::gen::visit_mut::VisitMut>::visit_variant_mut::{closure#0}
FN:66,<enum_compatability_macro::RemoveCompatibleAttrs as syn::gen::visit_mut::VisitMut>::visit_variant_mut::{closure#0}
FN:181,enum_compatability_macro::document_compatibility::{closure#0}
FN:131,enum_compatability_macro::document_compatibility
FN:131,enum_compatability_macro::document_compatibility
FN:75,rust_out::main::_doctest_main_crates_enum_compatability_macro_src_lib_rs_74_0
FN:66,<enum_compatability_macro::RemoveCompatibleAttrs as syn::gen::visit_mut::VisitMut>::visit_variant_mut::{closure#0}
FN:181,enum_compatability_macro::document_compatibility::{closure#0}
FN:38,<enum_compatability_macro::RemoveCompatibleAttrs as syn::gen::visit_mut::VisitMut>::visit_variant_mut
FN:131,enum_compatability_macro::document_compatibility
FN:38,<enum_compatability_macro::RemoveCompatibleAttrs as syn::gen::visit_mut::VisitMut>::visit_variant_mut
FNDA:0,enum_compatability_macro::document_compatibility::{closure#0}
FNDA:1,rust_out::main::_doctest_main_crates_enum_compatability_macro_src_lib_rs_103_0
FNDA:1,rust_out::main
FNDA:1,rust_out::main::_doctest_main_crates_enum_compatability_macro_src_lib_rs_117_0
FNDA:1,<enum_compatability_macro::RemoveCompatibleAttrs as syn::gen::visit_mut::VisitMut>::visit_variant_mut
FNDA:1,<enum_compatability_macro::RemoveCompatibleAttrs as syn::gen::visit_mut::VisitMut>::visit_variant_mut::{closure#0}
FNDA:0,<enum_compatability_macro::RemoveCompatibleAttrs as syn::gen::visit_mut::VisitMut>::visit_variant_mut::{closure#0}
FNDA:1,enum_compatability_macro::document_compatibility::{closure#0}
FNDA:0,enum_compatability_macro::document_compatibility
FNDA:1,enum_compatability_macro::document_compatibility
FNDA:1,rust_out::main::_doctest_main_crates_enum_compatability_macro_src_lib_rs_74_0
FNDA:0,<enum_compatability_macro::RemoveCompatibleAttrs as syn::gen::visit_mut::VisitMut>::visit_variant_mut::{closure#0}
FNDA:0,enum_compatability_macro::document_compatibility::{closure#0}
FNDA:0,<enum_compatability_macro::RemoveCompatibleAttrs as syn::gen::visit_mut::VisitMut>::visit_variant_mut
FNDA:0,enum_compatability_macro::document_compatibility
FNDA:0,<enum_compatability_macro::RemoveCompatibleAttrs as syn::gen::visit_mut::VisitMut>::visit_variant_mut
FNF:16
FNH:8
BRF:0
BRH:0
DA:38,130
DA:39,130
DA:40,130
DA:41,130
DA:42,130
DA:43,130
DA:44,130
DA:45,220
DA:46,220
DA:47,108
DA:48,112
DA:49,112
DA:50,112
DA:51,112
DA:52,241
DA:53,129
DA:54,129
DA:55,129
DA:56,129
DA:59,130
DA:60,110
DA:61,110
DA:62,110
DA:63,110
DA:64,110
DA:66,330
DA:67,130
DA:75,1
DA:87,1
DA:104,1
DA:116,1
DA:118,1
DA:129,1
DA:131,7
DA:133,7
DA:134,7
DA:137,130
DA:138,130
DA:139,220
DA:140,220
DA:141,108
DA:142,112
DA:143,112
DA:144,112
DA:145,112
DA:146,112
DA:147,241
DA:148,129
DA:149,129
DA:150,129
DA:151,18
DA:152,18
DA:153,18
DA:154,111
DA:155,111
DA:156,111
DA:164,7
DA:165,7
DA:166,7
DA:167,7
DA:168,7
DA:169,7
DA:170,7
DA:171,7
DA:172,18
DA:174,18
DA:177,129
DA:178,18
DA:179,18
DA:180,18
DA:181,129
DA:182,18
DA:183,129
DA:184,129
DA:185,129
DA:188,18
DA:191,7
DA:192,7
DA:193,7
DA:194,7
DA:195,7
DA:196,7
DA:197,7
LF:83
LH:83
end_of_record
SF:crates/tree_morph/src/commands.rs
FN:32,<tree_morph::commands::Commands<_, _>>::transform
FN:48,<tree_morph::commands::Commands<rust_out::Expr, ()>>::apply
FN:38,<tree_morph::commands::Commands<_, _>>::mut_meta
FN:48,<tree_morph::commands::Commands<_, _>>::apply
FN:38,<tree_morph::commands::Commands<add_mul::Expr, add_mul::Meta>>::mut_meta
FN:43,<tree_morph::commands::Commands<_, _>>::clear
FN:24,<tree_morph::commands::Commands<rust_out::Expr, ()>>::new
FN:24,<tree_morph::commands::Commands<_, _>>::new
FN:48,<tree_morph::commands::Commands<add_mul::Expr, add_mul::Meta>>::apply
FN:24,<tree_morph::commands::Commands<lambda_calc::Expr, u32>>::new
FN:48,<tree_morph::commands::Commands<lambda_calc::Expr, u32>>::apply
FN:24,<tree_morph::commands::Commands<add_mul::Expr, add_mul::Meta>>::new
FN:38,<tree_morph::commands::Commands<lambda_calc::Expr, u32>>::mut_meta
FNDA:0,<tree_morph::commands::Commands<_, _>>::transform
FNDA:1,<tree_morph::commands::Commands<rust_out::Expr, ()>>::apply
FNDA:0,<tree_morph::commands::Commands<_, _>>::mut_meta
FNDA:0,<tree_morph::commands::Commands<_, _>>::apply
FNDA:1,<tree_morph::commands::Commands<add_mul::Expr, add_mul::Meta>>::mut_meta
FNDA:0,<tree_morph::commands::Commands<_, _>>::clear
FNDA:1,<tree_morph::commands::Commands<rust_out::Expr, ()>>::new
FNDA:0,<tree_morph::commands::Commands<_, _>>::new
FNDA:1,<tree_morph::commands::Commands<add_mul::Expr, add_mul::Meta>>::apply
FNDA:1,<tree_morph::commands::Commands<lambda_calc::Expr, u32>>::new
FNDA:1,<tree_morph::commands::Commands<lambda_calc::Expr, u32>>::apply
FNDA:1,<tree_morph::commands::Commands<add_mul::Expr, add_mul::Meta>>::new
FNDA:1,<tree_morph::commands::Commands<lambda_calc::Expr, u32>>::mut_meta
FNF:13
FNH:8
BRF:0
BRH:0
DA:24,222
DA:25,222
DA:26,222
DA:27,222
DA:28,222
DA:32,0
DA:33,0
DA:34,0
DA:38,13
DA:39,13
DA:40,13
DA:43,0
DA:44,0
DA:45,0
DA:48,22
DA:49,35
DA:50,13
DA:51,0
DA:52,13
DA:55,22
DA:56,22
LF:21
LH:14
end_of_record
SF:crates/conjure_core/src/solver/adaptors/kissat.rs
FN:60,<conjure_core::solver::adaptors::kissat::Kissat as conjure_core::solver::SolverAdaptor>::get_family
FN:55,<conjure_core::solver::adaptors::kissat::Kissat as conjure_core::solver::SolverAdaptor>::load_model
FN:60,<conjure_core::solver::adaptors::kissat::Kissat as conjure_core::solver::SolverAdaptor>::get_family
FN:39,<conjure_core::solver::adaptors::kissat::Kissat as conjure_core::solver::SolverAdaptor>::solve
FN:39,<conjure_core::solver::adaptors::kissat::Kissat as conjure_core::solver::SolverAdaptor>::solve
FN:33,<conjure_core::solver::adaptors::kissat::Kissat as core::default::Default>::default
FN:33,<conjure_core::solver::adaptors::kissat::Kissat as core::default::Default>::default
FN:24,<conjure_core::solver::adaptors::kissat::Kissat>::new
FN:47,<conjure_core::solver::adaptors::kissat::Kissat as conjure_core::solver::SolverAdaptor>::solve_mut
FN:55,<conjure_core::solver::adaptors::kissat::Kissat as conjure_core::solver::SolverAdaptor>::load_model
FN:47,<conjure_core::solver::adaptors::kissat::Kissat as conjure_core::solver::SolverAdaptor>::solve_mut
FN:24,<conjure_core::solver::adaptors::kissat::Kissat>::new
FNDA:0,<conjure_core::solver::adaptors::kissat::Kissat as conjure_core::solver::SolverAdaptor>::get_family
FNDA:0,<conjure_core::solver::adaptors::kissat::Kissat as conjure_core::solver::SolverAdaptor>::load_model
FNDA:0,<conjure_core::solver::adaptors::kissat::Kissat as conjure_core::solver::SolverAdaptor>::get_family
FNDA:0,<conjure_core::solver::adaptors::kissat::Kissat as conjure_core::solver::SolverAdaptor>::solve
FNDA:0,<conjure_core::solver::adaptors::kissat::Kissat as conjure_core::solver::SolverAdaptor>::solve
FNDA:0,<conjure_core::solver::adaptors::kissat::Kissat as core::default::Default>::default
FNDA:0,<conjure_core::solver::adaptors::kissat::Kissat as core::default::Default>::default
FNDA:0,<conjure_core::solver::adaptors::kissat::Kissat>::new
FNDA:0,<conjure_core::solver::adaptors::kissat::Kissat as conjure_core::solver::SolverAdaptor>::solve_mut
FNDA:0,<conjure_core::solver::adaptors::kissat::Kissat as conjure_core::solver::SolverAdaptor>::load_model
FNDA:0,<conjure_core::solver::adaptors::kissat::Kissat as conjure_core::solver::SolverAdaptor>::solve_mut
FNDA:0,<conjure_core::solver::adaptors::kissat::Kissat>::new
FNF:12
FNH:0
BRF:0
BRH:0
DA:24,0
DA:25,0
DA:26,0
DA:27,0
DA:28,0
DA:29,0
DA:33,0
DA:34,0
DA:35,0
DA:39,0
DA:40,0
DA:41,0
DA:42,0
DA:43,0
DA:44,0
DA:45,0
DA:47,0
DA:48,0
DA:49,0
DA:50,0
DA:51,0
DA:52,0
DA:53,0
DA:55,0
DA:56,0
DA:57,0
DA:58,0
DA:60,0
DA:61,0
DA:62,0
LF:30
LH:0
end_of_record
SF:crates/conjure_core/src/rules/normalisers/bool.rs
FN:36,conjure_core::rules::normalisers::bool::distribute_or_over_and
FN:83,conjure_core::rules::normalisers::bool::CONJURE_GEN_RULE_DISTRIBUTE_NOT_OVER_AND::__typecheck::{closure#0}::{closure#0}
FN:35,conjure_core::rules::normalisers::bool::CONJURE_GEN_RULE_DISTRIBUTE_OR_OVER_AND::__typecheck::{closure#0}::{closure#0}
FN:120,conjure_core::rules::normalisers::bool::CONJURE_GEN_RULE_DISTRIBUTE_NOT_OVER_OR::__typecheck::{closure#0}::{closure#0}
FN:168,conjure_core::rules::normalisers::bool::remove_unit_vector_or
FN:149,conjure_core::rules::normalisers::bool::CONJURE_GEN_RULE_REMOVE_UNIT_VECTOR_AND::__typecheck::{closure#0}::{closure#0}
FN:150,conjure_core::rules::normalisers::bool::remove_unit_vector_and
FN:19,conjure_core::rules::normalisers::bool::CONJURE_GEN_RULE_REMOVE_DOUBLE_NEGATION::__typecheck::{closure#0}::{closure#0}
FN:149,conjure_core::rules::normalisers::bool::CONJURE_GEN_RULE_REMOVE_UNIT_VECTOR_AND::__typecheck::{closure#0}::{closure#0}
FN:84,conjure_core::rules::normalisers::bool::distribute_not_over_and
FN:121,conjure_core::rules::normalisers::bool::distribute_not_over_or
FN:167,conjure_core::rules::normalisers::bool::CONJURE_GEN_RULE_REMOVE_UNIT_VECTOR_OR::__typecheck::{closure#0}::{closure#0}
FN:37,conjure_core::rules::normalisers::bool::distribute_or_over_and::find_and
FN:20,conjure_core::rules::normalisers::bool::remove_double_negation
FN:36,conjure_core::rules::normalisers::bool::distribute_or_over_and
FN:19,conjure_core::rules::normalisers::bool::CONJURE_GEN_RULE_REMOVE_DOUBLE_NEGATION::__typecheck::{closure#0}::{closure#0}
FN:150,conjure_core::rules::normalisers::bool::remove_unit_vector_and
FN:120,conjure_core::rules::normalisers::bool::CONJURE_GEN_RULE_DISTRIBUTE_NOT_OVER_OR::__typecheck::{closure#0}::{closure#0}
FN:83,conjure_core::rules::normalisers::bool::CONJURE_GEN_RULE_DISTRIBUTE_NOT_OVER_AND::__typecheck::{closure#0}::{closure#0}
FN:168,conjure_core::rules::normalisers::bool::remove_unit_vector_or
FN:20,conjure_core::rules::normalisers::bool::remove_double_negation
FN:37,conjure_core::rules::normalisers::bool::distribute_or_over_and::find_and
FN:121,conjure_core::rules::normalisers::bool::distribute_not_over_or
FN:84,conjure_core::rules::normalisers::bool::distribute_not_over_and
FN:35,conjure_core::rules::normalisers::bool::CONJURE_GEN_RULE_DISTRIBUTE_OR_OVER_AND::__typecheck::{closure#0}::{closure#0}
FN:167,conjure_core::rules::normalisers::bool::CONJURE_GEN_RULE_REMOVE_UNIT_VECTOR_OR::__typecheck::{closure#0}::{closure#0}
FNDA:0,conjure_core::rules::normalisers::bool::distribute_or_over_and
FNDA:0,conjure_core::rules::normalisers::bool::CONJURE_GEN_RULE_DISTRIBUTE_NOT_OVER_AND::__typecheck::{closure#0}::{closure#0}
FNDA:0,conjure_core::rules::normalisers::bool::CONJURE_GEN_RULE_DISTRIBUTE_OR_OVER_AND::__typecheck::{closure#0}::{closure#0}
FNDA:0,conjure_core::rules::normalisers::bool::CONJURE_GEN_RULE_DISTRIBUTE_NOT_OVER_OR::__typecheck::{closure#0}::{closure#0}
FNDA:0,conjure_core::rules::normalisers::bool::remove_unit_vector_or
FNDA:0,conjure_core::rules::normalisers::bool::CONJURE_GEN_RULE_REMOVE_UNIT_VECTOR_AND::__typecheck::{closure#0}::{closure#0}
FNDA:0,conjure_core::rules::normalisers::bool::remove_unit_vector_and
FNDA:0,conjure_core::rules::normalisers::bool::CONJURE_GEN_RULE_REMOVE_DOUBLE_NEGATION::__typecheck::{closure#0}::{closure#0}
FNDA:0,conjure_core::rules::normalisers::bool::CONJURE_GEN_RULE_REMOVE_UNIT_VECTOR_AND::__typecheck::{closure#0}::{closure#0}
FNDA:1,conjure_core::rules::normalisers::bool::distribute_not_over_and
FNDA:0,conjure_core::rules::normalisers::bool::distribute_not_over_or
FNDA:0,conjure_core::rules::normalisers::bool::CONJURE_GEN_RULE_REMOVE_UNIT_VECTOR_OR::__typecheck::{closure#0}::{closure#0}
FNDA:0,conjure_core::rules::normalisers::bool::distribute_or_over_and::find_and
FNDA:1,conjure_core::rules::normalisers::bool::remove_double_negation
[...]
FNDA:0,<<<conjure_core::ast::expressions::Expression as serde::de::Deserialize>::deserialize::__Visitor as serde::de::Visitor>::visit_enum::__Visitor as serde::de::Visitor>::expecting
FNDA:0,<<<conjure_core::ast::expressions::Expression as serde::de::Deserialize>::deserialize::__Visitor as serde::de::Visitor>::visit_enum::__Visitor as serde::de::Visitor>::visit_seq::<_>
FNDA:0,<<<conjure_core::ast::expressions::Expression as serde::de::Deserialize>::deserialize::__Visitor as serde::de::Visitor>::visit_enum::__Visitor as serde::de::Visitor>::visit_seq::<_>
FNDA:0,<<<conjure_core::ast::expressions::Expression as serde::de::Deserialize>::deserialize::__Visitor as serde::de::Visitor>::visit_enum::__Visitor as serde::de::Visitor>::expecting
FNDA:1,conjure_core::ast::expressions::expr_vec_to_domain_i32::{closure#0}
FNDA:0,<<<conjure_core::ast::expressions::Expression as serde::de::Deserialize>::deserialize::__Visitor as serde::de::Visitor>::visit_enum::__Visitor as serde::de::Visitor>::visit_seq::<serde_json::de::SeqAccess<serde_json::read::StrRead>>
FNDA:0,<<<conjure_core::ast::expressions::Expression as serde::de::Deserialize>::deserialize::__Visitor as serde::de::Visitor>::visit_enum::__Visitor as serde::de::Visitor>::expecting
FNDA:0,<<<conjure_core::ast::expressions::Expression as serde::de::Deserialize>::deserialize::__Visitor as serde::de::Visitor>::visit_enum::__Visitor as serde::de::Visitor>::expecting
FNDA:0,<<<conjure_core::ast::expressions::Expression as serde::de::Deserialize>::deserialize::__Visitor as serde::de::Visitor>::visit_enum::__Visitor as serde::de::Visitor>::visit_seq::<_>
FNDA:0,<<<conjure_core::ast::expressions::Expression as serde::de::Deserialize>::deserialize::__Visitor as serde::de::Visitor>::visit_enum::__Visitor as serde::de::Visitor>::visit_seq::<_>
FNDA:0,<<<conjure_core::ast::expressions::Expression as serde::de::Deserialize>::deserialize::__Visitor as serde::de::Visitor>::visit_enum::__Visitor as serde::de::Visitor>::expecting
FNDA:1,<<conjure_core::ast::expressions::Expression as serde::de::Deserialize>::deserialize::__Field as serde::de::Deserialize>::deserialize::<&mut serde_json::de::Deserializer<serde_json::read::StrRead>>
FNDA:0,<conjure_core::ast::expressions::Expression>::domain_of::{closure#5}
FNDA:0,<<<conjure_core::ast::expressions::Expression as serde::de::Deserialize>::deserialize::__Visitor as serde::de::Visitor>::visit_enum::__Visitor as serde::de::Visitor>::visit_seq::<_>
FNDA:0,<<<conjure_core::ast::expressions::Expression as serde::de::Deserialize>::deserialize::__Visitor as serde::de::Visitor>::visit_enum::__Visitor as serde::de::Visitor>::expecting
FNDA:0,<conjure_core::ast::expressions::Expression>::set_clean
FNDA:0,<<<conjure_core::ast::expressions::Expression as serde::de::Deserialize>::deserialize::__Visitor as serde::de::Visitor>::visit_enum::__Visitor as serde::de::Visitor>::expecting
FNDA:0,<<<conjure_core::ast::expressions::Expression as serde::de::Deserialize>::deserialize::__Visitor as serde::de::Visitor>::visit_enum::__Visitor as serde::de::Visitor>::expecting
FNDA:0,<<<conjure_core::ast::expressions::Expression as serde::de::Deserialize>::deserialize::__Visitor as serde::de::Visitor>::visit_enum::__Visitor as serde::de::Visitor>::expecting
FNDA:0,<<<conjure_core::ast::expressions::Expression as serde::de::Deserialize>::deserialize::__Visitor as serde::de::Visitor>::visit_enum::__Visitor as serde::de::Visitor>::expecting
FNDA:0,<<<conjure_core::ast::expressions::Expression as serde::de::Deserialize>::deserialize::__Visitor as serde::de::Visitor>::visit_enum::__Visitor as serde::de::Visitor>::expecting
FNDA:1,<conjure_core::ast::expressions::Expression>::domain_of::{closure#0}
FNDA:0,<conjure_core::ast::expressions::Expression>::domain_of::{closure#1}
FNDA:0,<<<conjure_core::ast::expressions::Expression as serde::de::Deserialize>::deserialize::__Visitor as serde::de::Visitor>::visit_enum::__Visitor as serde::de::Visitor>::expecting
FNDA:0,<<<conjure_core::ast::expressions::Expression as serde::de::Deserialize>::deserialize::__Visitor as serde::de::Visitor>::visit_enum::__Visitor as serde::de::Visitor>::visit_seq::<serde_json::de::SeqAccess<serde_json::read::StrRead>>
FNDA:1,<conjure_core::ast::expressions::Expression>::is_associative_commutative_operator
FNDA:0,<<<conjure_core::ast::expressions::Expression as serde::de::Deserialize>::deserialize::__Visitor as serde::de::Visitor>::visit_enum::__Visitor as serde::de::Visitor>::visit_seq::<_>
FNDA:0,<<<conjure_core::ast::expressions::Expression as serde::de::Deserialize>::deserialize::__Visitor as serde::de::Visitor>::visit_enum::__Visitor as serde::de::Visitor>::visit_seq::<_>
FNDA:0,<<<conjure_core::ast::expressions::Expression as serde::de::Deserialize>::deserialize::__Visitor as serde::de::Visitor>::visit_enum::__Visitor as serde::de::Visitor>::expecting
FNDA:0,<<<conjure_core::ast::expressions::Expression as serde::de::Deserialize>::deserialize::__Visitor as serde::de::Visitor>::visit_enum::__Visitor as serde::de::Visitor>::visit_seq::<_>
FNDA:1,conjure_core::ast::expressions::expr_vec_to_domain_i32::{closure#1}
FNDA:1,<conjure_core::ast::expressions::Expression as core::fmt::Display>::fmt
FNDA:0,<<<conjure_core::ast::expressions::Expression as serde::de::Deserialize>::deserialize::__Visitor as serde::de::Visitor>::visit_enum::__Visitor as serde::de::Visitor>::expecting
FNDA:0,<conjure_core::ast::expressions::Expression as core::convert::From<bool>>::from
FNDA:0,conjure_core::ast::expressions::display_expressions::{closure#0}
FNDA:0,<<<conjure_core::ast::expressions::Expression as serde::de::Deserialize>::deserialize::__Visitor as serde::de::Visitor>::visit_enum::__Visitor as serde::de::Visitor>::visit_seq::<serde_json::de::SeqAccess<serde_json::read::StrRead>>
FNDA:0,<<<conjure_core::ast::expressions::Expression as serde::de::Deserialize>::deserialize::__Visitor as serde::de::Visitor>::visit_enum::__Visitor as serde::de::Visitor>::visit_seq::<serde_json::de::SeqAccess<serde_json::read::StrRead>>
FNDA:1,conjure_core::ast::expressions::expr_vec_to_domain_i32::{closure#0}
FNDA:0,<<<conjure_core::ast::expressions::Expression as serde::de::Deserialize>::deserialize::__Visitor as serde::de::Visitor>::visit_enum::__Visitor as serde::de::Visitor>::expecting
FNDA:0,<<<conjure_core::ast::expressions::Expression as serde::de::Deserialize>::deserialize::__Visitor as serde::de::Visitor>::visit_enum::__Visitor as serde::de::Visitor>::visit_seq::<_>
FNDA:1,conjure_core::ast::expressions::tests::test_domain_of_constant_invalid_type
FNDA:0,<<<conjure_core::ast::expressions::Expression as serde::de::Deserialize>::deserialize::__Visitor as serde::de::Visitor>::visit_enum::__Visitor as serde::de::Visitor>::visit_seq::<_>
FNDA:0,<<<conjure_core::ast::expressions::Expression as serde::de::Deserialize>::deserialize::__Visitor as serde::de::Visitor>::visit_enum::__Visitor as serde::de::Visitor>::expecting
FNDA:0,<<<conjure_core::ast::expressions::Expression as serde::de::Deserialize>::deserialize::__Visitor as serde::de::Visitor>::visit_enum::__Visitor as serde::de::Visitor>::expecting
FNDA:1,<conjure_core::ast::expressions::Expression>::domain_of::{closure#6}
FNDA:0,<<<conjure_core::ast::expressions::Expression as serde::de::Deserialize>::deserialize::__Visitor as serde::de::Visitor>::visit_enum::__Visitor as serde::de::Visitor>::visit_seq::<serde_json::de::SeqAccess<serde_json::read::StrRead>>
FNDA:1,<conjure_core::ast::expressions::Expression>::return_type
FNDA:1,conjure_core::ast::expressions::tests::test_domain_of_constant_sum
FNDA:0,<<<conjure_core::ast::expressions::Expression as serde::de::Deserialize>::deserialize::__Visitor as serde::de::Visitor>::visit_enum::__Visitor as serde::de::Visitor>::visit_seq::<_>
FNDA:0,<<<conjure_core::ast::expressions::Expression as serde::de::Deserialize>::deserialize::__Visitor as serde::de::Visitor>::visit_enum::__Visitor as serde::de::Visitor>::visit_seq::<_>
FNDA:0,<<<conjure_core::ast::expressions::Expression as serde::de::Deserialize>::deserialize::__Visitor as serde::de::Visitor>::visit_enum::__Visitor as serde::de::Visitor>::visit_seq::<_>
FNDA:0,<<<conjure_core::ast::expressions::Expression as serde::de::Deserialize>::deserialize::__Visitor as serde::de::Visitor>::visit_enum::__Visitor as serde::de::Visitor>::visit_seq::<_>
FNDA:0,<<<conjure_core::ast::expressions::Expression as serde::de::Deserialize>::deserialize::__Visitor as serde::de::Visitor>::visit_enum::__Visitor as serde::de::Visitor>::expecting
FNDA:0,<<<conjure_core::ast::expressions::Expression as serde::de::Deserialize>::deserialize::__Visitor as serde::de::Visitor>::visit_enum::__Visitor as serde::de::Visitor>::visit_seq::<_>
FNDA:1,<conjure_core::ast::expressions::Expression>::domain_of::{closure#7}
FNDA:0,<<<conjure_core::ast::expressions::Expression as serde::de::Deserialize>::deserialize::__Visitor as serde::de::Visitor>::visit_enum::__Visitor as serde::de::Visitor>::expecting
FNDA:0,<<<conjure_core::ast::expressions::Expression as serde::de::Deserialize>::deserialize::__Visitor as serde::de::Visitor>::visit_enum::__Visitor as serde::de::Visitor>::visit_seq::<serde_json::de::SeqAccess<serde_json::read::StrRead>>
FNDA:0,<<<conjure_core::ast::expressions::Expression as serde::de::Deserialize>::deserialize::__Visitor as serde::de::Visitor>::visit_enum::__Visitor as serde::de::Visitor>::expecting
FNDA:0,<conjure_core::ast::expressions::Expression>::is_safe
FNDA:0,<<<conjure_core::ast::expressions::Expression as serde::de::Deserialize>::deserialize::__Visitor as serde::de::Visitor>::visit_enum::__Visitor as serde::de::Visitor>::visit_seq::<serde_json::de::SeqAccess<serde_json::read::StrRead>>
FNDA:0,<conjure_core::ast::expressions::Expression>::set_meta
FNDA:1,<conjure_core::ast::expressions::Expression>::get_meta
FNDA:0,<conjure_core::ast::expressions::Expression>::domain_of::{closure#7}
FNDA:1,<conjure_core::ast::expressions::Expression>::domain_of::{closure#1}
FNDA:0,<<<conjure_core::ast::expressions::Expression as serde::de::Deserialize>::deserialize::__Visitor as serde::de::Visitor>::visit_enum::__Visitor as serde::de::Visitor>::visit_seq::<_>
FNDA:0,<<<conjure_core::ast::expressions::Expression as serde::de::Deserialize>::deserialize::__Visitor as serde::de::Visitor>::visit_enum::__Visitor as serde::de::Visitor>::visit_seq::<serde_json::de::SeqAccess<serde_json::read::StrRead>>
FNDA:0,<<<conjure_core::ast::expressions::Expression as serde::de::Deserialize>::deserialize::__Visitor as serde::de::Visitor>::visit_enum::__Visitor as serde::de::Visitor>::visit_seq::<_>
FNDA:0,<<<conjure_core::ast::expressions::Expression as serde::de::Deserialize>::deserialize::__Visitor as serde::de::Visitor>::visit_enum::__Visitor as serde::de::Visitor>::expecting
FNDA:1,conjure_core::ast::expressions::expr_vec_to_domain_i32::{closure#1}::{closure#0}::{closure#0}
FNDA:0,<<<conjure_core::ast::expressions::Expression as serde::de::Deserialize>::deserialize::__Visitor as serde::de::Visitor>::visit_enum::__Visitor as serde::de::Visitor>::visit_seq::<_>
FNDA:1,conjure_core::ast::expressions::range_vec_bounds_i32
FNDA:0,<<<conjure_core::ast::expressions::Expression as serde::de::Deserialize>::deserialize::__Visitor as serde::de::Visitor>::visit_enum::__Visitor as serde::de::Visitor>::visit_seq::<serde_json::de::SeqAccess<serde_json::read::StrRead>>
FNDA:0,<<<conjure_core::ast::expressions::Expression as serde::de::Deserialize>::deserialize::__Visitor as serde::de::Visitor>::visit_enum::__Visitor as serde::de::Visitor>::visit_seq::<_>
FNDA:0,<conjure_core::ast::expressions::Expression>::domain_of::{closure#6}
FNDA:0,<<conjure_core::ast::expressions::Expression as serde::de::Deserialize>::deserialize::__FieldVisitor as serde::de::Visitor>::expecting
FNDA:1,conjure_core::ast::expressions::tests::test_domain_of_reference_not_found
FNDA:0,<<<conjure_core::ast::expressions::Expression as serde::de::Deserialize>::deserialize::__Visitor as serde::de::Visitor>::visit_enum::__Visitor as serde::de::Visitor>::visit_seq::<_>
FNDA:0,<<<conjure_core::ast::expressions::Expression as serde::de::Deserialize>::deserialize::__Visitor as serde::de::Visitor>::visit_enum::__Visitor as serde::de::Visitor>::visit_seq::<serde_json::de::SeqAccess<serde_json::read::StrRead>>
FNDA:0,<<<conjure_core::ast::expressions::Expression as serde::de::Deserialize>::deserialize::__Visitor as serde::de::Visitor>::visit_enum::__Visitor as serde::de::Visitor>::visit_seq::<serde_json::de::SeqAccess<serde_json::read::StrRead>>
FNDA:0,<<<conjure_core::ast::expressions::Expression as serde::de::Deserialize>::deserialize::__Visitor as serde::de::Visitor>::visit_enum::__Visitor as serde::de::Visitor>::expecting
FNDA:0,<<<conjure_core::ast::expressions::Expression as serde::de::Deserialize>::deserialize::__Visitor as serde::de::Visitor>::visit_enum::__Visitor as serde::de::Visitor>::expecting
FNDA:0,<<<conjure_core::ast::expressions::Expression as serde::de::Deserialize>::deserialize::__Visitor as serde::de::Visitor>::visit_enum::__Visitor as serde::de::Visitor>::visit_seq::<serde_json::de::SeqAccess<serde_json::read::StrRead>>
FNDA:0,<<<conjure_core::ast::expressions::Expression as serde::de::Deserialize>::deserialize::__Visitor as serde::de::Visitor>::visit_enum::__Visitor as serde::de::Visitor>::visit_seq::<serde_json::de::SeqAccess<serde_json::read::StrRead>>
FNDA:1,<conjure_core::ast::expressions::Expression>::domain_of
FNDA:1,<conjure_core::ast::expressions::Expression>::as_atom
FNDA:0,<conjure_core::ast::expressions::Expression>::domain_of::{closure#3}
FNDA:0,<<<conjure_core::ast::expressions::Expression as serde::de::Deserialize>::deserialize::__Visitor as serde::de::Visitor>::visit_enum::__Visitor as serde::de::Visitor>::visit_seq::<_>
FNDA:0,<<<conjure_core::ast::expressions::Expression as serde::de::Deserialize>::deserialize::__Visitor as serde::de::Visitor>::visit_enum::__Visitor as serde::de::Visitor>::visit_seq::<serde_json::de::SeqAccess<serde_json::read::StrRead>>
FNDA:0,<<<conjure_core::ast::expressions::Expression as serde::de::Deserialize>::deserialize::__Visitor as serde::de::Visitor>::visit_enum::__Visitor as serde::de::Visitor>::visit_seq::<_>
FNDA:0,<conjure_core::ast::expressions::Expression>::domain_of::{closure#5}
FNDA:0,<<<conjure_core::ast::expressions::Expression as serde::de::Deserialize>::deserialize::__Visitor as serde::de::Visitor>::visit_enum::__Visitor as serde::de::Visitor>::expecting
FNDA:0,<conjure_core::ast::expressions::Expression>::set_meta
FNDA:0,<<<conjure_core::ast::expressions::Expression as serde::de::Deserialize>::deserialize::__Visitor as serde::de::Visitor>::visit_enum::__Visitor as serde::de::Visitor>::visit_seq::<serde_json::de::SeqAccess<serde_json::read::StrRead>>
FNDA:0,<<<conjure_core::ast::expressions::Expression as serde::de::Deserialize>::deserialize::__Visitor as serde::de::Visitor>::visit_enum::__Visitor as serde::de::Visitor>::visit_seq::<_>
FNDA:0,<<conjure_core::ast::expressions::Expression as serde::de::Deserialize>::deserialize::__Field as serde::de::Deserialize>::deserialize::<_>
FNF:229
FNH:39
BRF:0
BRH:0
DA:23,8166
DA:160,4102
DA:161,4102
DA:162,4102
DA:163,4102
DA:164,4102
DA:165,11806
DA:166,4102
DA:167,4102
DA:168,7706
DA:169,4102
DA:170,4102
DA:172,1990
DA:173,1990
DA:174,1990
DA:175,311190
DA:176,309200
DA:177,309200
DA:178,309200
DA:179,2738
DA:180,306462
DA:181,309200
DA:182,25894
DA:183,283308
DA:185,0
DA:186,0
DA:187,0
DA:188,0
DA:189,0
DA:190,0
DA:191,0
DA:195,1990
DA:196,1990
DA:200,19633
DA:201,10384
DA:202,13028
DA:203,462
DA:204,462
DA:206,1
DA:207,453855
DA:208,136
DA:209,3349
DA:211,119
DA:212,1700
DA:214,0
DA:215,0
DA:216,0
DA:218,629
DA:219,629
DA:220,20842
DA:221,629
DA:224,629
DA:225,629
DA:226,629
DA:227,629
DA:228,629
DA:230,0
DA:231,0
DA:234,0
DA:235,0
DA:236,0
DA:239,374
DA:240,374
DA:241,11849
DA:242,374
DA:245,374
DA:246,374
DA:247,374
DA:248,374
DA:249,374
DA:251,0
DA:252,0
DA:256,255
DA:257,0
DA:258,0
DA:259,0
DA:260,0
DA:261,0
DA:262,0
DA:263,0
DA:264,0
DA:265,0
DA:266,0
DA:267,0
DA:268,0
DA:269,0
DA:270,0
DA:271,0
DA:272,0
DA:273,0
DA:274,0
DA:275,0
DA:276,748
DA:277,748
DA:278,17
DA:281,731
DA:282,731
DA:283,17
DA:284,714
DA:288,731
DA:290,34
DA:291,34
DA:292,306
DA:294,0
DA:298,7049
DA:301,7049
DA:302,1990
DA:303,1990
DA:305,8394
DA:307,19633
DA:309,17
DA:310,17
DA:311,17
DA:313,0
DA:314,0
DA:315,0
DA:323,7514
DA:325,24650
DA:326,24650
DA:328,850
DA:330,23800
DA:333,6664
DA:334,7514
DA:336,1428
DA:337,0
DA:338,0
DA:339,0
DA:340,0
DA:341,0
DA:342,0
DA:343,0
DA:344,0
DA:345,0
DA:346,0
DA:347,612
DA:348,136
DA:349,0
DA:350,0
DA:351,0
DA:352,0
DA:353,306
DA:354,68
DA:355,0
DA:356,0
DA:357,0
DA:358,0
DA:359,0
DA:360,0
DA:361,0
DA:362,0
DA:363,0
DA:364,0
DA:365,51
DA:366,221
DA:367,0
DA:368,34
DA:369,0
DA:370,0
DA:372,1428
DA:374,0
DA:375,0
DA:376,0
DA:377,0
DA:379,0
DA:380,0
DA:381,0
DA:382,0
DA:383,0
DA:385,36023
DA:386,36023
DA:387,23052
DA:389,12971
DA:391,36023
DA:394,8254673
DA:395,7805142
DA:396,8254673
DA:399,8254673
DA:402,8398
DA:403,8398
DA:404,8398
DA:405,8398
DA:406,8398
DA:407,8398
DA:408,15028
DA:409,8398
DA:410,8398
DA:411,8398
DA:412,8398
DA:413,8398
DA:414,8398
DA:415,8398
DA:416,8398
DA:417,8398
DA:418,8398
DA:419,8398
DA:422,527
DA:423,527
DA:424,527
DA:428,0
DA:429,0
DA:430,0
DA:434,3468
DA:435,3468
DA:436,3468
DA:440,80359
DA:441,80359
DA:442,44081
DA:443,1207
DA:444,1207
DA:446,391
DA:447,391
DA:449,289
DA:450,289
DA:452,731
DA:453,731
DA:455,748
DA:456,748
DA:458,4675
DA:459,4675
DA:461,3485
DA:462,3485
DA:464,6239
DA:465,6239
DA:467,408
DA:468,408
DA:470,561
DA:471,561
DA:473,0
DA:474,0
DA:476,17
DA:477,17
DA:479,374
DA:480,374
DA:481,374
DA:482,374
DA:483,374
DA:484,374
DA:485,374
DA:487,272
DA:488,272
DA:490,408
DA:491,408
DA:493,578
DA:494,578
DA:495,578
DA:496,578
DA:497,578
DA:498,578
DA:499,578
DA:500,34
DA:501,34
DA:503,2414
DA:504,2414
DA:506,4386
DA:507,4386
DA:509,867
DA:510,867
DA:512,357
DA:513,357
DA:514,357
DA:515,357
DA:516,357
DA:517,357
DA:518,357
DA:519,357
DA:521,272
DA:522,272
DA:523,272
DA:524,272
DA:525,272
DA:526,272
DA:527,272
DA:528,272
DA:531,34
DA:532,34
DA:534,0
DA:535,0
DA:537,1105
DA:538,1105
DA:540,680
DA:541,680
DA:543,3400
DA:544,3400
DA:546,2125
DA:547,2125
DA:549,51
DA:550,51
DA:552,170
DA:553,170
DA:556,80359
DA:566,1
DA:567,1
DA:568,1
DA:569,1
DA:570,1
DA:571,1
DA:572,1
DA:573,1
DA:574,1
DA:577,1
DA:578,1
DA:579,1
DA:580,1
DA:581,1
DA:582,1
DA:585,1
DA:586,1
DA:587,1
DA:588,1
DA:591,1
DA:592,1
DA:593,1
DA:594,1
DA:595,1
DA:596,1
DA:597,1
DA:598,1
DA:599,1
DA:600,1
DA:601,1
DA:602,1
DA:605,1
DA:606,1
DA:607,1
DA:608,1
DA:611,1
DA:612,1
DA:613,1
DA:614,1
DA:615,1
DA:616,1
DA:617,1
DA:618,1
DA:619,1
DA:620,1
DA:621,1
DA:622,1
DA:623,1
DA:626,1
DA:627,1
DA:628,1
DA:629,1
DA:630,1
DA:631,1
DA:632,1
DA:633,1
DA:634,1
DA:635,1
DA:636,1
DA:637,1
DA:638,1
LF:351
LH:268
end_of_record
SF:crates/tree_morph/src/lib.rs
FN:105,rust_out::main
FN:140,rust_out::bx
FN:43,<rust_out::ReductionRule as tree_morph::rule::Rule<rust_out::Expr, ()>>::apply
FNDA:1,rust_out::main
FNDA:1,rust_out::bx
FNDA:1,<rust_out::ReductionRule as tree_morph::rule::Rule<rust_out::Expr, ()>>::apply
FNF:3
FNH:3
BRF:0
BRH:0
DA:43,153
DA:47,153
DA:48,12
DA:49,12
DA:50,12
DA:51,23
DA:53,11
DA:54,11
DA:55,21
DA:57,6
DA:58,6
DA:59,6
DA:60,20
DA:62,5
DA:63,5
DA:64,5
DA:65,20
DA:67,20
DA:68,1
DA:69,1
DA:70,0
DA:72,19
DA:74,26
DA:75,13
DA:76,1
DA:77,12
DA:79,7
DA:80,1
DA:81,6
DA:83,1
DA:84,0
DA:85,1
DA:87,5
DA:89,19
DA:90,9
DA:91,1
DA:92,8
DA:94,5
DA:95,1
DA:96,4
DA:98,5
DA:101,153
DA:105,1
DA:109,1
DA:110,1
DA:111,1
DA:112,1
DA:113,1
DA:114,1
DA:115,1
DA:116,1
DA:117,1
DA:118,1
DA:119,1
DA:120,1
DA:121,1
DA:122,1
DA:123,1
DA:124,1
DA:125,1
DA:126,1
DA:127,1
DA:128,1
DA:129,1
DA:130,1
DA:131,1
DA:132,1
DA:133,1
DA:134,1
DA:135,1
DA:136,1
DA:137,1
DA:138,1
DA:140,20
DA:141,20
DA:142,20
LF:76
LH:74
end_of_record
