TN:
SF:crates/conjure_core/src/solver/adaptors/sat_common.rs
FN:220,<conjure_core::solver::adaptors::sat_common::CNFModel>::handle_or
FN:325,<&conjure_core::ast::symbol_table::Name as conjure_core::solver::adaptors::sat_common::HasVariable>::has_variable
FN:325,<&conjure_core::ast::symbol_table::Name as conjure_core::solver::adaptors::sat_common::HasVariable>::has_variable
FN:90,<conjure_core::solver::adaptors::sat_common::CNFModel>::get_name
FN:288,<conjure_core::solver::adaptors::sat_common::CNFModel as core::default::Default>::default
FN:207,<conjure_core::solver::adaptors::sat_common::CNFModel>::handle_not
FN:188,<conjure_core::solver::adaptors::sat_common::CNFModel>::get_reference_index
FN:102,<conjure_core::solver::adaptors::sat_common::CNFModel>::add_variable
FN:276,<conjure_core::solver::adaptors::sat_common::CNFModel>::handle_expression
FN:141,<conjure_core::solver::adaptors::sat_common::CNFModel>::as_expression
FN:117,<conjure_core::solver::adaptors::sat_common::CNFModel>::add_clause
FN:253,<conjure_core::solver::adaptors::sat_common::CNFModel>::handle_and
FN:236,<conjure_core::solver::adaptors::sat_common::CNFModel>::handle_flat_expression
FN:102,<conjure_core::solver::adaptors::sat_common::CNFModel>::add_variable
FN:200,<conjure_core::solver::adaptors::sat_common::CNFModel>::handle_reference
FN:85,<conjure_core::solver::adaptors::sat_common::CNFModel>::get_index
FN:85,<conjure_core::solver::adaptors::sat_common::CNFModel>::get_index
FN:110,<conjure_core::solver::adaptors::sat_common::CNFModel>::has_variable::<_>
FN:200,<conjure_core::solver::adaptors::sat_common::CNFModel>::handle_reference
FN:37,<conjure_core::solver::adaptors::sat_common::CNFModel>::from_conjure
FN:154,<conjure_core::solver::adaptors::sat_common::CNFModel>::clause_to_expression
FN:130,<conjure_core::solver::adaptors::sat_common::CNFModel>::add_expression
FN:253,<conjure_core::solver::adaptors::sat_common::CNFModel>::handle_and
FN:207,<conjure_core::solver::adaptors::sat_common::CNFModel>::handle_not
FN:29,<conjure_core::solver::adaptors::sat_common::CNFModel>::new
FN:154,<conjure_core::solver::adaptors::sat_common::CNFModel>::clause_to_expression
FN:74,<conjure_core::solver::adaptors::sat_common::CNFModel>::get_variables
FN:90,<conjure_core::solver::adaptors::sat_common::CNFModel>::get_name
FN:29,<conjure_core::solver::adaptors::sat_common::CNFModel>::new
FN:117,<conjure_core::solver::adaptors::sat_common::CNFModel>::add_clause
FN:288,<conjure_core::solver::adaptors::sat_common::CNFModel as core::default::Default>::default
FN:141,<conjure_core::solver::adaptors::sat_common::CNFModel>::as_expression
FN:110,<conjure_core::solver::adaptors::sat_common::CNFModel>::has_variable::<i32>
FN:276,<conjure_core::solver::adaptors::sat_common::CNFModel>::handle_expression
FN:236,<conjure_core::solver::adaptors::sat_common::CNFModel>::handle_flat_expression
FN:220,<conjure_core::solver::adaptors::sat_common::CNFModel>::handle_or
FN:188,<conjure_core::solver::adaptors::sat_common::CNFModel>::get_reference_index
FN:74,<conjure_core::solver::adaptors::sat_common::CNFModel>::get_variables
FN:319,<i32 as conjure_core::solver::adaptors::sat_common::HasVariable>::has_variable
FN:130,<conjure_core::solver::adaptors::sat_common::CNFModel>::add_expression
FN:319,<i32 as conjure_core::solver::adaptors::sat_common::HasVariable>::has_variable
FN:37,<conjure_core::solver::adaptors::sat_common::CNFModel>::from_conjure
FNDA:0,<conjure_core::solver::adaptors::sat_common::CNFModel>::handle_or
FNDA:0,<&conjure_core::ast::symbol_table::Name as conjure_core::solver::adaptors::sat_common::HasVariable>::has_variable
FNDA:0,<&conjure_core::ast::symbol_table::Name as conjure_core::solver::adaptors::sat_common::HasVariable>::has_variable
FNDA:0,<conjure_core::solver::adaptors::sat_common::CNFModel>::get_name
FNDA:0,<conjure_core::solver::adaptors::sat_common::CNFModel as core::default::Default>::default
FNDA:0,<conjure_core::solver::adaptors::sat_common::CNFModel>::handle_not
FNDA:0,<conjure_core::solver::adaptors::sat_common::CNFModel>::get_reference_index
FNDA:0,<conjure_core::solver::adaptors::sat_common::CNFModel>::add_variable
FNDA:0,<conjure_core::solver::adaptors::sat_common::CNFModel>::handle_expression
FNDA:0,<conjure_core::solver::adaptors::sat_common::CNFModel>::as_expression
FNDA:0,<conjure_core::solver::adaptors::sat_common::CNFModel>::add_clause
FNDA:0,<conjure_core::solver::adaptors::sat_common::CNFModel>::handle_and
FNDA:0,<conjure_core::solver::adaptors::sat_common::CNFModel>::handle_flat_expression
FNDA:0,<conjure_core::solver::adaptors::sat_common::CNFModel>::add_variable
FNDA:0,<conjure_core::solver::adaptors::sat_common::CNFModel>::handle_reference
FNDA:0,<conjure_core::solver::adaptors::sat_common::CNFModel>::get_index
FNDA:0,<conjure_core::solver::adaptors::sat_common::CNFModel>::get_index
FNDA:0,<conjure_core::solver::adaptors::sat_common::CNFModel>::has_variable::<_>
FNDA:0,<conjure_core::solver::adaptors::sat_common::CNFModel>::handle_reference
FNDA:0,<conjure_core::solver::adaptors::sat_common::CNFModel>::from_conjure
FNDA:0,<conjure_core::solver::adaptors::sat_common::CNFModel>::clause_to_expression
FNDA:0,<conjure_core::solver::adaptors::sat_common::CNFModel>::add_expression
FNDA:0,<conjure_core::solver::adaptors::sat_common::CNFModel>::handle_and
FNDA:0,<conjure_core::solver::adaptors::sat_common::CNFModel>::handle_not
FNDA:0,<conjure_core::solver::adaptors::sat_common::CNFModel>::new
FNDA:0,<conjure_core::solver::adaptors::sat_common::CNFModel>::clause_to_expression
FNDA:0,<conjure_core::solver::adaptors::sat_common::CNFModel>::get_variables
FNDA:0,<conjure_core::solver::adaptors::sat_common::CNFModel>::get_name
FNDA:0,<conjure_core::solver::adaptors::sat_common::CNFModel>::new
FNDA:0,<conjure_core::solver::adaptors::sat_common::CNFModel>::add_clause
FNDA:0,<conjure_core::solver::adaptors::sat_common::CNFModel as core::default::Default>::default
FNDA:0,<conjure_core::solver::adaptors::sat_common::CNFModel>::as_expression
FNDA:0,<conjure_core::solver::adaptors::sat_common::CNFModel>::has_variable::<i32>
FNDA:0,<conjure_core::solver::adaptors::sat_common::CNFModel>::handle_expression
FNDA:0,<conjure_core::solver::adaptors::sat_common::CNFModel>::handle_flat_expression
FNDA:0,<conjure_core::solver::adaptors::sat_common::CNFModel>::handle_or
FNDA:0,<conjure_core::solver::adaptors::sat_common::CNFModel>::get_reference_index
FNDA:0,<conjure_core::solver::adaptors::sat_common::CNFModel>::get_variables
FNDA:0,<i32 as conjure_core::solver::adaptors::sat_common::HasVariable>::has_variable
FNDA:0,<conjure_core::solver::adaptors::sat_common::CNFModel>::add_expression
FNDA:0,<i32 as conjure_core::solver::adaptors::sat_common::HasVariable>::has_variable
FNDA:0,<conjure_core::solver::adaptors::sat_common::CNFModel>::from_conjure
FNF:42
FNH:0
BRF:0
BRH:0
DA:29,0
DA:30,0
DA:31,0
DA:32,0
DA:33,0
DA:34,0
DA:35,0
DA:37,0
DA:38,0
DA:40,0
DA:42,0
DA:44,0
DA:46,0
DA:47,0
DA:48,0
DA:49,0
DA:50,0
DA:51,0
DA:52,0
DA:53,0
DA:54,0
DA:55,0
DA:56,0
DA:59,0
DA:60,0
DA:61,0
DA:62,0
DA:63,0
DA:64,0
DA:69,0
DA:70,0
DA:74,0
DA:75,0
DA:77,0
DA:78,0
DA:79,0
DA:81,0
DA:82,0
DA:85,0
DA:86,0
DA:87,0
DA:90,0
DA:91,0
DA:92,0
DA:93,0
DA:94,0
DA:95,0
DA:98,0
DA:99,0
DA:102,0
DA:103,0
DA:104,0
DA:105,0
DA:110,0
DA:111,0
DA:112,0
DA:117,0
DA:118,0
DA:119,0
DA:120,0
DA:121,0
DA:123,0
DA:124,0
DA:125,0
DA:130,0
DA:131,0
DA:132,0
DA:134,0
DA:135,0
DA:141,0
DA:142,0
DA:144,0
DA:145,0
DA:148,0
DA:149,0
DA:154,0
DA:155,0
DA:157,0
DA:158,0
DA:159,0
DA:160,0
DA:161,0
DA:162,0
DA:163,0
DA:164,0
DA:165,0
DA:166,0
DA:167,0
DA:168,0
DA:169,0
DA:170,0
DA:171,0
DA:172,0
DA:173,0
DA:174,0
DA:180,0
DA:181,0
DA:188,0
DA:189,0
DA:190,0
DA:191,0
DA:193,0
DA:200,0
DA:201,0
DA:202,0
DA:207,0
DA:208,0
DA:210,0
DA:211,0
DA:213,0
DA:215,0
DA:220,0
DA:221,0
DA:223,0
DA:224,0
DA:225,0
DA:226,0
DA:227,0
DA:230,0
DA:231,0
DA:236,0
DA:237,0
DA:238,0
DA:239,0
DA:240,0
DA:241,0
DA:242,0
DA:244,0
DA:245,0
DA:246,0
DA:248,0
DA:253,0
DA:254,0
DA:255,0
DA:256,0
DA:257,0
DA:259,0
DA:260,0
DA:261,0
DA:262,0
DA:265,0
DA:270,0
DA:271,0
DA:276,0
DA:277,0
DA:278,0
DA:279,0
DA:280,0
DA:281,0
DA:282,0
DA:284,0
DA:288,0
DA:289,0
DA:290,0
DA:319,0
DA:320,0
DA:321,0
DA:325,0
DA:326,0
DA:327,0
LF:160
LH:0
end_of_record
SF:conjure_oxide/src/find_conjure.rs
FN:25,conjure_oxide::find_conjure::conjure_executable::{closure#0}
FN:25,conjure_oxide::find_conjure::conjure_executable::{closure#0}
FN:9,conjure_oxide::find_conjure::conjure_executable
FN:9,conjure_oxide::find_conjure::conjure_executable
FNDA:0,conjure_oxide::find_conjure::conjure_executable::{closure#0}
FNDA:0,conjure_oxide::find_conjure::conjure_executable::{closure#0}
FNDA:0,conjure_oxide::find_conjure::conjure_executable
FNDA:1,conjure_oxide::find_conjure::conjure_executable
FNF:4
FNH:1
BRF:0
BRH:0
DA:9,6
DA:10,6
DA:11,6
DA:12,6
DA:13,6
DA:15,6
DA:16,0
DA:17,6
DA:18,6
DA:19,6
DA:20,6
DA:21,6
DA:22,6
DA:23,0
DA:24,0
DA:25,0
DA:26,0
DA:27,0
DA:28,0
DA:29,0
DA:30,0
DA:32,0
DA:34,6
DA:35,6
DA:36,6
DA:37,6
DA:38,6
DA:40,6
DA:41,6
DA:42,0
DA:44,0
DA:45,0
DA:46,0
DA:47,0
DA:48,0
DA:49,0
DA:50,0
DA:51,0
DA:53,0
DA:55,6
DA:56,0
DA:57,0
DA:58,0
DA:59,0
DA:60,0
DA:61,6
DA:62,6
DA:63,6
LF:48
LH:23
end_of_record
SF:crates/conjure_core/src/rules/cnf.rs
FN:8,conjure_core::rules::cnf::CONJURE_GEN_RULE_SET_CNF::__typecheck::{closure#0}::{closure#0}
FN:8,conjure_core::rules::cnf::CONJURE_GEN_RULE_SET_CNF::__typecheck::{closure#0}::{closure#0}
FNDA:0,conjure_core::rules::cnf::CONJURE_GEN_RULE_SET_CNF::__typecheck::{closure#0}::{closure#0}
FNDA:0,conjure_core::rules::cnf::CONJURE_GEN_RULE_SET_CNF::__typecheck::{closure#0}::{closure#0}
FNF:2
FNH:0
BRF:0
BRH:0
LF:0
LH:0
end_of_record
SF:crates/conjure_core/src/rule_engine/rewriter_common.rs
FN:49,<conjure_core::rule_engine::rewriter_common::RewriteError as core::convert::From<conjure_core::rule_engine::resolve_rules::ResolveRulesError>>::from
FN:49,<conjure_core::rule_engine::rewriter_common::RewriteError as core::convert::From<conjure_core::rule_engine::resolve_rules::ResolveRulesError>>::from
FN:17,conjure_core::rule_engine::rewriter_common::log_rule_application
FN:17,conjure_core::rule_engine::rewriter_common::log_rule_application
FNDA:0,<conjure_core::rule_engine::rewriter_common::RewriteError as core::convert::From<conjure_core::rule_engine::resolve_rules::ResolveRulesError>>::from
FNDA:0,<conjure_core::rule_engine::rewriter_common::RewriteError as core::convert::From<conjure_core::rule_engine::resolve_rules::ResolveRulesError>>::from
FNDA:1,conjure_core::rule_engine::rewriter_common::log_rule_application
FNDA:0,conjure_core::rule_engine::rewriter_common::log_rule_application
FNF:4
FNH:1
BRF:0
BRH:0
DA:17,22066
DA:18,22066
DA:19,22066
DA:20,22066
DA:21,22066
DA:22,22066
DA:24,0
DA:31,22066
DA:33,5100
DA:39,22066
DA:49,0
DA:50,0
DA:51,0
LF:13
LH:9
end_of_record
SF:crates/tree_morph/src/helpers.rs
FN:13,tree_morph::helpers::select_first::<add_mul::Expr, add_mul::Meta, add_mul::ReductionRule>::{closure#0}
FN:5,tree_morph::helpers::select_first::<_, _, _>
FN:13,tree_morph::helpers::select_first::<_, _, _>::{closure#0}
FN:5,tree_morph::helpers::select_first::<rust_out::Expr, (), rust_out::ReductionRule>
FN:13,tree_morph::helpers::select_first::<rust_out::Expr, (), rust_out::ReductionRule>::{closure#0}
FN:5,tree_morph::helpers::select_first::<add_mul::Expr, add_mul::Meta, add_mul::ReductionRule>
FNDA:1,tree_morph::helpers::select_first::<add_mul::Expr, add_mul::Meta, add_mul::ReductionRule>::{closure#0}
FNDA:0,tree_morph::helpers::select_first::<_, _, _>
FNDA:0,tree_morph::helpers::select_first::<_, _, _>::{closure#0}
FNDA:1,tree_morph::helpers::select_first::<rust_out::Expr, (), rust_out::ReductionRule>
FNDA:1,tree_morph::helpers::select_first::<rust_out::Expr, (), rust_out::ReductionRule>::{closure#0}
FNDA:1,tree_morph::helpers::select_first::<add_mul::Expr, add_mul::Meta, add_mul::ReductionRule>
FNF:6
FNH:4
BRF:0
BRH:0
DA:5,37
DA:6,37
DA:7,37
DA:8,37
DA:9,37
DA:10,37
DA:11,37
DA:12,37
DA:13,37
DA:14,37
LF:10
LH:10
end_of_record
SF:solvers/minion/src/run.rs
FN:672,minion_rs::run::read_2_vars::{closure#0}
FN:620,minion_rs::run::read_list::{closure#1}
FN:616,minion_rs::run::read_list::{closure#0}
FN:33,rust_out::main::_doctest_main_solvers_minion_src_run_rs_32_0
FN:758,minion_rs::run::read_constraint_list
FN:390,minion_rs::run::constraint_add_args
FN:390,minion_rs::run::constraint_add_args
FN:33,rust_out::main
FN:672,minion_rs::run::read_2_vars::{closure#0}
FN:763,minion_rs::run::read_constraint_list::{closure#0}
FN:274,minion_rs::run::convert_model_to_raw::{closure#2}
FN:300,minion_rs::run::get_constraint_type
FN:166,minion_rs::run::run_minion
FN:233,minion_rs::run::convert_model_to_raw::{closure#1}
FN:717,minion_rs::run::read_constant_list
FN:684,minion_rs::run::read_2_vars::{closure#1}
FN:721,minion_rs::run::read_constant_list::{closure#0}
FN:742,minion_rs::run::read_constraint
FN:768,minion_rs::run::read_constraint_list::{closure#1}
FN:664,minion_rs::run::read_2_vars
FN:647,minion_rs::run::read_var::{closure#1}
FN:233,minion_rs::run::convert_model_to_raw::{closure#1}
FN:748,minion_rs::run::read_constraint::{closure#0}
FN:172,minion_rs::run::run_minion::{closure#0}
FN:45,rust_out::main::_doctest_main_solvers_minion_src_run_rs_32_0::callback
FN:300,minion_rs::run::get_constraint_type
FN:611,minion_rs::run::read_list
FN:620,minion_rs::run::read_list::{closure#1}
FN:274,minion_rs::run::convert_model_to_raw::{closure#2}
FN:644,minion_rs::run::read_var::{closure#0}
FN:684,minion_rs::run::read_2_vars::{closure#1}
FN:208,minion_rs::run::convert_model_to_raw
FN:611,minion_rs::run::read_list
FN:742,minion_rs::run::read_constraint
FN:225,minion_rs::run::convert_model_to_raw::{closure#0}
FN:748,minion_rs::run::read_constraint::{closure#0}
FN:763,minion_rs::run::read_constraint_list::{closure#0}
FN:639,minion_rs::run::read_var
FN:225,minion_rs::run::convert_model_to_raw::{closure#0}
FN:639,minion_rs::run::read_var
FN:208,minion_rs::run::convert_model_to_raw
FN:616,minion_rs::run::read_list::{closure#0}
FN:289,minion_rs::run::convert_model_to_raw::{closure#3}
FN:644,minion_rs::run::read_var::{closure#0}
FN:647,minion_rs::run::read_var::{closure#1}
FN:123,run_callback
FN:664,minion_rs::run::read_2_vars
FN:166,minion_rs::run::run_minion
FN:768,minion_rs::run::read_constraint_list::{closure#1}
FN:701,minion_rs::run::read_constant
FN:701,minion_rs::run::read_constant
FN:717,minion_rs::run::read_constant_list
FN:721,minion_rs::run::read_constant_list::{closure#0}
FN:758,minion_rs::run::read_constraint_list
FN:289,minion_rs::run::convert_model_to_raw::{closure#3}
FN:172,minion_rs::run::run_minion::{closure#0}
FNDA:0,minion_rs::run::read_2_vars::{closure#0}
FNDA:0,minion_rs::run::read_list::{closure#1}
FNDA:1,minion_rs::run::read_list::{closure#0}
FNDA:1,rust_out::main::_doctest_main_solvers_minion_src_run_rs_32_0
FNDA:0,minion_rs::run::read_constraint_list
FNDA:1,minion_rs::run::constraint_add_args
FNDA:0,minion_rs::run::constraint_add_args
FNDA:1,rust_out::main
FNDA:0,minion_rs::run::read_2_vars::{closure#0}
FNDA:0,minion_rs::run::read_constraint_list::{closure#0}
FNDA:1,minion_rs::run::convert_model_to_raw::{closure#2}
FNDA:1,minion_rs::run::get_constraint_type
FNDA:0,minion_rs::run::run_minion
FNDA:0,minion_rs::run::convert_model_to_raw::{closure#1}
FNDA:1,minion_rs::run::read_constant_list
FNDA:0,minion_rs::run::read_2_vars::{closure#1}
FNDA:0,minion_rs::run::read_constant_list::{closure#0}
FNDA:0,minion_rs::run::read_constraint
FNDA:0,minion_rs::run::read_constraint_list::{closure#1}
FNDA:0,minion_rs::run::read_2_vars
FNDA:0,minion_rs::run::read_var::{closure#1}
FNDA:0,minion_rs::run::convert_model_to_raw::{closure#1}
FNDA:0,minion_rs::run::read_constraint::{closure#0}
FNDA:0,minion_rs::run::run_minion::{closure#0}
FNDA:1,rust_out::main::_doctest_main_solvers_minion_src_run_rs_32_0::callback
FNDA:0,minion_rs::run::get_constraint_type
FNDA:0,minion_rs::run::read_list
FNDA:0,minion_rs::run::read_list::{closure#1}
FNDA:0,minion_rs::run::convert_model_to_raw::{closure#2}
FNDA:0,minion_rs::run::read_var::{closure#0}
FNDA:0,minion_rs::run::read_2_vars::{closure#1}
FNDA:1,minion_rs::run::convert_model_to_raw
FNDA:1,minion_rs::run::read_list
FNDA:1,minion_rs::run::read_constraint
FNDA:1,minion_rs::run::convert_model_to_raw::{closure#0}
FNDA:1,minion_rs::run::read_constraint::{closure#0}
FNDA:1,minion_rs::run::read_constraint_list::{closure#0}
FNDA:1,minion_rs::run::read_var
FNDA:0,minion_rs::run::convert_model_to_raw::{closure#0}
FNDA:0,minion_rs::run::read_var
FNDA:0,minion_rs::run::convert_model_to_raw
FNDA:0,minion_rs::run::read_list::{closure#0}
FNDA:1,minion_rs::run::convert_model_to_raw::{closure#3}
FNDA:1,minion_rs::run::read_var::{closure#0}
FNDA:0,minion_rs::run::read_var::{closure#1}
FNDA:1,run_callback
FNDA:1,minion_rs::run::read_2_vars
FNDA:1,minion_rs::run::run_minion
FNDA:1,minion_rs::run::read_constraint_list::{closure#1}
FNDA:0,minion_rs::run::read_constant
FNDA:1,minion_rs::run::read_constant
FNDA:0,minion_rs::run::read_constant_list
FNDA:1,minion_rs::run::read_constant_list::{closure#0}
FNDA:1,minion_rs::run::read_constraint_list
FNDA:0,minion_rs::run::convert_model_to_raw::{closure#3}
FNDA:1,minion_rs::run::run_minion::{closure#0}
FNF:56
FNH:25
BRF:0
BRH:0
DA:33,1
DA:45,1
DA:46,1
DA:47,1
DA:48,1
DA:49,1
DA:52,1
DA:53,1
DA:54,1
DA:55,1
DA:56,1
DA:57,1
DA:58,1
DA:59,1
DA:60,1
DA:61,1
DA:62,1
DA:63,1
DA:64,1
DA:65,1
DA:66,1
DA:67,1
DA:68,1
DA:69,1
DA:70,1
DA:71,1
DA:72,1
DA:73,1
DA:74,1
DA:75,1
DA:76,1
DA:77,1
DA:78,1
DA:79,1
DA:80,1
DA:81,1
DA:82,1
DA:83,1
DA:84,1
DA:85,1
DA:86,1
DA:87,1
DA:88,1
DA:89,1
DA:90,1
DA:91,1
DA:92,1
DA:93,1
DA:94,1
DA:95,1
DA:96,1
DA:97,1
DA:98,1
DA:99,1
DA:100,1
DA:101,1
DA:102,1
DA:103,1
DA:104,1
DA:105,1
DA:106,1
DA:107,1
DA:108,1
DA:109,1
DA:123,33327
DA:124,33327
DA:125,33327
DA:126,33327
DA:127,33327
DA:128,33327
DA:129,33327
DA:130,33327
DA:131,33327
DA:132,0
DA:133,33327
DA:135,33327
DA:136,33327
DA:137,0
DA:140,33327
DA:141,21
DA:142,33306
DA:143,33306
DA:144,33306
DA:145,33306
DA:147,149919
DA:148,149919
DA:149,149919
DA:150,149919
DA:151,149919
DA:154,33306
DA:155,0
DA:156,33306
DA:158,33327
DA:166,1407
DA:167,1407
DA:168,1407
DA:169,1407
DA:170,1407
DA:171,1407
DA:172,1407
DA:173,1407
DA:174,1407
DA:175,1407
DA:176,1407
DA:177,1407
DA:178,1407
DA:179,1407
DA:180,1407
DA:181,1407
DA:182,1407
DA:183,1407
DA:185,1407
DA:186,1407
DA:187,1407
DA:188,1407
DA:189,1407
DA:190,1407
DA:191,1407
DA:192,1407
DA:193,1407
DA:194,1407
DA:195,1407
DA:196,1407
DA:197,1407
DA:198,1407
DA:199,1407
DA:200,1407
DA:201,1407
DA:202,1407
DA:203,0
DA:206,1407
DA:208,1407
DA:209,1407
DA:210,1407
DA:211,1407
DA:212,1407
DA:213,1407
DA:214,1407
DA:215,1407
DA:216,1407
DA:217,1407
DA:218,1407
DA:219,1407
DA:220,1407
DA:221,1407
DA:222,1407
DA:223,1407
DA:224,1407
DA:225,1407
DA:226,1407
DA:227,1407
DA:228,1407
DA:229,1407
DA:230,1407
DA:232,4053
DA:233,4053
DA:234,0
DA:235,0
DA:236,0
DA:237,0
DA:238,4053
DA:240,4053
DA:241,4053
DA:242,4053
DA:243,4053
DA:245,4053
DA:246,3591
DA:247,462
DA:248,0
DA:249,0
DA:251,4053
DA:252,4053
DA:253,4053
DA:254,4053
DA:255,4053
DA:256,4053
DA:257,4053
DA:258,4053
DA:259,4053
DA:260,4053
DA:261,4053
DA:262,4053
DA:263,4053
DA:264,4053
DA:265,4053
DA:266,4053
DA:267,4053
DA:268,4053
DA:269,4053
DA:272,1407
DA:273,1407
DA:274,1407
DA:275,1407
DA:276,1407
DA:277,1407
DA:283,4494
DA:288,3087
DA:289,3087
DA:290,3087
DA:291,3087
DA:292,3087
DA:293,3087
DA:294,3087
DA:297,1407
DA:298,1407
DA:300,27951
DA:301,27951
DA:302,6174
DA:303,6237
DA:304,6762
DA:305,588
DA:306,0
DA:307,0
DA:308,336
DA:309,0
DA:310,336
DA:311,0
DA:312,0
DA:313,0
DA:314,0
DA:315,0
DA:316,0
DA:317,0
DA:318,0
DA:319,21
DA:320,0
DA:321,630
DA:322,5397
DA:323,0
DA:324,0
DA:325,0
DA:326,0
DA:327,0
DA:328,0
DA:329,0
DA:330,0
DA:331,0
DA:332,0
DA:333,0
DA:334,0
DA:335,0
DA:336,0
DA:337,0
DA:338,0
DA:339,0
DA:340,0
DA:341,0
DA:342,0
DA:343,0
DA:344,0
DA:345,0
DA:346,0
DA:347,0
DA:348,0
DA:349,0
DA:350,0
DA:351,0
DA:352,0
DA:353,0
DA:354,0
DA:355,0
DA:356,0
DA:357,0
DA:358,0
DA:359,0
DA:361,0
DA:364,0
DA:366,315
DA:367,0
DA:368,0
DA:369,0
DA:370,42
DA:371,0
DA:372,0
DA:373,0
DA:374,672
DA:375,0
DA:376,0
DA:377,0
DA:378,0
DA:379,420
DA:380,21
DA:383,0
DA:384,0
DA:385,0
DA:386,0
DA:388,27951
DA:390,27951
DA:391,27951
DA:392,27951
DA:393,27951
DA:394,27951
DA:395,27951
DA:396,6174
DA:397,6174
DA:398,6174
DA:399,6174
DA:401,6237
DA:402,6237
DA:403,6237
DA:404,6237
DA:406,6762
DA:407,6762
DA:408,6762
DA:409,6762
DA:410,6762
DA:412,588
DA:413,588
DA:414,588
DA:415,588
DA:417,0
DA:418,0
DA:419,0
DA:420,0
DA:422,0
DA:423,0
DA:424,0
DA:425,0
DA:427,336
DA:428,336
DA:429,336
DA:430,336
DA:432,0
DA:433,0
DA:434,0
DA:435,0
DA:437,336
DA:438,336
DA:439,336
DA:440,336
DA:442,0
DA:443,0
DA:444,0
DA:445,0
DA:447,0
DA:448,0
DA:449,0
DA:450,0
DA:452,0
DA:453,0
DA:454,0
DA:455,0
DA:456,0
DA:458,0
DA:459,0
DA:460,0
DA:461,0
DA:462,0
DA:464,0
DA:465,0
DA:466,0
DA:468,0
DA:469,0
DA:470,0
DA:472,0
DA:473,0
DA:474,0
DA:476,0
DA:477,0
DA:478,0
DA:479,0
DA:481,21
DA:482,21
DA:483,21
DA:484,21
DA:486,0
DA:487,0
DA:488,0
DA:489,0
DA:491,630
DA:492,630
DA:493,630
DA:495,5397
DA:496,5397
DA:497,5397
DA:499,0
DA:500,0
DA:501,0
DA:503,0
DA:504,0
DA:505,0
DA:507,0
DA:508,0
DA:509,0
DA:510,0
DA:512,0
DA:513,0
DA:514,0
DA:515,0
DA:517,0
DA:518,0
DA:519,0
DA:520,0
DA:522,0
DA:523,0
DA:524,0
DA:525,0
DA:526,0
DA:528,0
DA:529,0
DA:530,0
DA:531,0
DA:532,0
DA:534,0
DA:535,0
DA:536,0
DA:537,0
DA:538,0
DA:571,315
DA:572,315
DA:573,315
DA:574,315
DA:579,42
DA:580,42
DA:581,42
DA:582,42
DA:587,672
DA:588,672
DA:589,672
DA:590,672
DA:596,0
DA:597,0
DA:598,0
DA:599,0
DA:602,420
DA:603,21
DA:605,0
DA:607,27951
DA:611,12411
DA:612,12411
DA:613,12411
DA:614,12411
DA:615,12411
DA:616,12411
DA:617,49476
DA:618,37065
DA:619,37023
DA:620,37023
DA:621,0
DA:622,0
DA:623,0
DA:624,0
DA:625,37023
DA:626,37023
DA:628,42
DA:631,37065
DA:634,12411
DA:635,12411
DA:636,12411
DA:637,12411
DA:639,29505
DA:640,29505
DA:641,29505
DA:642,29505
DA:643,29505
DA:644,29505
DA:645,29505
DA:646,16107
DA:647,16107
DA:648,0
DA:649,0
DA:650,0
DA:651,0
DA:652,16107
DA:653,16107
DA:655,13398
DA:658,29505
DA:659,29505
DA:660,29505
DA:661,29505
DA:662,29505
DA:664,672
DA:665,672
DA:666,672
DA:667,672
DA:668,672
DA:669,672
DA:670,672
DA:671,630
DA:672,630
DA:673,0
DA:674,0
DA:675,0
DA:676,0
DA:677,630
DA:678,630
DA:680,42
DA:682,672
DA:683,672
DA:684,672
DA:685,0
DA:686,0
DA:687,0
DA:688,0
DA:689,672
DA:690,672
DA:692,0
DA:697,672
DA:698,672
DA:699,672
DA:701,7077
DA:702,7077
DA:703,7077
DA:704,7077
DA:705,7077
DA:706,7077
DA:707,0
DA:708,0
DA:709,0
DA:710,0
DA:712,7077
DA:713,7077
DA:714,7077
DA:715,7077
DA:717,42
DA:718,42
DA:719,42
DA:720,42
DA:721,42
DA:723,42
DA:724,42
DA:725,0
DA:726,21
DA:727,21
DA:729,0
DA:730,0
DA:732,42
DA:735,42
DA:736,42
DA:737,42
DA:742,21
DA:743,21
DA:744,21
DA:745,21
DA:746,21
DA:747,21
DA:748,21
DA:749,21
DA:750,21
DA:751,21
DA:752,21
DA:754,21
DA:755,21
DA:756,21
DA:758,6027
DA:759,6027
DA:760,6027
DA:761,6027
DA:762,6027
DA:763,6027
DA:764,6027
DA:765,6027
DA:766,24843
DA:767,24843
DA:768,24843
DA:769,24843
DA:770,24843
DA:771,24843
DA:772,24843
DA:773,24843
DA:776,6027
DA:777,6027
DA:778,6027
LF:563
LH:379
end_of_record
SF:crates/conjure_core/src/ast/literals.rs
FN:6,<<conjure_core::ast::literals::Literal as serde::de::Deserialize>::deserialize::__Field as serde::de::Deserialize>::deserialize::<_>
FN:6,<<conjure_core::ast::literals::Literal as serde::de::Deserialize>::deserialize::__Visitor as serde::de::Visitor>::expecting
FN:18,<i32 as core::convert::TryFrom<conjure_core::ast::literals::Literal>>::try_from
FN:49,<conjure_core::ast::literals::Literal as core::fmt::Display>::fmt
FN:28,<bool as core::convert::TryFrom<conjure_core::ast::literals::Literal>>::try_from
FN:6,<<conjure_core::ast::literals::Literal as serde::de::Deserialize>::deserialize::__FieldVisitor as serde::de::Visitor>::expecting
FN:49,<conjure_core::ast::literals::Literal as core::fmt::Display>::fmt
FN:6,<<conjure_core::ast::literals::Literal as serde::de::Deserialize>::deserialize::__Field as serde::de::Deserialize>::deserialize::<_>
FN:6,<<conjure_core::ast::literals::Literal as serde::de::Deserialize>::deserialize::__Visitor as serde::de::Visitor>::visit_enum::<_>
FN:6,<<conjure_core::ast::literals::Literal as serde::de::Deserialize>::deserialize::__Visitor as serde::de::Visitor>::expecting
FN:6,<<conjure_core::ast::literals::Literal as serde::de::Deserialize>::deserialize::__Field as serde::de::Deserialize>::deserialize::<&mut serde_json::de::Deserializer<serde_json::read::StrRead>>
FN:43,<conjure_core::ast::literals::Literal as core::convert::From<bool>>::from
FN:37,<conjure_core::ast::literals::Literal as core::convert::From<i32>>::from
FN:37,<conjure_core::ast::literals::Literal as core::convert::From<i32>>::from
FN:43,<conjure_core::ast::literals::Literal as core::convert::From<bool>>::from
FN:28,<bool as core::convert::TryFrom<conjure_core::ast::literals::Literal>>::try_from
FN:6,<<conjure_core::ast::literals::Literal as serde::de::Deserialize>::deserialize::__FieldVisitor as serde::de::Visitor>::expecting
FN:6,<<conjure_core::ast::literals::Literal as serde::de::Deserialize>::deserialize::__Visitor as serde::de::Visitor>::visit_enum::<serde_json::de::UnitVariantAccess<serde_json::read::StrRead>>
FN:6,<<conjure_core::ast::literals::Literal as serde::de::Deserialize>::deserialize::__Visitor as serde::de::Visitor>::visit_enum::<serde_json::de::VariantAccess<serde_json::read::StrRead>>
FN:18,<i32 as core::convert::TryFrom<conjure_core::ast::literals::Literal>>::try_from
FN:6,<<conjure_core::ast::literals::Literal as serde::de::Deserialize>::deserialize::__Visitor as serde::de::Visitor>::visit_enum::<_>
FNDA:0,<<conjure_core::ast::literals::Literal as serde::de::Deserialize>::deserialize::__Field as serde::de::Deserialize>::deserialize::<_>
FNDA:0,<<conjure_core::ast::literals::Literal as serde::de::Deserialize>::deserialize::__Visitor as serde::de::Visitor>::expecting
FNDA:1,<i32 as core::convert::TryFrom<conjure_core::ast::literals::Literal>>::try_from
FNDA:1,<conjure_core::ast::literals::Literal as core::fmt::Display>::fmt
FNDA:0,<bool as core::convert::TryFrom<conjure_core::ast::literals::Literal>>::try_from
FNDA:0,<<conjure_core::ast::literals::Literal as serde::de::Deserialize>::deserialize::__FieldVisitor as serde::de::Visitor>::expecting
FNDA:0,<conjure_core::ast::literals::Literal as core::fmt::Display>::fmt
FNDA:0,<<conjure_core::ast::literals::Literal as serde::de::Deserialize>::deserialize::__Field as serde::de::Deserialize>::deserialize::<_>
FNDA:0,<<conjure_core::ast::literals::Literal as serde::de::Deserialize>::deserialize::__Visitor as serde::de::Visitor>::visit_enum::<_>
FNDA:0,<<conjure_core::ast::literals::Literal as serde::de::Deserialize>::deserialize::__Visitor as serde::de::Visitor>::expecting
FNDA:1,<<conjure_core::ast::literals::Literal as serde::de::Deserialize>::deserialize::__Field as serde::de::Deserialize>::deserialize::<&mut serde_json::de::Deserializer<serde_json::read::StrRead>>
FNDA:0,<conjure_core::ast::literals::Literal as core::convert::From<bool>>::from
FNDA:0,<conjure_core::ast::literals::Literal as core::convert::From<i32>>::from
FNDA:0,<conjure_core::ast::literals::Literal as core::convert::From<i32>>::from
FNDA:0,<conjure_core::ast::literals::Literal as core::convert::From<bool>>::from
FNDA:1,<bool as core::convert::TryFrom<conjure_core::ast::literals::Literal>>::try_from
FNDA:0,<<conjure_core::ast::literals::Literal as serde::de::Deserialize>::deserialize::__FieldVisitor as serde::de::Visitor>::expecting
FNDA:0,<<conjure_core::ast::literals::Literal as serde::de::Deserialize>::deserialize::__Visitor as serde::de::Visitor>::visit_enum::<serde_json::de::UnitVariantAccess<serde_json::read::StrRead>>
FNDA:0,<<conjure_core::ast::literals::Literal as serde::de::Deserialize>::deserialize::__Visitor as serde::de::Visitor>::visit_enum::<serde_json::de::VariantAccess<serde_json::read::StrRead>>
FNDA:1,<i32 as core::convert::TryFrom<conjure_core::ast::literals::Literal>>::try_from
FNDA:0,<<conjure_core::ast::literals::Literal as serde::de::Deserialize>::deserialize::__Visitor as serde::de::Visitor>::visit_enum::<_>
FNF:21
FNH:5
BRF:0
BRH:0
DA:6,1740
DA:18,3113
DA:19,3113
DA:20,3062
DA:21,51
DA:23,3113
DA:28,476
DA:29,476
DA:30,187
DA:31,289
DA:33,476
DA:37,0
DA:38,0
DA:39,0
DA:43,0
DA:44,0
DA:45,0
DA:49,10846
DA:50,10846
DA:51,10387
DA:52,459
DA:54,10846
LF:22
LH:16
end_of_record
SF:crates/conjure_core/src/rules/base.rs
FN:100,conjure_core::rules::base::CONJURE_GEN_RULE_MAX_TO_VAR::__typecheck::{closure#0}::{closure#0}
FN:26,conjure_core::rules::base::remove_empty_expression
FN:53,rust_out::main
FN:13,conjure_core::rules::base::CONJURE_GEN_RULE_SET_BASE::__typecheck::{closure#0}::{closure#0}
FN:56,conjure_core::rules::base::CONJURE_GEN_RULE_MIN_TO_VAR::__typecheck::{closure#0}::{closure#0}
FN:101,conjure_core::rules::base::max_to_var
FN:100,conjure_core::rules::base::CONJURE_GEN_RULE_MAX_TO_VAR::__typecheck::{closure#0}::{closure#0}
FN:56,conjure_core::rules::base::CONJURE_GEN_RULE_MIN_TO_VAR::__typecheck::{closure#0}::{closure#0}
FN:53,rust_out::main::_doctest_main_crates_conjure_core_src_rules_base_rs_53_0
FN:13,conjure_core::rules::base::CONJURE_GEN_RULE_SET_BASE::__typecheck::{closure#0}::{closure#0}
FN:57,conjure_core::rules::base::min_to_var
FN:26,conjure_core::rules::base::remove_empty_expression
FN:101,conjure_core::rules::base::max_to_var
FN:97,rust_out::main::_doctest_main_crates_conjure_core_src_rules_base_rs_97_0
FN:57,conjure_core::rules::base::min_to_var
FN:25,conjure_core::rules::base::CONJURE_GEN_RULE_REMOVE_EMPTY_EXPRESSION::__typecheck::{closure#0}::{closure#0}
FN:25,conjure_core::rules::base::CONJURE_GEN_RULE_REMOVE_EMPTY_EXPRESSION::__typecheck::{closure#0}::{closure#0}
FNDA:0,conjure_core::rules::base::CONJURE_GEN_RULE_MAX_TO_VAR::__typecheck::{closure#0}::{closure#0}
FNDA:0,conjure_core::rules::base::remove_empty_expression
FNDA:1,rust_out::main
FNDA:0,conjure_core::rules::base::CONJURE_GEN_RULE_SET_BASE::__typecheck::{closure#0}::{closure#0}
FNDA:0,conjure_core::rules::base::CONJURE_GEN_RULE_MIN_TO_VAR::__typecheck::{closure#0}::{closure#0}
FNDA:0,conjure_core::rules::base::max_to_var
FNDA:0,conjure_core::rules::base::CONJURE_GEN_RULE_MAX_TO_VAR::__typecheck::{closure#0}::{closure#0}
FNDA:0,conjure_core::rules::base::CONJURE_GEN_RULE_MIN_TO_VAR::__typecheck::{closure#0}::{closure#0}
FNDA:1,rust_out::main::_doctest_main_crates_conjure_core_src_rules_base_rs_53_0
FNDA:0,conjure_core::rules::base::CONJURE_GEN_RULE_SET_BASE::__typecheck::{closure#0}::{closure#0}
FNDA:0,conjure_core::rules::base::min_to_var
FNDA:1,conjure_core::rules::base::remove_empty_expression
FNDA:1,conjure_core::rules::base::max_to_var
FNDA:1,rust_out::main::_doctest_main_crates_conjure_core_src_rules_base_rs_97_0
FNDA:1,conjure_core::rules::base::min_to_var
FNDA:0,conjure_core::rules::base::CONJURE_GEN_RULE_REMOVE_EMPTY_EXPRESSION::__typecheck::{closure#0}::{closure#0}
FNDA:0,conjure_core::rules::base::CONJURE_GEN_RULE_REMOVE_EMPTY_EXPRESSION::__typecheck::{closure#0}::{closure#0}
FNF:17
FNH:6
BRF:0
BRH:0
DA:26,8253466
DA:28,2097307
DA:29,8253466
DA:35,6156159
DA:36,2097307
DA:37,2097307
DA:38,2097307
DA:39,2097290
DA:40,17
DA:42,17
DA:43,17
DA:44,0
DA:47,17
DA:48,8253466
DA:53,1
DA:54,1
DA:55,1
DA:57,8216610
DA:58,8216610
DA:59,102
DA:60,102
DA:61,102
DA:62,102
DA:63,102
DA:64,306
DA:65,204
DA:66,204
DA:67,204
DA:68,204
DA:69,204
DA:70,204
DA:71,204
DA:72,204
DA:73,204
DA:74,204
DA:75,204
DA:76,102
DA:77,102
DA:78,102
DA:79,102
DA:80,102
DA:81,102
DA:82,102
DA:83,102
DA:84,102
DA:85,102
DA:86,102
DA:87,102
DA:88,102
DA:90,8216508
DA:92,8216610
DA:97,1
DA:98,1
DA:99,1
DA:101,8215131
DA:102,8215131
DA:103,68
DA:104,68
DA:105,68
DA:106,68
DA:107,68
DA:108,204
DA:109,136
DA:110,136
DA:111,136
DA:112,136
DA:113,136
DA:114,136
DA:115,136
DA:116,136
DA:117,136
DA:118,136
DA:119,136
DA:120,68
DA:121,68
DA:122,68
DA:123,68
DA:124,68
DA:125,68
DA:126,68
DA:127,68
DA:128,68
DA:129,68
DA:130,68
DA:131,68
DA:132,68
DA:134,8215063
DA:136,8215131
LF:88
LH:87
end_of_record
SF:crates/conjure_core/src/solver/mod.rs
FN:136,<<conjure_core::solver::SolverFamily as serde::de::Deserialize>::deserialize::__Visitor as serde::de::Visitor>::expecting
FN:136,<<conjure_core::solver::SolverFamily as serde::de::Deserialize>::deserialize::__Field as serde::de::Deserialize>::deserialize::<_>
FN:25,rust_out::main
FN:136,<<conjure_core::solver::SolverFamily as serde::de::Deserialize>::deserialize::__Visitor as serde::de::Visitor>::expecting
FN:275,<conjure_core::solver::Solver<_>>::get_family
FN:25,rust_out::main::_doctest_main_crates_conjure_core_src_solver_mod_rs_24_0
FN:223,<conjure_core::solver::adaptors::minion::Minion as conjure_core::solver::SolverAdaptor>::init_solver
FN:360,<conjure_core::solver::Solver<_, conjure_core::solver::states::ExecutionSuccess>>::stats
FN:127,<conjure_core::solver::SolverFamily as core::convert::TryFrom<&str>>::try_from
FN:229,<_ as conjure_core::solver::SolverAdaptor>::get_name
FN:377,<conjure_core::solver::Solver<_, conjure_core::solver::states::ExecutionSuccess>>::wall_time_s
FN:360,<conjure_core::solver::Solver<_, conjure_core::solver::states::ExecutionSuccess>>::stats
FN:325,<conjure_core::solver::Solver<_, conjure_core::solver::states::ModelLoaded>>::solve_mut
FN:128,<conjure_core::solver::SolverFamilyIter as core::fmt::Debug>::fmt
FN:136,<<conjure_core::solver::SolverFamily as serde::de::Deserialize>::deserialize::__FieldVisitor as serde::de::Visitor>::expecting
FN:128,<conjure_core::solver::SolverFamilyIter as core::iter::traits::exact_size::ExactSizeIterator>::len
FN:365,<conjure_core::solver::Solver<_, conjure_core::solver::states::ExecutionSuccess>>::save_stats_to_context
FN:128,<conjure_core::solver::SolverFamilyIter as core::iter::traits::exact_size::ExactSizeIterator>::len
FN:264,<conjure_core::solver::Solver<_>>::new
FN:128,<conjure_core::solver::SolverFamilyIter as core::clone::Clone>::clone
FN:264,<conjure_core::solver::Solver<_>>::new
FN:292,<conjure_core::solver::Solver<conjure_core::solver::adaptors::minion::Minion, conjure_core::solver::states::ModelLoaded>>::solve
FN:128,<conjure_core::solver::SolverFamilyIter as core::iter::traits::iterator::Iterator>::next
FN:360,<conjure_core::solver::Solver<conjure_core::solver::adaptors::minion::Minion, conjure_core::solver::states::ExecutionSuccess>>::stats
FN:128,<conjure_core::solver::SolverFamilyIter as core::clone::Clone>::clone
FN:264,<conjure_core::solver::Solver<conjure_core::solver::adaptors::minion::Minion>>::new
FN:281,<conjure_core::solver::Solver<_>>::load_model
FN:59,rust_out::main::_doctest_main_crates_conjure_core_src_solver_mod_rs_24_0::{closure#0}
FN:281,<conjure_core::solver::Solver<conjure_core::solver::adaptors::minion::Minion>>::load_model
FN:281,<conjure_core::solver::Solver<_>>::load_model
FN:136,<<conjure_core::solver::SolverFamily as serde::de::Deserialize>::deserialize::__Field as serde::de::Deserialize>::deserialize::<_>
FN:234,<_ as conjure_core::solver::SolverAdaptor>::add_adaptor_info_to_stats
FN:377,<conjure_core::solver::Solver<_, conjure_core::solver::states::ExecutionSuccess>>::wall_time_s
FN:223,<_ as conjure_core::solver::SolverAdaptor>::init_solver
FN:234,<_ as conjure_core::solver::SolverAdaptor>::add_adaptor_info_to_stats
FN:127,<conjure_core::solver::SolverFamily as core::convert::TryFrom<&str>>::try_from
FN:275,<conjure_core::solver::Solver<_>>::get_family
FN:292,<conjure_core::solver::Solver<_, conjure_core::solver::states::ModelLoaded>>::solve
FN:128,<conjure_core::solver::SolverFamily as strum::IntoEnumIterator>::iter
FN:234,<conjure_core::solver::adaptors::minion::Minion as conjure_core::solver::SolverAdaptor>::add_adaptor_info_to_stats
FN:365,<conjure_core::solver::Solver<conjure_core::solver::adaptors::minion::Minion, conjure_core::solver::states::ExecutionSuccess>>::save_stats_to_context
FN:292,<conjure_core::solver::Solver<conjure_core::solver::adaptors::minion::Minion, conjure_core::solver::states::ModelLoaded>>::solve
FN:136,<<conjure_core::solver::SolverFamily as serde::de::Deserialize>::deserialize::__FieldVisitor as serde::de::Visitor>::expecting
FN:365,<conjure_core::solver::Solver<_, conjure_core::solver::states::ExecutionSuccess>>::save_stats_to_context
FN:223,<conjure_core::solver::adaptors::minion::Minion as conjure_core::solver::SolverAdaptor>::init_solver
FN:234,<conjure_core::solver::adaptors::minion::Minion as conjure_core::solver::SolverAdaptor>::add_adaptor_info_to_stats
FN:264,<conjure_core::solver::Solver<conjure_core::solver::adaptors::minion::Minion>>::new
FN:325,<conjure_core::solver::Solver<_, conjure_core::solver::states::ModelLoaded>>::solve_mut
FN:136,<<conjure_core::solver::SolverFamily as serde::de::Deserialize>::deserialize::__Visitor as serde::de::Visitor>::visit_enum::<_>
FN:223,<_ as conjure_core::solver::SolverAdaptor>::init_solver
FN:281,<conjure_core::solver::Solver<conjure_core::solver::adaptors::minion::Minion>>::load_model
FN:292,<conjure_core::solver::Solver<_, conjure_core::solver::states::ModelLoaded>>::solve
FN:128,<conjure_core::solver::SolverFamily as strum::IntoEnumIterator>::iter
FN:128,<conjure_core::solver::SolverFamilyIter as core::iter::traits::iterator::Iterator>::next
FN:229,<_ as conjure_core::solver::SolverAdaptor>::get_name
FN:128,<conjure_core::solver::SolverFamilyIter as core::fmt::Debug>::fmt
FN:136,<<conjure_core::solver::SolverFamily as serde::de::Deserialize>::deserialize::__Visitor as serde::de::Visitor>::visit_enum::<_>
FNDA:0,<<conjure_core::solver::SolverFamily as serde::de::Deserialize>::deserialize::__Visitor as serde::de::Visitor>::expecting
FNDA:0,<<conjure_core::solver::SolverFamily as serde::de::Deserialize>::deserialize::__Field as serde::de::Deserialize>::deserialize::<_>
FNDA:1,rust_out::main
FNDA:0,<<conjure_core::solver::SolverFamily as serde::de::Deserialize>::deserialize::__Visitor as serde::de::Visitor>::expecting
FNDA:0,<conjure_core::solver::Solver<_>>::get_family
FNDA:1,rust_out::main::_doctest_main_crates_conjure_core_src_solver_mod_rs_24_0
FNDA:1,<conjure_core::solver::adaptors::minion::Minion as conjure_core::solver::SolverAdaptor>::init_solver
FNDA:0,<conjure_core::solver::Solver<_, conjure_core::solver::states::ExecutionSuccess>>::stats
FNDA:0,<conjure_core::solver::SolverFamily as core::convert::TryFrom<&str>>::try_from
FNDA:0,<_ as conjure_core::solver::SolverAdaptor>::get_name
FNDA:0,<conjure_core::solver::Solver<_, conjure_core::solver::states::ExecutionSuccess>>::wall_time_s
FNDA:0,<conjure_core::solver::Solver<_, conjure_core::solver::states::ExecutionSuccess>>::stats
FNDA:0,<conjure_core::solver::Solver<_, conjure_core::solver::states::ModelLoaded>>::solve_mut
FNDA:0,<conjure_core::solver::SolverFamilyIter as core::fmt::Debug>::fmt
FNDA:0,<<conjure_core::solver::SolverFamily as serde::de::Deserialize>::deserialize::__FieldVisitor as serde::de::Visitor>::expecting
FNDA:0,<conjure_core::solver::SolverFamilyIter as core::iter::traits::exact_size::ExactSizeIterator>::len
FNDA:0,<conjure_core::solver::Solver<_, conjure_core::solver::states::ExecutionSuccess>>::save_stats_to_context
FNDA:0,<conjure_core::solver::SolverFamilyIter as core::iter::traits::exact_size::ExactSizeIterator>::len
FNDA:0,<conjure_core::solver::Solver<_>>::new
FNDA:0,<conjure_core::solver::SolverFamilyIter as core::clone::Clone>::clone
FNDA:0,<conjure_core::solver::Solver<_>>::new
FNDA:1,<conjure_core::solver::Solver<conjure_core::solver::adaptors::minion::Minion, conjure_core::solver::states::ModelLoaded>>::solve
FNDA:0,<conjure_core::solver::SolverFamilyIter as core::iter::traits::iterator::Iterator>::next
FNDA:1,<conjure_core::solver::Solver<conjure_core::solver::adaptors::minion::Minion, conjure_core::solver::states::ExecutionSuccess>>::stats
FNDA:0,<conjure_core::solver::SolverFamilyIter as core::clone::Clone>::clone
FNDA:1,<conjure_core::solver::Solver<conjure_core::solver::adaptors::minion::Minion>>::new
FNDA:0,<conjure_core::solver::Solver<_>>::load_model
FNDA:1,rust_out::main::_doctest_main_crates_conjure_core_src_solver_mod_rs_24_0::{closure#0}
FNDA:1,<conjure_core::solver::Solver<conjure_core::solver::adaptors::minion::Minion>>::load_model
FNDA:0,<conjure_core::solver::Solver<_>>::load_model
FNDA:0,<<conjure_core::solver::SolverFamily as serde::de::Deserialize>::deserialize::__Field as serde::de::Deserialize>::deserialize::<_>
FNDA:0,<_ as conjure_core::solver::SolverAdaptor>::add_adaptor_info_to_stats
FNDA:0,<conjure_core::solver::Solver<_, conjure_core::solver::states::ExecutionSuccess>>::wall_time_s
FNDA:0,<_ as conjure_core::solver::SolverAdaptor>::init_solver
FNDA:0,<_ as conjure_core::solver::SolverAdaptor>::add_adaptor_info_to_stats
FNDA:0,<conjure_core::solver::SolverFamily as core::convert::TryFrom<&str>>::try_from
FNDA:0,<conjure_core::solver::Solver<_>>::get_family
FNDA:0,<conjure_core::solver::Solver<_, conjure_core::solver::states::ModelLoaded>>::solve
FNDA:0,<conjure_core::solver::SolverFamily as strum::IntoEnumIterator>::iter
FNDA:1,<conjure_core::solver::adaptors::minion::Minion as conjure_core::solver::SolverAdaptor>::add_adaptor_info_to_stats
FNDA:1,<conjure_core::solver::Solver<conjure_core::solver::adaptors::minion::Minion, conjure_core::solver::states::ExecutionSuccess>>::save_stats_to_context
FNDA:1,<conjure_core::solver::Solver<conjure_core::solver::adaptors::minion::Minion, conjure_core::solver::states::ModelLoaded>>::solve
FNDA:0,<<conjure_core::solver::SolverFamily as serde::de::Deserialize>::deserialize::__FieldVisitor as serde::de::Visitor>::expecting
FNDA:0,<conjure_core::solver::Solver<_, conjure_core::solver::states::ExecutionSuccess>>::save_stats_to_context
FNDA:1,<conjure_core::solver::adaptors::minion::Minion as conjure_core::solver::SolverAdaptor>::init_solver
FNDA:1,<conjure_core::solver::adaptors::minion::Minion as conjure_core::solver::SolverAdaptor>::add_adaptor_info_to_stats
FNDA:1,<conjure_core::solver::Solver<conjure_core::solver::adaptors::minion::Minion>>::new
FNDA:0,<conjure_core::solver::Solver<_, conjure_core::solver::states::ModelLoaded>>::solve_mut
FNDA:0,<<conjure_core::solver::SolverFamily as serde::de::Deserialize>::deserialize::__Visitor as serde::de::Visitor>::visit_enum::<_>
FNDA:0,<_ as conjure_core::solver::SolverAdaptor>::init_solver
FNDA:1,<conjure_core::solver::Solver<conjure_core::solver::adaptors::minion::Minion>>::load_model
FNDA:0,<conjure_core::solver::Solver<_, conjure_core::solver::states::ModelLoaded>>::solve
FNDA:0,<conjure_core::solver::SolverFamily as strum::IntoEnumIterator>::iter
FNDA:0,<conjure_core::solver::SolverFamilyIter as core::iter::traits::iterator::Iterator>::next
FNDA:0,<_ as conjure_core::solver::SolverAdaptor>::get_name
FNDA:0,<conjure_core::solver::SolverFamilyIter as core::fmt::Debug>::fmt
FNDA:0,<<conjure_core::solver::SolverFamily as serde::de::Deserialize>::deserialize::__Visitor as serde::de::Visitor>::visit_enum::<_>
FNF:57
FNH:15
BRF:0
BRH:0
DA:25,1
DA:35,1
DA:36,1
DA:37,1
DA:38,1
DA:39,1
DA:40,1
DA:41,1
DA:42,1
DA:43,1
DA:44,1
DA:45,1
DA:46,1
DA:47,1
DA:48,1
DA:49,1
DA:50,1
DA:51,1
DA:52,1
DA:53,1
DA:54,1
DA:55,1
DA:56,1
DA:57,1
DA:58,1
DA:59,2
DA:60,2
DA:61,2
DA:62,2
DA:63,2
DA:64,1
DA:65,1
DA:66,1
DA:67,1
DA:127,0
DA:128,0
DA:136,0
DA:223,379
DA:229,0
DA:230,0
DA:231,0
DA:234,379
DA:235,379
DA:236,379
DA:237,379
DA:238,379
DA:239,379
DA:240,379
DA:264,379
DA:265,379
DA:266,379
DA:267,379
DA:268,379
DA:269,379
DA:270,379
DA:271,379
DA:272,379
DA:273,379
DA:275,0
DA:276,0
DA:277,0
DA:281,379
DA:282,379
DA:283,379
DA:284,379
DA:285,379
DA:286,379
DA:287,379
DA:288,379
DA:292,379
DA:293,379
DA:294,379
DA:295,379
DA:296,379
DA:297,379
DA:298,379
DA:299,379
DA:300,379
DA:301,379
DA:302,379
DA:303,379
DA:304,379
DA:305,379
DA:306,379
DA:307,379
DA:308,379
DA:309,379
DA:310,379
DA:311,379
DA:312,379
DA:313,379
DA:314,379
DA:315,379
DA:316,379
DA:317,379
DA:318,379
DA:319,379
DA:321,0
DA:323,379
DA:325,0
DA:326,0
DA:327,0
DA:328,0
DA:329,0
DA:330,0
DA:331,0
DA:332,0
DA:333,0
DA:334,0
DA:335,0
DA:336,0
DA:337,0
DA:338,0
DA:339,0
DA:340,0
DA:341,0
DA:342,0
DA:343,0
DA:344,0
DA:345,0
DA:346,0
DA:347,0
DA:348,0
DA:349,0
DA:350,0
DA:351,0
DA:352,0
DA:354,0
DA:356,0
DA:360,318
DA:361,318
DA:362,318
DA:365,318
DA:366,318
DA:367,318
DA:368,318
DA:369,318
DA:370,318
DA:371,318
DA:372,318
DA:373,318
DA:374,318
DA:375,318
DA:377,0
DA:378,0
DA:379,0
LF:146
LH:103
end_of_record
SF:crates/conjure_core/src/rules/normalisers/eq_neq.rs
FN:17,conjure_core::rules::normalisers::eq_neq::CONJURE_GEN_RULE_NEGATED_NEQ_TO_EQ::__typecheck::{closure#0}::{closure#0}
FN:18,conjure_core::rules::normalisers::eq_neq::negated_neq_to_eq
FN:36,conjure_core::rules::normalisers::eq_neq::negated_eq_to_neq
FN:18,conjure_core::rules::normalisers::eq_neq::negated_neq_to_eq
FN:36,conjure_core::rules::normalisers::eq_neq::negated_eq_to_neq
FN:35,conjure_core::rules::normalisers::eq_neq::CONJURE_GEN_RULE_NEGATED_EQ_TO_NEQ::__typecheck::{closure#0}::{closure#0}
FN:35,conjure_core::rules::normalisers::eq_neq::CONJURE_GEN_RULE_NEGATED_EQ_TO_NEQ::__typecheck::{closure#0}::{closure#0}
FN:17,conjure_core::rules::normalisers::eq_neq::CONJURE_GEN_RULE_NEGATED_NEQ_TO_EQ::__typecheck::{closure#0}::{closure#0}
FNDA:0,conjure_core::rules::normalisers::eq_neq::CONJURE_GEN_RULE_NEGATED_NEQ_TO_EQ::__typecheck::{closure#0}::{closure#0}
FNDA:1,conjure_core::rules::normalisers::eq_neq::negated_neq_to_eq
FNDA:0,conjure_core::rules::normalisers::eq_neq::negated_eq_to_neq
FNDA:0,conjure_core::rules::normalisers::eq_neq::negated_neq_to_eq
FNDA:1,conjure_core::rules::normalisers::eq_neq::negated_eq_to_neq
FNDA:0,conjure_core::rules::normalisers::eq_neq::CONJURE_GEN_RULE_NEGATED_EQ_TO_NEQ::__typecheck::{closure#0}::{closure#0}
FNDA:0,conjure_core::rules::normalisers::eq_neq::CONJURE_GEN_RULE_NEGATED_EQ_TO_NEQ::__typecheck::{closure#0}::{closure#0}
FNDA:0,conjure_core::rules::normalisers::eq_neq::CONJURE_GEN_RULE_NEGATED_NEQ_TO_EQ::__typecheck::{closure#0}::{closure#0}
FNF:8
FNH:2
BRF:0
BRH:0
DA:18,8253466
DA:19,8253466
DA:20,1088
DA:21,136
DA:22,136
DA:24,952
DA:26,8252378
DA:28,8253466
DA:36,8253466
DA:37,8253466
DA:38,1088
DA:39,340
DA:40,102
DA:42,986
DA:44,8252378
DA:46,8253466
LF:16
LH:16
end_of_record
SF:conjure_oxide/src/main.rs
FN:61,<conjure_oxide::Cli as clap_builder::derive::FromArgMatches>::update_from_arg_matches_mut::{closure#2}
FN:44,<conjure_oxide::Cli as clap_builder::derive::FromArgMatches>::update_from_arg_matches_mut::{closure#1}
FN:83,<conjure_oxide::Cli as clap_builder::derive::FromArgMatches>::from_arg_matches_mut::{closure#4}
FN:68,<conjure_oxide::Cli as clap_builder::derive::FromArgMatches>::from_arg_matches_mut::{closure#3}
FN:88,<conjure_oxide::Cli as clap_builder::derive::FromArgMatches>::update_from_arg_matches_mut::{closure#5}
FN:61,<conjure_oxide::Cli as clap_builder::derive::FromArgMatches>::from_arg_matches_mut::{closure#2}
FN:37,<conjure_oxide::Cli as clap_builder::derive::FromArgMatches>::update_from_arg_matches_mut::{closure#0}
FN:65,<conjure_oxide::Cli as clap_builder::derive::Args>::augment_args::{closure#1}
FN:198,conjure_oxide::main::{closure#0}
FN:57,<conjure_oxide::Cli as clap_builder::derive::Args>::augment_args_for_update::{closure#0}
FN:37,<conjure_oxide::Cli as clap_builder::derive::FromArgMatches>::from_arg_matches_mut::{closure#0}
FN:83,<conjure_oxide::Cli as clap_builder::derive::FromArgMatches>::update_from_arg_matches_mut::{closure#4}
FN:44,<conjure_oxide::Cli as clap_builder::derive::FromArgMatches>::from_arg_matches_mut::{closure#1}
FN:68,<conjure_oxide::Cli as clap_builder::derive::FromArgMatches>::update_from_arg_matches_mut::{closure#3}
FN:68,<conjure_oxide::Cli as clap_builder::derive::FromArgMatches>::update_from_arg_matches_mut::{closure#3}
FN:229,conjure_oxide::main::{closure#1}
FN:329,conjure_oxide::tests::test_get_example_model_fail_empty_filepath
FN:65,<conjure_oxide::Cli as clap_builder::derive::Args>::augment_args::{closure#1}
FN:81,<conjure_oxide::Cli as clap_builder::derive::Args>::augment_args::{closure#2}
FN:323,conjure_oxide::tests::test_get_example_model_fail_empty_filename
FN:92,conjure_oxide::main
FN:65,<conjure_oxide::Cli as clap_builder::derive::Args>::augment_args_for_update::{closure#1}
FN:215,conjure_oxide::main::{closure#2}
FN:88,<conjure_oxide::Cli as clap_builder::derive::FromArgMatches>::from_arg_matches_mut::{closure#5}
FN:198,conjure_oxide::main::{closure#0}
FN:88,<conjure_oxide::Cli as clap_builder::derive::FromArgMatches>::from_arg_matches_mut::{closure#5}
FN:37,<conjure_oxide::Cli as clap_builder::derive::FromArgMatches>::from_arg_matches_mut::{closure#0}
FN:311,conjure_oxide::tests::test_get_example_model_success
FN:83,<conjure_oxide::Cli as clap_builder::derive::FromArgMatches>::from_arg_matches_mut::{closure#4}
FN:83,<conjure_oxide::Cli as clap_builder::derive::FromArgMatches>::update_from_arg_matches_mut::{closure#4}
FN:92,conjure_oxide::main
FN:88,<conjure_oxide::Cli as clap_builder::derive::FromArgMatches>::update_from_arg_matches_mut::{closure#5}
FN:37,<conjure_oxide::Cli as clap_builder::derive::FromArgMatches>::update_from_arg_matches_mut::{closure#0}
FN:65,<conjure_oxide::Cli as clap_builder::derive::Args>::augment_args_for_update::{closure#1}
FN:61,<conjure_oxide::Cli as clap_builder::derive::FromArgMatches>::update_from_arg_matches_mut::{closure#2}
FN:81,<conjure_oxide::Cli as clap_builder::derive::Args>::augment_args_for_update::{closure#2}
FN:215,conjure_oxide::main::{closure#2}
FN:57,<conjure_oxide::Cli as clap_builder::derive::Args>::augment_args::{closure#0}
FN:317,conjure_oxide::tests::test_get_example_model_by_filepath
FN:68,<conjure_oxide::Cli as clap_builder::derive::FromArgMatches>::from_arg_matches_mut::{closure#3}
FN:61,<conjure_oxide::Cli as clap_builder::derive::FromArgMatches>::from_arg_matches_mut::{closure#2}
FN:229,conjure_oxide::main::{closure#1}
FN:81,<conjure_oxide::Cli as clap_builder::derive::Args>::augment_args_for_update::{closure#2}
FN:57,<conjure_oxide::Cli as clap_builder::derive::Args>::augment_args_for_update::{closure#0}
FN:44,<conjure_oxide::Cli as clap_builder::derive::FromArgMatches>::from_arg_matches_mut::{closure#1}
FN:44,<conjure_oxide::Cli as clap_builder::derive::FromArgMatches>::update_from_arg_matches_mut::{closure#1}
FN:57,<conjure_oxide::Cli as clap_builder::derive::Args>::augment_args::{closure#0}
FN:81,<conjure_oxide::Cli as clap_builder::derive::Args>::augment_args::{closure#2}
FNDA:0,<conjure_oxide::Cli as clap_builder::derive::FromArgMatches>::update_from_arg_matches_mut::{closure#2}
FNDA:0,<conjure_oxide::Cli as clap_builder::derive::FromArgMatches>::update_from_arg_matches_mut::{closure#1}
FNDA:0,<conjure_oxide::Cli as clap_builder::derive::FromArgMatches>::from_arg_matches_mut::{closure#4}
FNDA:0,<conjure_oxide::Cli as clap_builder::derive::FromArgMatches>::from_arg_matches_mut::{closure#3}
FNDA:0,<conjure_oxide::Cli as clap_builder::derive::FromArgMatches>::update_from_arg_matches_mut::{closure#5}
FNDA:0,<conjure_oxide::Cli as clap_builder::derive::FromArgMatches>::from_arg_matches_mut::{closure#2}
FNDA:0,<conjure_oxide::Cli as clap_builder::derive::FromArgMatches>::update_from_arg_matches_mut::{closure#0}
FNDA:0,<conjure_oxide::Cli as clap_builder::derive::Args>::augment_args::{closure#1}
FNDA:0,conjure_oxide::main::{closure#0}
FNDA:0,<conjure_oxide::Cli as clap_builder::derive::Args>::augment_args_for_update::{closure#0}
FNDA:0,<conjure_oxide::Cli as clap_builder::derive::FromArgMatches>::from_arg_matches_mut::{closure#0}
FNDA:0,<conjure_oxide::Cli as clap_builder::derive::FromArgMatches>::update_from_arg_matches_mut::{closure#4}
FNDA:0,<conjure_oxide::Cli as clap_builder::derive::FromArgMatches>::from_arg_matches_mut::{closure#1}
FNDA:0,<conjure_oxide::Cli as clap_builder::derive::FromArgMatches>::update_from_arg_matches_mut::{closure#3}
FNDA:0,<conjure_oxide::Cli as clap_builder::derive::FromArgMatches>::update_from_arg_matches_mut::{closure#3}
FNDA:0,conjure_oxide::main::{closure#1}
FNDA:1,conjure_oxide::tests::test_get_example_model_fail_empty_filepath
FNDA:0,<conjure_oxide::Cli as clap_builder::derive::Args>::augment_args::{closure#1}
FNDA:0,<conjure_oxide::Cli as clap_builder::derive::Args>::augment_args::{closure#2}
FNDA:1,conjure_oxide::tests::test_get_example_model_fail_empty_filename
FNDA:0,conjure_oxide::main
FNDA:0,<conjure_oxide::Cli as clap_builder::derive::Args>::augment_args_for_update::{closure#1}
FNDA:0,conjure_oxide::main::{closure#2}
FNDA:0,<conjure_oxide::Cli as clap_builder::derive::FromArgMatches>::from_arg_matches_mut::{closure#5}
FNDA:0,conjure_oxide::main::{closure#0}
FNDA:0,<conjure_oxide::Cli as clap_builder::derive::FromArgMatches>::from_arg_matches_mut::{closure#5}
FNDA:0,<conjure_oxide::Cli as clap_builder::derive::FromArgMatches>::from_arg_matches_mut::{closure#0}
FNDA:1,conjure_oxide::tests::test_get_example_model_success
FNDA:0,<conjure_oxide::Cli as clap_builder::derive::FromArgMatches>::from_arg_matches_mut::{closure#4}
FNDA:0,<conjure_oxide::Cli as clap_builder::derive::FromArgMatches>::update_from_arg_matches_mut::{closure#4}
FNDA:0,conjure_oxide::main
FNDA:0,<conjure_oxide::Cli as clap_builder::derive::FromArgMatches>::update_from_arg_matches_mut::{closure#5}
FNDA:0,<conjure_oxide::Cli as clap_builder::derive::FromArgMatches>::update_from_arg_matches_mut::{closure#0}
FNDA:0,<conjure_oxide::Cli as clap_builder::derive::Args>::augment_args_for_update::{closure#1}
FNDA:0,<conjure_oxide::Cli as clap_builder::derive::FromArgMatches>::update_from_arg_matches_mut::{closure#2}
FNDA:0,<conjure_oxide::Cli as clap_builder::derive::Args>::augment_args_for_update::{closure#2}
FNDA:0,conjure_oxide::main::{closure#2}
FNDA:0,<conjure_oxide::Cli as clap_builder::derive::Args>::augment_args::{closure#0}
FNDA:1,conjure_oxide::tests::test_get_example_model_by_filepath
FNDA:0,<conjure_oxide::Cli as clap_builder::derive::FromArgMatches>::from_arg_matches_mut::{closure#3}
FNDA:0,<conjure_oxide::Cli as clap_builder::derive::FromArgMatches>::from_arg_matches_mut::{closure#2}
FNDA:0,conjure_oxide::main::{closure#1}
FNDA:0,<conjure_oxide::Cli as clap_builder::derive::Args>::augment_args_for_update::{closure#2}
FNDA:0,<conjure_oxide::Cli as clap_builder::derive::Args>::augment_args_for_update::{closure#0}
FNDA:0,<conjure_oxide::Cli as clap_builder::derive::FromArgMatches>::from_arg_matches_mut::{closure#1}
FNDA:0,<conjure_oxide::Cli as clap_builder::derive::FromArgMatches>::update_from_arg_matches_mut::{closure#1}
FNDA:0,<conjure_oxide::Cli as clap_builder::derive::Args>::augment_args::{closure#0}
FNDA:0,<conjure_oxide::Cli as clap_builder::derive::Args>::augment_args::{closure#2}
FNF:48
FNH:4
BRF:0
BRH:0
DA:37,0
DA:44,0
DA:57,0
DA:61,0
DA:65,0
DA:68,0
DA:81,0
DA:83,0
DA:88,0
DA:92,0
DA:93,0
DA:94,0
DA:95,0
DA:96,0
DA:97,0
DA:98,0
DA:99,0
DA:100,0
DA:101,0
DA:102,0
DA:103,0
DA:104,0
DA:106,0
DA:107,0
DA:108,0
DA:109,0
DA:110,0
DA:111,0
DA:112,0
DA:113,0
DA:125,0
DA:126,0
DA:127,0
DA:128,0
DA:130,0
DA:131,0
DA:132,0
DA:133,0
DA:137,0
DA:138,0
DA:139,0
DA:140,0
DA:141,0
DA:142,0
DA:143,0
DA:144,0
DA:145,0
DA:146,0
DA:148,0
DA:149,0
DA:151,0
DA:154,0
DA:155,0
DA:156,0
DA:158,0
DA:159,0
DA:160,0
DA:161,0
DA:162,0
DA:163,0
DA:164,0
DA:165,0
DA:167,0
DA:168,0
DA:169,0
DA:170,0
DA:171,0
DA:172,0
DA:173,0
DA:177,0
DA:178,0
DA:179,0
DA:180,0
DA:181,0
DA:182,0
DA:183,0
DA:184,0
DA:185,0
DA:186,0
DA:188,0
DA:189,0
DA:190,0
DA:191,0
DA:192,0
DA:196,0
DA:197,0
DA:198,0
DA:199,0
DA:200,0
DA:201,0
DA:202,0
DA:203,0
DA:204,0
DA:205,0
DA:209,0
DA:210,0
DA:211,0
DA:212,0
DA:213,0
DA:214,0
DA:215,0
DA:216,0
DA:217,0
DA:219,0
DA:220,0
DA:221,0
DA:222,0
DA:228,0
DA:229,0
DA:231,0
DA:232,0
DA:233,0
DA:234,0
DA:235,0
DA:236,0
DA:238,0
DA:239,0
DA:240,0
DA:241,0
DA:243,0
DA:245,0
DA:246,0
DA:247,0
DA:248,0
DA:249,0
DA:250,0
DA:251,0
DA:252,0
DA:253,0
DA:254,0
DA:255,0
DA:257,0
DA:260,0
DA:262,0
DA:264,0
DA:266,0
DA:267,0
DA:268,0
DA:270,0
DA:271,0
DA:274,0
DA:275,0
DA:277,0
DA:278,0
DA:280,0
DA:281,0
DA:282,0
DA:283,0
DA:284,0
DA:285,0
DA:286,0
DA:287,0
DA:288,0
DA:289,0
DA:290,0
DA:291,0
DA:296,0
DA:298,0
DA:299,0
DA:300,0
DA:301,0
DA:302,0
DA:303,0
DA:304,0
DA:311,1
DA:312,1
DA:313,1
DA:314,1
DA:317,1
DA:318,1
DA:319,1
DA:320,1
DA:323,1
DA:324,1
DA:325,1
DA:326,1
DA:329,1
DA:330,1
DA:331,1
DA:332,1
LF:180
LH:16
end_of_record
SF:crates/tree_morph/tests/lambda_calc.rs
FN:59,lambda_calc::fresh
FN:64,lambda_calc::subst
FN:111,lambda_calc::test_simple_application
FN:123,lambda_calc::test_nested_application
FN:150,lambda_calc::test_double_reduction
FN:138,lambda_calc::test_capture_avoiding_substitution
FN:162,lambda_calc::test_id
FN:171,lambda_calc::test_no_reduction
FN:102,lambda_calc::transform_beta_reduce
FN:105,lambda_calc::transform_beta_reduce::{closure#0}
FN:93,lambda_calc::beta_reduce
FN:37,<lambda_calc::Expr>::vars
FN:180,lambda_calc::test_complex_expression
FN:17,<lambda_calc::Expr>::free_vars
FNDA:1,lambda_calc::fresh
FNDA:1,lambda_calc::subst
FNDA:1,lambda_calc::test_simple_application
FNDA:1,lambda_calc::test_nested_application
FNDA:1,lambda_calc::test_double_reduction
FNDA:1,lambda_calc::test_capture_avoiding_substitution
FNDA:1,lambda_calc::test_id
FNDA:1,lambda_calc::test_no_reduction
FNDA:1,lambda_calc::transform_beta_reduce
FNDA:1,lambda_calc::transform_beta_reduce::{closure#0}
FNDA:1,lambda_calc::beta_reduce
FNDA:1,<lambda_calc::Expr>::vars
FNDA:1,lambda_calc::test_complex_expression
FNDA:1,<lambda_calc::Expr>::free_vars
FNF:14
FNH:14
BRF:0
BRH:0
DA:17,29
DA:18,29
DA:19,20
DA:20,20
DA:21,20
DA:22,20
DA:24,3
DA:25,3
DA:26,3
DA:27,3
DA:29,6
DA:30,6
DA:31,6
DA:32,6
DA:35,29
DA:37,2
DA:38,2
DA:39,2
DA:40,2
DA:41,2
DA:42,2
DA:44,0
DA:45,0
DA:46,0
DA:47,0
DA:49,0
DA:50,0
DA:51,0
DA:52,0
DA:55,2
DA:59,1
DA:60,1
DA:61,1
DA:64,15
DA:65,15
DA:66,4
DA:67,11
DA:68,11
DA:69,11
DA:70,7
DA:71,7
DA:72,7
DA:74,0
DA:77,2
DA:78,2
DA:79,2
DA:80,0
DA:81,2
DA:82,1
DA:84,1
DA:85,1
DA:86,1
DA:90,15
DA:93,21
DA:94,21
DA:95,10
DA:96,8
DA:97,2
DA:98,11
DA:99,13
DA:100,21
DA:102,21
DA:103,21
DA:104,21
DA:105,8
DA:106,13
DA:107,21
DA:108,21
DA:111,1
DA:112,1
DA:113,1
DA:114,1
DA:115,1
DA:116,1
DA:117,1
DA:118,1
DA:119,1
DA:120,1
DA:123,1
DA:124,1
DA:125,1
DA:126,1
DA:127,1
DA:128,1
DA:129,1
DA:130,1
DA:131,1
DA:132,1
DA:133,1
DA:134,1
DA:135,1
DA:138,1
DA:139,1
DA:140,1
DA:141,1
DA:142,1
DA:143,1
DA:144,1
DA:145,1
DA:146,1
DA:147,1
DA:150,1
DA:151,1
DA:152,1
DA:153,1
DA:154,1
DA:155,1
DA:156,1
DA:157,1
DA:158,1
DA:159,1
DA:162,1
DA:163,1
DA:164,1
DA:165,1
DA:166,1
DA:167,1
DA:168,1
DA:171,1
DA:172,1
DA:173,1
DA:174,1
DA:175,1
DA:176,1
DA:177,1
DA:180,1
DA:181,1
DA:182,1
DA:183,1
DA:184,1
DA:185,1
DA:186,1
DA:187,1
DA:188,1
DA:189,1
DA:190,1
DA:191,1
DA:192,1
DA:193,1
DA:194,1
DA:195,1
DA:196,1
DA:197,1
DA:198,1
LF:144
LH:134
end_of_record
SF:conjure_oxide/src/utils/json.rs
FN:53,conjure_oxide::utils::json::sort_json_object::{closure#0}
FN:62,conjure_oxide::utils::json::sort_json_object::{closure#1}
FN:48,conjure_oxide::utils::json::sort_json_object
FN:53,conjure_oxide::utils::json::sort_json_object::{closure#0}
FN:32,conjure_oxide::utils::json::sort_json_variables
FN:68,conjure_oxide::utils::json::sort_json_object::{closure#2}
FN:62,conjure_oxide::utils::json::sort_json_object::{closure#1}
FN:68,conjure_oxide::utils::json::sort_json_object::{closure#2}
FN:7,conjure_oxide::utils::json::json_value_cmp
FN:32,conjure_oxide::utils::json::sort_json_variables
FN:7,conjure_oxide::utils::json::json_value_cmp
FN:48,conjure_oxide::utils::json::sort_json_object
FNDA:1,conjure_oxide::utils::json::sort_json_object::{closure#0}
FNDA:0,conjure_oxide::utils::json::sort_json_object::{closure#1}
FNDA:1,conjure_oxide::utils::json::sort_json_object
FNDA:0,conjure_oxide::utils::json::sort_json_object::{closure#0}
FNDA:0,conjure_oxide::utils::json::sort_json_variables
FNDA:0,conjure_oxide::utils::json::sort_json_object::{closure#2}
FNDA:1,conjure_oxide::utils::json::sort_json_object::{closure#1}
FNDA:1,conjure_oxide::utils::json::sort_json_object::{closure#2}
FNDA:0,conjure_oxide::utils::json::json_value_cmp
FNDA:1,conjure_oxide::utils::json::sort_json_variables
FNDA:1,conjure_oxide::utils::json::json_value_cmp
FNDA:0,conjure_oxide::utils::json::sort_json_object
FNF:12
FNH:6
BRF:0
BRH:0
DA:7,73104
DA:8,73104
DA:9,0
DA:10,0
DA:11,0
DA:12,0
DA:13,0
DA:14,0
DA:15,0
DA:17,2004
DA:18,2004
DA:19,2004
DA:20,2004
DA:21,2004
DA:22,0
DA:24,0
DA:26,71100
DA:28,73104
DA:32,942
DA:33,942
DA:34,942
DA:35,942
DA:36,942
DA:37,942
DA:39,0
DA:41,942
DA:48,163938
DA:49,163938
DA:50,45540
DA:51,45540
DA:52,45540
DA:53,123156
DA:54,123156
DA:55,942
DA:57,122214
DA:59,123156
DA:60,45540
DA:61,45540
DA:62,117984
DA:63,45540
DA:65,10962
DA:66,10962
DA:67,10962
DA:68,39780
DA:69,10962
DA:70,10962
DA:71,10962
DA:72,636
DA:73,10326
DA:75,10962
DA:77,107436
DA:79,163938
LF:52
LH:42
end_of_record
SF:crates/conjure_core/src/rule_engine/rewrite_naive.rs
FN:24,conjure_core::rule_engine::rewrite_naive::rewrite_naive::{closure#0}
FN:18,conjure_core::rule_engine::rewrite_naive::rewrite_naive
FN:103,conjure_core::rule_engine::rewrite_naive::rewrite_naive::{closure#1}
FN:24,conjure_core::rule_engine::rewrite_naive::rewrite_naive::{closure#0}
FN:103,conjure_core::rule_engine::rewrite_naive::rewrite_naive::{closure#1}
FN:18,conjure_core::rule_engine::rewrite_naive::rewrite_naive
FNDA:0,conjure_core::rule_engine::rewrite_naive::rewrite_naive::{closure#0}
FNDA:0,conjure_core::rule_engine::rewrite_naive::rewrite_naive
FNDA:0,conjure_core::rule_engine::rewrite_naive::rewrite_naive::{closure#1}
FNDA:0,conjure_core::rule_engine::rewrite_naive::rewrite_naive::{closure#0}
FNDA:0,conjure_core::rule_engine::rewrite_naive::rewrite_naive::{closure#1}
FNDA:1,conjure_core::rule_engine::rewrite_naive::rewrite_naive
FNF:6
FNH:1
BRF:0
BRH:0
DA:18,901
DA:19,901
DA:20,901
DA:21,901
DA:22,901
DA:23,901
DA:25,901
DA:26,901
DA:27,901
DA:28,35139
DA:29,34238
DA:30,34238
DA:31,34238
DA:32,34238
DA:33,34238
DA:34,901
DA:37,901
DA:40,6001
DA:43,72012
DA:44,457504
DA:46,457504
DA:47,457504
DA:48,1920796
DA:49,1463292
DA:50,5780
DA:51,5780
DA:52,5780
DA:53,5780
DA:54,5780
DA:55,5780
DA:56,5780
DA:57,5780
DA:58,5780
DA:59,5780
DA:60,5780
DA:61,5780
DA:63,1457512
DA:64,0
DA:73,457504
DA:74,38794
DA:75,418710
DA:79,6001
DA:80,6001
DA:81,5100
DA:82,5100
DA:83,5100
DA:84,0
DA:85,0
DA:92,5100
DA:93,5100
DA:94,5100
DA:95,5100
DA:96,5100
DA:97,5100
DA:98,5100
DA:99,5100
DA:100,5100
DA:101,0
DA:102,0
DA:103,0
DA:104,0
DA:105,0
DA:106,0
DA:107,0
DA:108,0
DA:110,0
DA:111,0
DA:112,0
DA:113,0
DA:114,0
DA:115,0
DA:116,0
DA:117,0
DA:118,0
DA:119,0
DA:120,0
DA:121,0
DA:122,0
DA:123,0
DA:124,0
DA:125,0
DA:126,0
DA:127,0
DA:128,0
DA:129,0
DA:130,0
DA:131,0
DA:132,0
DA:133,0
DA:134,0
DA:135,0
DA:136,0
DA:137,0
DA:138,0
DA:139,0
DA:140,0
DA:141,0
DA:142,0
DA:143,0
DA:144,0
DA:145,0
DA:146,0
DA:147,0
DA:148,0
DA:149,0
DA:150,0
DA:151,0
DA:152,0
DA:153,0
DA:154,0
DA:155,0
DA:156,0
DA:157,0
DA:158,0
DA:159,0
DA:160,0
DA:161,0
DA:162,0
DA:163,0
DA:164,0
DA:165,0
DA:166,0
DA:167,0
DA:168,0
DA:169,0
DA:170,0
DA:171,0
DA:172,0
DA:175,5100
DA:180,901
DA:181,901
LF:131
LH:57
end_of_record
SF:crates/conjure_core/src/ast/atom.rs
FN:29,<conjure_core::ast::atom::Atom as core::convert::From<conjure_core::ast::literals::Literal>>::from
FN:20,<conjure_core::ast::atom::Atom as core::fmt::Display>::fmt
FN:8,<<conjure_core::ast::atom::Atom as serde::de::Deserialize>::deserialize::__Visitor as serde::de::Visitor>::expecting
FN:29,<conjure_core::ast::atom::Atom as core::convert::From<conjure_core::ast::literals::Literal>>::from
FN:8,<<conjure_core::ast::atom::Atom as serde::de::Deserialize>::deserialize::__Visitor as serde::de::Visitor>::visit_enum::<_>
FN:35,<conjure_core::ast::atom::Atom as core::convert::From<conjure_core::ast::symbol_table::Name>>::from
FN:8,<<conjure_core::ast::atom::Atom as serde::de::Deserialize>::deserialize::__Field as serde::de::Deserialize>::deserialize::<&mut serde_json::de::Deserializer<serde_json::read::StrRead>>
FN:8,<<conjure_core::ast::atom::Atom as serde::de::Deserialize>::deserialize::__FieldVisitor as serde::de::Visitor>::expecting
FN:20,<conjure_core::ast::atom::Atom as core::fmt::Display>::fmt
FN:8,<<conjure_core::ast::atom::Atom as serde::de::Deserialize>::deserialize::__FieldVisitor as serde::de::Visitor>::expecting
FN:8,<<conjure_core::ast::atom::Atom as serde::de::Deserialize>::deserialize::__Visitor as serde::de::Visitor>::visit_enum::<_>
FN:8,<<conjure_core::ast::atom::Atom as serde::de::Deserialize>::deserialize::__Visitor as serde::de::Visitor>::visit_enum::<serde_json::de::UnitVariantAccess<serde_json::read::StrRead>>
FN:8,<<conjure_core::ast::atom::Atom as serde::de::Deserialize>::deserialize::__Visitor as serde::de::Visitor>::visit_enum::<serde_json::de::VariantAccess<serde_json::read::StrRead>>
FN:8,<<conjure_core::ast::atom::Atom as serde::de::Deserialize>::deserialize::__Field as serde::de::Deserialize>::deserialize::<_>
FN:35,<conjure_core::ast::atom::Atom as core::convert::From<conjure_core::ast::symbol_table::Name>>::from
FN:8,<<conjure_core::ast::atom::Atom as serde::de::Deserialize>::deserialize::__Field as serde::de::Deserialize>::deserialize::<_>
FN:8,<<conjure_core::ast::atom::Atom as serde::de::Deserialize>::deserialize::__Visitor as serde::de::Visitor>::expecting
FNDA:0,<conjure_core::ast::atom::Atom as core::convert::From<conjure_core::ast::literals::Literal>>::from
FNDA:0,<conjure_core::ast::atom::Atom as core::fmt::Display>::fmt
FNDA:0,<<conjure_core::ast::atom::Atom as serde::de::Deserialize>::deserialize::__Visitor as serde::de::Visitor>::expecting
FNDA:0,<conjure_core::ast::atom::Atom as core::convert::From<conjure_core::ast::literals::Literal>>::from
FNDA:0,<<conjure_core::ast::atom::Atom as serde::de::Deserialize>::deserialize::__Visitor as serde::de::Visitor>::visit_enum::<_>
FNDA:0,<conjure_core::ast::atom::Atom as core::convert::From<conjure_core::ast::symbol_table::Name>>::from
FNDA:1,<<conjure_core::ast::atom::Atom as serde::de::Deserialize>::deserialize::__Field as serde::de::Deserialize>::deserialize::<&mut serde_json::de::Deserializer<serde_json::read::StrRead>>
FNDA:0,<<conjure_core::ast::atom::Atom as serde::de::Deserialize>::deserialize::__FieldVisitor as serde::de::Visitor>::expecting
FNDA:1,<conjure_core::ast::atom::Atom as core::fmt::Display>::fmt
FNDA:0,<<conjure_core::ast::atom::Atom as serde::de::Deserialize>::deserialize::__FieldVisitor as serde::de::Visitor>::expecting
FNDA:0,<<conjure_core::ast::atom::Atom as serde::de::Deserialize>::deserialize::__Visitor as serde::de::Visitor>::visit_enum::<_>
FNDA:0,<<conjure_core::ast::atom::Atom as serde::de::Deserialize>::deserialize::__Visitor as serde::de::Visitor>::visit_enum::<serde_json::de::UnitVariantAccess<serde_json::read::StrRead>>
FNDA:0,<<conjure_core::ast::atom::Atom as serde::de::Deserialize>::deserialize::__Visitor as serde::de::Visitor>::visit_enum::<serde_json::de::VariantAccess<serde_json::read::StrRead>>
FNDA:0,<<conjure_core::ast::atom::Atom as serde::de::Deserialize>::deserialize::__Field as serde::de::Deserialize>::deserialize::<_>
FNDA:1,<conjure_core::ast::atom::Atom as core::convert::From<conjure_core::ast::symbol_table::Name>>::from
FNDA:0,<<conjure_core::ast::atom::Atom as serde::de::Deserialize>::deserialize::__Field as serde::de::Deserialize>::deserialize::<_>
FNDA:0,<<conjure_core::ast::atom::Atom as serde::de::Deserialize>::deserialize::__Visitor as serde::de::Visitor>::expecting
FNF:17
FNH:3
BRF:0
BRH:0
DA:8,4944
DA:20,37808
DA:21,37808
DA:22,10812
DA:23,26996
DA:25,37808
DA:29,0
DA:30,0
DA:31,0
DA:35,680
DA:36,680
DA:37,680
LF:12
LH:9
end_of_record
SF:solvers/kissat/src/lib.rs
FN:3,kissat_rs::test1
FNDA:1,kissat_rs::test1
FNF:1
FNH:1
BRF:0
BRH:0
DA:3,1
DA:8,1
DA:9,1
DA:10,1
DA:11,1
DA:12,1
DA:13,1
DA:14,1
DA:15,1
DA:18,1
DA:19,1
DA:20,1
DA:21,1
DA:22,0
DA:25,1
DA:26,1
DA:27,1
DA:28,1
DA:29,1
DA:30,1
DA:31,1
LF:21
LH:20
end_of_record
SF:crates/enum_compatability_macro/src/lib.rs
FN:181,enum_compatability_macro::document_compatibility::{closure#0}
FN:104,rust_out::main::_doctest_main_crates_enum_compatability_macro_src_lib_rs_103_0
FN:75,rust_out::main
FN:118,rust_out::main::_doctest_main_crates_enum_compatability_macro_src_lib_rs_117_0
FN:38,<enum_compatability_macro::RemoveCompatibleAttrs as syn::gen::visit_mut::VisitMut>::visit_variant_mut
FN:66,<enum_compatability_macro::RemoveCompatibleAttrs as syn::gen::visit_mut::VisitMut>::visit_variant_mut::{closure#0}
FN:66,<enum_compatability_macro::RemoveCompatibleAttrs as syn::gen::visit_mut::VisitMut>::visit_variant_mut::{closure#0}
FN:181,enum_compatability_macro::document_compatibility::{closure#0}
FN:131,enum_compatability_macro::document_compatibility
FN:131,enum_compatability_macro::document_compatibility
FN:75,rust_out::main::_doctest_main_crates_enum_compatability_macro_src_lib_rs_74_0
FN:66,<enum_compatability_macro::RemoveCompatibleAttrs as syn::gen::visit_mut::VisitMut>::visit_variant_mut::{closure#0}
FN:181,enum_compatability_macro::document_compatibility::{closure#0}
FN:38,<enum_compatability_macro::RemoveCompatibleAttrs as syn::gen::visit_mut::VisitMut>::visit_variant_mut
FN:131,enum_compatability_macro::document_compatibility
FN:38,<enum_compatability_macro::RemoveCompatibleAttrs as syn::gen::visit_mut::VisitMut>::visit_variant_mut
FNDA:0,enum_compatability_macro::document_compatibility::{closure#0}
FNDA:1,rust_out::main::_doctest_main_crates_enum_compatability_macro_src_lib_rs_103_0
FNDA:1,rust_out::main
FNDA:1,rust_out::main::_doctest_main_crates_enum_compatability_macro_src_lib_rs_117_0
FNDA:1,<enum_compatability_macro::RemoveCompatibleAttrs as syn::gen::visit_mut::VisitMut>::visit_variant_mut
FNDA:1,<enum_compatability_macro::RemoveCompatibleAttrs as syn::gen::visit_mut::VisitMut>::visit_variant_mut::{closure#0}
FNDA:0,<enum_compatability_macro::RemoveCompatibleAttrs as syn::gen::visit_mut::VisitMut>::visit_variant_mut::{closure#0}
FNDA:1,enum_compatability_macro::document_compatibility::{closure#0}
FNDA:0,enum_compatability_macro::document_compatibility
FNDA:1,enum_compatability_macro::document_compatibility
FNDA:1,rust_out::main::_doctest_main_crates_enum_compatability_macro_src_lib_rs_74_0
FNDA:0,<enum_compatability_macro::RemoveCompatibleAttrs as syn::gen::visit_mut::VisitMut>::visit_variant_mut::{closure#0}
FNDA:0,enum_compatability_macro::document_compatibility::{closure#0}
FNDA:0,<enum_compatability_macro::RemoveCompatibleAttrs as syn::gen::visit_mut::VisitMut>::visit_variant_mut
FNDA:0,enum_compatability_macro::document_compatibility
FNDA:0,<enum_compatability_macro::RemoveCompatibleAttrs as syn::gen::visit_mut::VisitMut>::visit_variant_mut
FNF:16
FNH:8
BRF:0
BRH:0
DA:38,186
DA:39,186
DA:40,186
DA:41,186
DA:42,186
DA:43,186
DA:44,186
DA:45,302
DA:46,302
DA:47,144
DA:48,158
DA:49,158
DA:50,158
DA:51,158
DA:52,341
DA:53,183
DA:54,183
DA:55,183
DA:56,183
DA:59,186
DA:60,156
DA:61,156
DA:62,156
DA:63,156
DA:64,156
DA:66,458
DA:67,186
DA:75,1
DA:87,1
DA:104,1
DA:116,1
DA:118,1
DA:129,1
DA:131,9
DA:133,9
DA:134,9
DA:137,186
DA:138,186
DA:139,302
DA:140,302
DA:141,144
DA:142,158
DA:143,158
DA:144,158
DA:145,158
DA:146,158
DA:147,341
DA:148,183
DA:149,183
DA:150,183
DA:151,24
DA:152,24
DA:153,24
DA:154,159
DA:155,159
DA:156,159
DA:164,9
DA:165,9
DA:166,9
DA:167,9
DA:168,9
DA:169,9
DA:170,9
DA:171,9
DA:172,24
DA:174,24
DA:177,183
DA:178,24
DA:179,24
DA:180,24
DA:181,183
DA:182,24
DA:183,183
DA:184,183
DA:185,183
DA:188,24
DA:191,9
DA:192,9
DA:193,9
DA:194,9
DA:195,9
DA:196,9
DA:197,9
LF:83
LH:83
end_of_record
SF:crates/tree_morph/src/commands.rs
FN:32,<tree_morph::commands::Commands<_, _>>::transform
FN:48,<tree_morph::commands::Commands<rust_out::Expr, ()>>::apply
FN:38,<tree_morph::commands::Commands<_, _>>::mut_meta
FN:48,<tree_morph::commands::Commands<_, _>>::apply
FN:38,<tree_morph::commands::Commands<add_mul::Expr, add_mul::Meta>>::mut_meta
FN:43,<tree_morph::commands::Commands<_, _>>::clear
FN:24,<tree_morph::commands::Commands<rust_out::Expr, ()>>::new
FN:24,<tree_morph::commands::Commands<_, _>>::new
FN:48,<tree_morph::commands::Commands<add_mul::Expr, add_mul::Meta>>::apply
FN:24,<tree_morph::commands::Commands<lambda_calc::Expr, u32>>::new
FN:48,<tree_morph::commands::Commands<lambda_calc::Expr, u32>>::apply
FN:24,<tree_morph::commands::Commands<add_mul::Expr, add_mul::Meta>>::new
FN:38,<tree_morph::commands::Commands<lambda_calc::Expr, u32>>::mut_meta
FNDA:0,<tree_morph::commands::Commands<_, _>>::transform
FNDA:1,<tree_morph::commands::Commands<rust_out::Expr, ()>>::apply
FNDA:0,<tree_morph::commands::Commands<_, _>>::mut_meta
FNDA:0,<tree_morph::commands::Commands<_, _>>::apply
FNDA:1,<tree_morph::commands::Commands<add_mul::Expr, add_mul::Meta>>::mut_meta
FNDA:0,<tree_morph::commands::Commands<_, _>>::clear
FNDA:1,<tree_morph::commands::Commands<rust_out::Expr, ()>>::new
FNDA:0,<tree_morph::commands::Commands<_, _>>::new
FNDA:1,<tree_morph::commands::Commands<add_mul::Expr, add_mul::Meta>>::apply
FNDA:1,<tree_morph::commands::Commands<lambda_calc::Expr, u32>>::new
FNDA:1,<tree_morph::commands::Commands<lambda_calc::Expr, u32>>::apply
FNDA:1,<tree_morph::commands::Commands<add_mul::Expr, add_mul::Meta>>::new
FNDA:1,<tree_morph::commands::Commands<lambda_calc::Expr, u32>>::mut_meta
FNF:13
FNH:8
BRF:0
BRH:0
DA:24,222
DA:25,222
DA:26,222
DA:27,222
DA:28,222
DA:32,0
DA:33,0
DA:34,0
DA:38,13
DA:39,13
DA:40,13
DA:43,0
DA:44,0
DA:45,0
DA:48,22
DA:49,35
DA:50,13
DA:51,0
DA:52,13
DA:55,22
DA:56,22
LF:21
LH:14
end_of_record
SF:crates/conjure_core/src/solver/adaptors/kissat.rs
FN:60,<conjure_core::solver::adaptors::kissat::Kissat as conjure_core::solver::SolverAdaptor>::get_family
FN:55,<conjure_core::solver::adaptors::kissat::Kissat as conjure_core::solver::SolverAdaptor>::load_model
FN:60,<conjure_core::solver::adaptors::kissat::Kissat as conjure_core::solver::SolverAdaptor>::get_family
FN:39,<conjure_core::solver::adaptors::kissat::Kissat as conjure_core::solver::SolverAdaptor>::solve
FN:39,<conjure_core::solver::adaptors::kissat::Kissat as conjure_core::solver::SolverAdaptor>::solve
FN:33,<conjure_core::solver::adaptors::kissat::Kissat as core::default::Default>::default
FN:33,<conjure_core::solver::adaptors::kissat::Kissat as core::default::Default>::default
FN:24,<conjure_core::solver::adaptors::kissat::Kissat>::new
FN:47,<conjure_core::solver::adaptors::kissat::Kissat as conjure_core::solver::SolverAdaptor>::solve_mut
FN:55,<conjure_core::solver::adaptors::kissat::Kissat as conjure_core::solver::SolverAdaptor>::load_model
FN:47,<conjure_core::solver::adaptors::kissat::Kissat as conjure_core::solver::SolverAdaptor>::solve_mut
FN:24,<conjure_core::solver::adaptors::kissat::Kissat>::new
FNDA:0,<conjure_core::solver::adaptors::kissat::Kissat as conjure_core::solver::SolverAdaptor>::get_family
FNDA:0,<conjure_core::solver::adaptors::kissat::Kissat as conjure_core::solver::SolverAdaptor>::load_model
FNDA:0,<conjure_core::solver::adaptors::kissat::Kissat as conjure_core::solver::SolverAdaptor>::get_family
FNDA:0,<conjure_core::solver::adaptors::kissat::Kissat as conjure_core::solver::SolverAdaptor>::solve
FNDA:0,<conjure_core::solver::adaptors::kissat::Kissat as conjure_core::solver::SolverAdaptor>::solve
FNDA:0,<conjure_core::solver::adaptors::kissat::Kissat as core::default::Default>::default
FNDA:0,<conjure_core::solver::adaptors::kissat::Kissat as core::default::Default>::default
FNDA:0,<conjure_core::solver::adaptors::kissat::Kissat>::new
FNDA:0,<conjure_core::solver::adaptors::kissat::Kissat as conjure_core::solver::SolverAdaptor>::solve_mut
FNDA:0,<conjure_core::solver::adaptors::kissat::Kissat as conjure_core::solver::SolverAdaptor>::load_model
FNDA:0,<conjure_core::solver::adaptors::kissat::Kissat as conjure_core::solver::SolverAdaptor>::solve_mut
FNDA:0,<conjure_core::solver::adaptors::kissat::Kissat>::new
FNF:12
FNH:0
BRF:0
BRH:0
DA:24,0
DA:25,0
DA:26,0
DA:27,0
DA:28,0
DA:29,0
DA:33,0
DA:34,0
DA:35,0
DA:39,0
DA:40,0
DA:41,0
DA:42,0
DA:43,0
DA:44,0
DA:45,0
DA:47,0
DA:48,0
DA:49,0
DA:50,0
DA:51,0
DA:52,0
DA:53,0
DA:55,0
DA:56,0
DA:57,0
DA:58,0
DA:60,0
DA:61,0
DA:62,0
LF:30
LH:0
end_of_record
SF:crates/conjure_core/src/rules/normalisers/bool.rs
FN:36,conjure_core::rules::normalisers::bool::distribute_or_over_and
FN:83,conjure_core::rules::normalisers::bool::CONJURE_GEN_RULE_DISTRIBUTE_NOT_OVER_AND::__typecheck::{closure#0}::{closure#0}
FN:35,conjure_core::rules::normalisers::bool::CONJURE_GEN_RULE_DISTRIBUTE_OR_OVER_AND::__typecheck::{closure#0}::{closure#0}
FN:120,conjure_core::rules::normalisers::bool::CONJURE_GEN_RULE_DISTRIBUTE_NOT_OVER_OR::__typecheck::{closure#0}::{closure#0}
FN:168,conjure_core::rules::normalisers::bool::remove_unit_vector_or
FN:149,conjure_core::rules::normalisers::bool::CONJURE_GEN_RULE_REMOVE_UNIT_VECTOR_AND::__typecheck::{closure#0}::{closure#0}
FN:150,conjure_core::rules::normalisers::bool::remove_unit_vector_and
FN:19,conjure_core::rules::normalisers::bool::CONJURE_GEN_RULE_REMOVE_DOUBLE_NEGATION::__typecheck::{closure#0}::{closure#0}
FN:149,conjure_core::rules::normalisers::bool::CONJURE_GEN_RULE_REMOVE_UNIT_VECTOR_AND::__typecheck::{closure#0}::{closure#0}
FN:84,conjure_core::rules::normalisers::bool::distribute_not_over_and
FN:121,conjure_core::rules::normalisers::bool::distribute_not_over_or
FN:167,conjure_core::rules::normalisers::bool::CONJURE_GEN_RULE_REMOVE_UNIT_VECTOR_OR::__typecheck::{closure#0}::{closure#0}
FN:37,conjure_core::rules::normalisers::bool::distribute_or_over_and::find_and
FN:20,conjure_core::rules::normalisers::bool::remove_double_negation
FN:36,conjure_core::rules::normalisers::bool::distribute_or_over_and
FN:19,conjure_core::rules::normalisers::bool::CONJURE_GEN_RULE_REMOVE_DOUBLE_NEGATION::__typecheck::{closure#0}::{closure#0}
FN:150,conjure_core::rules::normalisers::bool::remove_unit_vector_and
FN:120,conjure_core::rules::normalisers::bool::CONJURE_GEN_RULE_DISTRIBUTE_NOT_OVER_OR::__typecheck::{closure#0}::{closure#0}
FN:83,conjure_core::rules::normalisers::bool::CONJURE_GEN_RULE_DISTRIBUTE_NOT_OVER_AND::__typecheck::{closure#0}::{closure#0}
FN:168,conjure_core::rules::normalisers::bool::remove_unit_vector_or
FN:20,conjure_core::rules::normalisers::bool::remove_double_negation
FN:37,conjure_core::rules::normalisers::bool::distribute_or_over_and::find_and
FN:121,conjure_core::rules::normalisers::bool::distribute_not_over_or
FN:84,conjure_core::rules::normalisers::bool::distribute_not_over_and
FN:35,conjure_core::rules::normalisers::bool::CONJURE_GEN_RULE_DISTRIBUTE_OR_OVER_AND::__typecheck::{closure#0}::{closure#0}
FN:167,conjure_core::rules::normalisers::bool::CONJURE_GEN_RULE_REMOVE_UNIT_VECTOR_OR::__typecheck::{closure#0}::{closure#0}
FNDA:0,conjure_core::rules::normalisers::bool::distribute_or_over_and
FNDA:0,conjure_core::rules::normalisers::bool::CONJURE_GEN_RULE_DISTRIBUTE_NOT_OVER_AND::__typecheck::{closure#0}::{closure#0}
FNDA:0,conjure_core::rules::normalisers::bool::CONJURE_GEN_RULE_DISTRIBUTE_OR_OVER_AND::__typecheck::{closure#0}::{closure#0}
FNDA:0,conjure_core::rules::normalisers::bool::CONJURE_GEN_RULE_DISTRIBUTE_NOT_OVER_OR::__typecheck::{closure#0}::{closure#0}
FNDA:0,conjure_core::rules::normalisers::bool::remove_unit_vector_or
FNDA:0,conjure_core::rules::normalisers::bool::CONJURE_GEN_RULE_REMOVE_UNIT_VECTOR_AND::__typecheck::{closure#0}::{closure#0}
FNDA:0,conjure_core::rules::normalisers::bool::remove_unit_vector_and
FNDA:0,conjure_core::rules::normalisers::bool::CONJURE_GEN_RULE_REMOVE_DOUBLE_NEGATION::__typecheck::{closure#0}::{closure#0}
FNDA:0,conjure_core::rules::normalisers::bool::CONJURE_GEN_RULE_REMOVE_UNIT_VECTOR_AND::__typecheck::{closure#0}::{closure#0}
FNDA:1,conjure_core::rules::normalisers::bool::distribute_not_over_and
FNDA:0,conjure_core::rules::normalisers::bool::distribute_not_over_or
FNDA:0,conjure_core::rules::normalisers::bool::CONJURE_GEN_RULE_REMOVE_UNIT_VECTOR_OR::__typecheck::{closure#0}::{closure#0}
FNDA:0,conjure_core::rules::normalisers::bool::distribute_or_over_and::find_and
FNDA:1,conjure_core::rules::normalisers::bool::remove_double_negation
[...]
FNDA:0,<<<conjure_core::ast::expressions::Expression as serde::de::Deserialize>::deserialize::__Visitor as serde::de::Visitor>::visit_enum::__Visitor as serde::de::Visitor>::expecting
FNDA:0,<<<conjure_core::ast::expressions::Expression as serde::de::Deserialize>::deserialize::__Visitor as serde::de::Visitor>::visit_enum::__Visitor as serde::de::Visitor>::visit_seq::<serde_json::de::SeqAccess<serde_json::read::StrRead>>
FNDA:0,<<<conjure_core::ast::expressions::Expression as serde::de::Deserialize>::deserialize::__Visitor as serde::de::Visitor>::visit_enum::__Visitor as serde::de::Visitor>::visit_seq::<_>
FNDA:1,conjure_core::ast::expressions::expr_vec_to_domain_i32::{closure#0}
FNDA:0,<<<conjure_core::ast::expressions::Expression as serde::de::Deserialize>::deserialize::__Visitor as serde::de::Visitor>::visit_enum::__Visitor as serde::de::Visitor>::visit_seq::<serde_json::de::SeqAccess<serde_json::read::StrRead>>
FNDA:0,<<<conjure_core::ast::expressions::Expression as serde::de::Deserialize>::deserialize::__Visitor as serde::de::Visitor>::visit_enum::__Visitor as serde::de::Visitor>::expecting
FNDA:1,conjure_core::ast::expressions::tests::test_domain_of_constant_invalid_type
FNDA:0,<<<conjure_core::ast::expressions::Expression as serde::de::Deserialize>::deserialize::__Visitor as serde::de::Visitor>::visit_enum::__Visitor as serde::de::Visitor>::visit_seq::<serde_json::de::SeqAccess<serde_json::read::StrRead>>
FNDA:0,<<<conjure_core::ast::expressions::Expression as serde::de::Deserialize>::deserialize::__Visitor as serde::de::Visitor>::visit_enum::__Visitor as serde::de::Visitor>::visit_seq::<_>
FNDA:0,<<<conjure_core::ast::expressions::Expression as serde::de::Deserialize>::deserialize::__Visitor as serde::de::Visitor>::visit_enum::__Visitor as serde::de::Visitor>::expecting
FNDA:0,<<<conjure_core::ast::expressions::Expression as serde::de::Deserialize>::deserialize::__Visitor as serde::de::Visitor>::visit_enum::__Visitor as serde::de::Visitor>::expecting
FNDA:0,<<<conjure_core::ast::expressions::Expression as serde::de::Deserialize>::deserialize::__Visitor as serde::de::Visitor>::visit_enum::__Visitor as serde::de::Visitor>::expecting
FNDA:1,<conjure_core::ast::expressions::Expression>::domain_of::{closure#6}
FNDA:1,<conjure_core::ast::expressions::Expression>::return_type
FNDA:0,<<<conjure_core::ast::expressions::Expression as serde::de::Deserialize>::deserialize::__Visitor as serde::de::Visitor>::visit_enum::__Visitor as serde::de::Visitor>::expecting
FNDA:0,<<<conjure_core::ast::expressions::Expression as serde::de::Deserialize>::deserialize::__Visitor as serde::de::Visitor>::visit_enum::__Visitor as serde::de::Visitor>::visit_seq::<_>
FNDA:1,conjure_core::ast::expressions::tests::test_domain_of_constant_sum
FNDA:0,<<<conjure_core::ast::expressions::Expression as serde::de::Deserialize>::deserialize::__Visitor as serde::de::Visitor>::visit_enum::__Visitor as serde::de::Visitor>::visit_seq::<_>
FNDA:0,<<<conjure_core::ast::expressions::Expression as serde::de::Deserialize>::deserialize::__Visitor as serde::de::Visitor>::visit_enum::__Visitor as serde::de::Visitor>::visit_seq::<_>
FNDA:1,conjure_core::ast::expressions::expr_vec_to_domain_i32::{closure#1}::{closure#0}
FNDA:0,<<<conjure_core::ast::expressions::Expression as serde::de::Deserialize>::deserialize::__Visitor as serde::de::Visitor>::visit_enum::__Visitor as serde::de::Visitor>::visit_seq::<serde_json::de::SeqAccess<serde_json::read::StrRead>>
FNDA:0,<<<conjure_core::ast::expressions::Expression as serde::de::Deserialize>::deserialize::__Visitor as serde::de::Visitor>::visit_enum::__Visitor as serde::de::Visitor>::visit_seq::<_>
FNDA:0,<<<conjure_core::ast::expressions::Expression as serde::de::Deserialize>::deserialize::__Visitor as serde::de::Visitor>::visit_enum::__Visitor as serde::de::Visitor>::visit_seq::<_>
FNDA:0,<<<conjure_core::ast::expressions::Expression as serde::de::Deserialize>::deserialize::__Visitor as serde::de::Visitor>::visit_enum::__Visitor as serde::de::Visitor>::expecting
FNDA:0,<<<conjure_core::ast::expressions::Expression as serde::de::Deserialize>::deserialize::__Visitor as serde::de::Visitor>::visit_enum::__Visitor as serde::de::Visitor>::expecting
FNDA:0,<<<conjure_core::ast::expressions::Expression as serde::de::Deserialize>::deserialize::__Visitor as serde::de::Visitor>::visit_enum::__Visitor as serde::de::Visitor>::visit_seq::<_>
FNDA:0,<<<conjure_core::ast::expressions::Expression as serde::de::Deserialize>::deserialize::__Visitor as serde::de::Visitor>::visit_enum::__Visitor as serde::de::Visitor>::visit_seq::<_>
FNDA:0,<conjure_core::ast::expressions::Expression>::domain_of::{closure#7}
FNDA:0,<<<conjure_core::ast::expressions::Expression as serde::de::Deserialize>::deserialize::__Visitor as serde::de::Visitor>::visit_enum::__Visitor as serde::de::Visitor>::expecting
FNDA:0,<<<conjure_core::ast::expressions::Expression as serde::de::Deserialize>::deserialize::__Visitor as serde::de::Visitor>::visit_enum::__Visitor as serde::de::Visitor>::visit_seq::<serde_json::de::SeqAccess<serde_json::read::StrRead>>
FNDA:0,<<<conjure_core::ast::expressions::Expression as serde::de::Deserialize>::deserialize::__Visitor as serde::de::Visitor>::visit_enum::__Visitor as serde::de::Visitor>::visit_seq::<_>
FNDA:0,<<<conjure_core::ast::expressions::Expression as serde::de::Deserialize>::deserialize::__Visitor as serde::de::Visitor>::visit_enum::__Visitor as serde::de::Visitor>::expecting
FNDA:0,<conjure_core::ast::expressions::Expression>::can_be_undefined
FNDA:0,<<<conjure_core::ast::expressions::Expression as serde::de::Deserialize>::deserialize::__Visitor as serde::de::Visitor>::visit_enum::__Visitor as serde::de::Visitor>::visit_seq::<_>
FNDA:0,<<<conjure_core::ast::expressions::Expression as serde::de::Deserialize>::deserialize::__Visitor as serde::de::Visitor>::visit_enum::__Visitor as serde::de::Visitor>::visit_seq::<serde_json::de::SeqAccess<serde_json::read::StrRead>>
FNDA:0,<<<conjure_core::ast::expressions::Expression as serde::de::Deserialize>::deserialize::__Visitor as serde::de::Visitor>::visit_enum::__Visitor as serde::de::Visitor>::visit_seq::<serde_json::de::SeqAccess<serde_json::read::StrRead>>
FNDA:0,<<<conjure_core::ast::expressions::Expression as serde::de::Deserialize>::deserialize::__Visitor as serde::de::Visitor>::visit_enum::__Visitor as serde::de::Visitor>::visit_seq::<_>
FNDA:1,<conjure_core::ast::expressions::Expression>::get_meta
FNDA:0,<<<conjure_core::ast::expressions::Expression as serde::de::Deserialize>::deserialize::__Visitor as serde::de::Visitor>::visit_enum::__Visitor as serde::de::Visitor>::visit_seq::<_>
FNDA:0,<conjure_core::ast::expressions::Expression>::set_meta
FNDA:1,<conjure_core::ast::expressions::Expression>::domain_of::{closure#1}
FNDA:0,<conjure_core::ast::expressions::Expression>::domain_of::{closure#7}
FNDA:0,<<<conjure_core::ast::expressions::Expression as serde::de::Deserialize>::deserialize::__Visitor as serde::de::Visitor>::visit_enum::__Visitor as serde::de::Visitor>::visit_seq::<serde_json::de::SeqAccess<serde_json::read::StrRead>>
FNDA:0,<<<conjure_core::ast::expressions::Expression as serde::de::Deserialize>::deserialize::__Visitor as serde::de::Visitor>::visit_enum::__Visitor as serde::de::Visitor>::visit_seq::<serde_json::de::SeqAccess<serde_json::read::StrRead>>
FNDA:0,<<<conjure_core::ast::expressions::Expression as serde::de::Deserialize>::deserialize::__Visitor as serde::de::Visitor>::visit_enum::__Visitor as serde::de::Visitor>::visit_seq::<_>
FNDA:1,<conjure_core::ast::expressions::Expression as core::convert::From<conjure_core::ast::atom::Atom>>::from
FNDA:0,<<<conjure_core::ast::expressions::Expression as serde::de::Deserialize>::deserialize::__Visitor as serde::de::Visitor>::visit_enum::__Visitor as serde::de::Visitor>::expecting
FNDA:1,<conjure_core::ast::expressions::Expression>::domain_of::{closure#4}
FNDA:0,<<<conjure_core::ast::expressions::Expression as serde::de::Deserialize>::deserialize::__Visitor as serde::de::Visitor>::visit_enum::__Visitor as serde::de::Visitor>::visit_seq::<_>
FNDA:0,<<<conjure_core::ast::expressions::Expression as serde::de::Deserialize>::deserialize::__Visitor as serde::de::Visitor>::visit_enum::__Visitor as serde::de::Visitor>::expecting
FNDA:0,<<<conjure_core::ast::expressions::Expression as serde::de::Deserialize>::deserialize::__Visitor as serde::de::Visitor>::visit_enum::__Visitor as serde::de::Visitor>::expecting
FNDA:1,conjure_core::ast::expressions::range_vec_bounds_i32
FNDA:0,<conjure_core::ast::expressions::Expression>::set_meta::{closure#0}
FNDA:0,<<<conjure_core::ast::expressions::Expression as serde::de::Deserialize>::deserialize::__Visitor as serde::de::Visitor>::visit_enum::__Visitor as serde::de::Visitor>::visit_seq::<serde_json::de::SeqAccess<serde_json::read::StrRead>>
FNDA:1,conjure_core::ast::expressions::expr_vec_to_domain_i32::{closure#1}::{closure#0}::{closure#0}
FNDA:0,<<<conjure_core::ast::expressions::Expression as serde::de::Deserialize>::deserialize::__Visitor as serde::de::Visitor>::visit_enum::__Visitor as serde::de::Visitor>::visit_seq::<_>
FNDA:0,<<<conjure_core::ast::expressions::Expression as serde::de::Deserialize>::deserialize::__Visitor as serde::de::Visitor>::visit_enum::__Visitor as serde::de::Visitor>::visit_seq::<_>
FNDA:1,conjure_core::ast::expressions::expr_vec_to_domain_i32::{closure#1}::{closure#0}
FNDA:0,<conjure_core::ast::expressions::Expression>::domain_of::{closure#6}
FNDA:0,<<<conjure_core::ast::expressions::Expression as serde::de::Deserialize>::deserialize::__Visitor as serde::de::Visitor>::visit_enum::__Visitor as serde::de::Visitor>::expecting
FNDA:0,<<conjure_core::ast::expressions::Expression as serde::de::Deserialize>::deserialize::__FieldVisitor as serde::de::Visitor>::expecting
FNDA:1,conjure_core::ast::expressions::tests::test_domain_of_reference_not_found
FNDA:0,<<<conjure_core::ast::expressions::Expression as serde::de::Deserialize>::deserialize::__Visitor as serde::de::Visitor>::visit_enum::__Visitor as serde::de::Visitor>::visit_seq::<serde_json::de::SeqAccess<serde_json::read::StrRead>>
FNDA:0,<<<conjure_core::ast::expressions::Expression as serde::de::Deserialize>::deserialize::__Visitor as serde::de::Visitor>::visit_enum::__Visitor as serde::de::Visitor>::visit_seq::<serde_json::de::SeqAccess<serde_json::read::StrRead>>
FNDA:0,<<<conjure_core::ast::expressions::Expression as serde::de::Deserialize>::deserialize::__Visitor as serde::de::Visitor>::visit_enum::__Visitor as serde::de::Visitor>::expecting
FNDA:0,<<<conjure_core::ast::expressions::Expression as serde::de::Deserialize>::deserialize::__Visitor as serde::de::Visitor>::visit_enum::__Visitor as serde::de::Visitor>::expecting
FNDA:0,<<<conjure_core::ast::expressions::Expression as serde::de::Deserialize>::deserialize::__Visitor as serde::de::Visitor>::visit_enum::__Visitor as serde::de::Visitor>::visit_seq::<_>
FNDA:0,<<<conjure_core::ast::expressions::Expression as serde::de::Deserialize>::deserialize::__Visitor as serde::de::Visitor>::visit_enum::__Visitor as serde::de::Visitor>::visit_seq::<_>
FNDA:0,<<<conjure_core::ast::expressions::Expression as serde::de::Deserialize>::deserialize::__Visitor as serde::de::Visitor>::visit_enum::__Visitor as serde::de::Visitor>::expecting
FNDA:1,<conjure_core::ast::expressions::Expression>::domain_of
FNDA:1,conjure_core::ast::expressions::expr_vec_to_domain_i32::{closure#1}
FNDA:1,<conjure_core::ast::expressions::Expression>::as_atom
FNDA:0,<<<conjure_core::ast::expressions::Expression as serde::de::Deserialize>::deserialize::__Visitor as serde::de::Visitor>::visit_enum::__Visitor as serde::de::Visitor>::expecting
FNDA:0,<<<conjure_core::ast::expressions::Expression as serde::de::Deserialize>::deserialize::__Visitor as serde::de::Visitor>::visit_enum::__Visitor as serde::de::Visitor>::visit_seq::<_>
FNDA:0,<<<conjure_core::ast::expressions::Expression as serde::de::Deserialize>::deserialize::__Visitor as serde::de::Visitor>::visit_enum::__Visitor as serde::de::Visitor>::visit_seq::<_>
FNDA:0,<<<conjure_core::ast::expressions::Expression as serde::de::Deserialize>::deserialize::__Visitor as serde::de::Visitor>::visit_enum::__Visitor as serde::de::Visitor>::visit_seq::<serde_json::de::SeqAccess<serde_json::read::StrRead>>
FNDA:0,<<<conjure_core::ast::expressions::Expression as serde::de::Deserialize>::deserialize::__Visitor as serde::de::Visitor>::visit_enum::__Visitor as serde::de::Visitor>::visit_seq::<serde_json::de::SeqAccess<serde_json::read::StrRead>>
FNDA:0,<<<conjure_core::ast::expressions::Expression as serde::de::Deserialize>::deserialize::__Visitor as serde::de::Visitor>::visit_enum::__Visitor as serde::de::Visitor>::visit_seq::<serde_json::de::SeqAccess<serde_json::read::StrRead>>
FNDA:0,<<<conjure_core::ast::expressions::Expression as serde::de::Deserialize>::deserialize::__Visitor as serde::de::Visitor>::visit_enum::__Visitor as serde::de::Visitor>::visit_seq::<_>
FNDA:0,<<<conjure_core::ast::expressions::Expression as serde::de::Deserialize>::deserialize::__Visitor as serde::de::Visitor>::visit_enum::__Visitor as serde::de::Visitor>::expecting
FNDA:0,<<<conjure_core::ast::expressions::Expression as serde::de::Deserialize>::deserialize::__Visitor as serde::de::Visitor>::visit_enum::__Visitor as serde::de::Visitor>::expecting
FNDA:0,<conjure_core::ast::expressions::Expression>::domain_of::{closure#3}
FNDA:0,<conjure_core::ast::expressions::Expression>::set_meta
FNDA:0,<<<conjure_core::ast::expressions::Expression as serde::de::Deserialize>::deserialize::__Visitor as serde::de::Visitor>::visit_enum::__Visitor as serde::de::Visitor>::visit_seq::<_>
FNDA:0,<<<conjure_core::ast::expressions::Expression as serde::de::Deserialize>::deserialize::__Visitor as serde::de::Visitor>::visit_enum::__Visitor as serde::de::Visitor>::visit_seq::<serde_json::de::SeqAccess<serde_json::read::StrRead>>
FNDA:0,<<<conjure_core::ast::expressions::Expression as serde::de::Deserialize>::deserialize::__Visitor as serde::de::Visitor>::visit_enum::__Visitor as serde::de::Visitor>::visit_seq::<_>
FNDA:0,<conjure_core::ast::expressions::Expression>::domain_of::{closure#5}
FNDA:1,conjure_core::ast::expressions::tests::test_domain_of_reference_sum_bounded
FNDA:0,<<<conjure_core::ast::expressions::Expression as serde::de::Deserialize>::deserialize::__Visitor as serde::de::Visitor>::visit_enum::__Visitor as serde::de::Visitor>::visit_seq::<_>
FNDA:0,conjure_core::ast::expressions::display_expressions
FNDA:0,<conjure_core::ast::expressions::Expression>::return_type
FNDA:0,<<<conjure_core::ast::expressions::Expression as serde::de::Deserialize>::deserialize::__Visitor as serde::de::Visitor>::visit_enum::__Visitor as serde::de::Visitor>::expecting
FNDA:0,<<<conjure_core::ast::expressions::Expression as serde::de::Deserialize>::deserialize::__Visitor as serde::de::Visitor>::visit_enum::__Visitor as serde::de::Visitor>::visit_seq::<_>
FNDA:0,<<<conjure_core::ast::expressions::Expression as serde::de::Deserialize>::deserialize::__Visitor as serde::de::Visitor>::visit_enum::__Visitor as serde::de::Visitor>::expecting
FNDA:0,<<conjure_core::ast::expressions::Expression as serde::de::Deserialize>::deserialize::__Field as serde::de::Deserialize>::deserialize::<_>
FNF:224
FNH:37
BRF:0
BRH:0
DA:23,7380
DA:154,175
DA:155,175
DA:156,175
DA:157,175
DA:158,175
DA:159,348
DA:160,175
DA:161,175
DA:162,175
DA:163,175
DA:164,175
DA:166,919
DA:167,919
DA:168,919
DA:169,28582
DA:170,27663
DA:171,27663
DA:172,27663
DA:173,1276
DA:174,26387
DA:175,27663
DA:176,4967
DA:177,22698
DA:179,0
DA:180,0
DA:181,0
DA:182,0
DA:183,0
DA:184,0
DA:185,0
DA:189,919
DA:190,919
DA:194,2667
DA:195,2666
DA:196,1689
DA:197,54
DA:198,54
DA:200,1
DA:201,6
DA:202,102
DA:203,1683
DA:205,68
DA:206,884
DA:208,0
DA:209,0
DA:210,0
DA:212,374
DA:213,374
DA:214,17323
DA:215,374
DA:218,374
DA:219,374
DA:220,374
DA:221,374
DA:222,374
DA:224,0
DA:225,0
DA:228,0
DA:229,0
DA:230,0
DA:233,374
DA:234,374
DA:235,11849
DA:236,374
DA:239,374
DA:240,374
DA:241,374
DA:242,374
DA:243,374
DA:245,0
DA:246,0
DA:250,0
DA:251,0
DA:252,0
DA:253,0
DA:254,0
DA:255,0
DA:256,0
DA:257,0
DA:258,0
DA:259,0
DA:260,0
DA:261,0
DA:262,0
DA:263,0
DA:264,0
DA:265,0
DA:266,0
DA:267,0
DA:268,0
DA:269,0
DA:270,0
DA:271,0
DA:272,0
DA:275,0
DA:276,0
DA:277,0
DA:278,0
DA:282,0
DA:284,0
DA:285,0
DA:286,0
DA:289,2663
DA:292,2663
DA:293,919
DA:294,919
DA:296,1747
DA:298,2667
DA:300,17
DA:301,17
DA:302,17
DA:304,0
DA:305,0
DA:306,0
DA:308,6460
DA:309,6460
DA:310,6460
DA:311,1360
DA:312,442
DA:313,442
DA:314,4216
DA:316,6460
DA:318,1190
DA:319,0
DA:320,0
DA:321,0
DA:322,0
DA:323,0
DA:324,0
DA:325,0
DA:326,0
DA:327,0
DA:328,0
DA:329,510
DA:330,136
DA:331,0
DA:332,0
DA:333,0
DA:334,0
DA:335,221
DA:336,51
DA:337,0
DA:338,0
DA:339,0
DA:340,0
DA:341,0
DA:342,0
DA:343,0
DA:344,0
DA:345,0
DA:346,0
DA:347,51
DA:348,221
DA:349,0
DA:350,0
DA:351,0
DA:353,1190
DA:355,0
DA:356,0
DA:357,0
DA:358,0
DA:360,0
DA:361,0
DA:362,0
DA:363,0
DA:364,0
DA:366,20196
DA:367,20196
DA:368,12614
DA:370,7582
DA:372,20196
DA:375,8243385
DA:376,7794840
DA:377,8243385
DA:380,8243385
DA:383,6239
DA:384,6239
DA:385,6239
DA:386,6239
DA:387,6239
DA:388,6239
DA:389,10693
DA:390,6239
DA:391,6239
DA:392,6239
DA:393,6239
DA:394,6239
DA:395,6239
DA:396,6239
DA:397,6239
DA:398,6239
DA:399,6239
DA:400,6239
DA:403,442
DA:404,442
DA:405,442
DA:409,0
DA:410,0
DA:411,0
DA:415,1853
DA:416,1853
DA:417,1853
DA:421,64872
DA:422,64872
DA:423,36176
DA:424,595
DA:425,595
DA:427,357
DA:428,357
DA:430,221
DA:431,221
DA:433,731
DA:434,731
DA:436,748
DA:437,748
DA:439,3672
DA:440,3672
DA:442,2992
DA:443,2992
DA:445,5372
DA:446,5372
DA:448,408
DA:449,408
DA:451,561
DA:452,561
DA:454,0
DA:455,0
DA:457,17
DA:458,17
DA:460,272
DA:461,272
DA:462,272
DA:463,272
DA:464,272
DA:465,272
DA:466,272
DA:468,119
DA:469,119
DA:471,221
DA:472,221
DA:474,578
DA:475,578
DA:476,578
DA:477,578
DA:478,578
DA:479,578
DA:480,578
DA:481,34
DA:482,34
DA:484,1972
DA:485,1972
DA:487,3400
DA:488,3400
DA:490,680
DA:491,680
DA:493,272
DA:494,272
DA:495,272
DA:496,272
DA:497,272
DA:498,272
DA:499,272
DA:500,272
DA:502,272
DA:503,272
DA:504,272
DA:505,272
DA:506,272
DA:507,272
DA:508,272
DA:509,272
DA:512,34
DA:513,34
DA:515,0
DA:516,0
DA:518,680
DA:519,680
DA:521,680
DA:522,680
DA:524,3400
DA:525,3400
DA:527,408
DA:528,408
DA:530,0
DA:531,0
DA:534,64872
DA:544,1
DA:545,1
DA:546,1
DA:547,1
DA:548,1
DA:549,1
DA:550,1
DA:551,1
DA:552,1
DA:555,1
DA:556,1
DA:557,1
DA:558,1
DA:559,1
DA:560,1
DA:563,1
DA:564,1
DA:565,1
DA:566,1
DA:569,1
DA:570,1
DA:571,1
DA:572,1
DA:573,1
DA:574,1
DA:575,1
DA:576,1
DA:577,1
DA:578,1
DA:579,1
DA:580,1
DA:583,1
DA:584,1
DA:585,1
DA:586,1
DA:589,1
DA:590,1
DA:591,1
DA:592,1
DA:593,1
DA:594,1
DA:595,1
DA:596,1
DA:597,1
DA:598,1
DA:599,1
DA:600,1
DA:601,1
DA:604,1
DA:605,1
DA:606,1
DA:607,1
DA:608,1
DA:609,1
DA:610,1
DA:611,1
DA:612,1
DA:613,1
DA:614,1
DA:615,1
DA:616,1
LF:348
LH:252
end_of_record
SF:crates/tree_morph/src/lib.rs
FN:105,rust_out::main
FN:140,rust_out::bx
FN:43,<rust_out::ReductionRule as tree_morph::rule::Rule<rust_out::Expr, ()>>::apply
FNDA:1,rust_out::main
FNDA:1,rust_out::bx
FNDA:1,<rust_out::ReductionRule as tree_morph::rule::Rule<rust_out::Expr, ()>>::apply
FNF:3
FNH:3
BRF:0
BRH:0
DA:43,153
DA:47,153
DA:48,12
DA:49,12
DA:50,12
DA:51,23
DA:53,11
DA:54,11
DA:55,21
DA:57,6
DA:58,6
DA:59,6
DA:60,20
DA:62,5
DA:63,5
DA:64,5
DA:65,20
DA:67,20
DA:68,1
DA:69,1
DA:70,0
DA:72,19
DA:74,26
DA:75,13
DA:76,1
DA:77,12
DA:79,7
DA:80,1
DA:81,6
DA:83,1
DA:84,0
DA:85,1
DA:87,5
DA:89,19
DA:90,9
DA:91,1
DA:92,8
DA:94,5
DA:95,1
DA:96,4
DA:98,5
DA:101,153
DA:105,1
DA:109,1
DA:110,1
DA:111,1
DA:112,1
DA:113,1
DA:114,1
DA:115,1
DA:116,1
DA:117,1
DA:118,1
DA:119,1
DA:120,1
DA:121,1
DA:122,1
DA:123,1
DA:124,1
DA:125,1
DA:126,1
DA:127,1
DA:128,1
DA:129,1
DA:130,1
DA:131,1
DA:132,1
DA:133,1
DA:134,1
DA:135,1
DA:136,1
DA:137,1
DA:138,1
DA:140,20
DA:141,20
DA:142,20
LF:76
LH:74
end_of_record
